#
# There is insufficient memory for the Java Runtime Environment to continue.
# Native memory allocation (malloc) failed to allocate 1780704 bytes for Chunk::new
# Possible reasons:
#   The system is out of physical RAM or swap space
#   The process is running with CompressedOops enabled, and the Java Heap may be blocking the growth of the native heap
# Possible solutions:
#   Reduce memory load on the system
#   Increase physical memory or swap space
#   Check if swap backing store is full
#   Decrease Java heap size (-Xmx/-Xms)
#   Decrease number of Java threads
#   Decrease Java thread stack sizes (-Xss)
#   Set larger code cache with -XX:ReservedCodeCacheSize=
#   JVM is running with Unscaled Compressed Oops mode in which the Java heap is
#     placed in the first 4GB address space. The Java Heap base address is the
#     maximum limit for the native heap growth. Please use -XX:HeapBaseMinAddress
#     to set the Java Heap base and to place the Java Heap above 4GB virtual address.
# This output file may be truncated or incomplete.
#
#  Out of Memory Error (allocation.cpp:389), pid=5600, tid=0x0000000000003ef4
#
# JRE version: OpenJDK Runtime Environment (8.0_242-b01) (build 1.8.0_242-release-1644-b01)
# Java VM: OpenJDK 64-Bit Server VM (25.242-b01 mixed mode windows-amd64 compressed oops)
# Failed to write core dump. Minidumps are not enabled by default on client versions of Windows
#

---------------  T H R E A D  ---------------

Current thread (0x0000000017d3c000):  JavaThread "C2 CompilerThread1" daemon [_thread_in_native, id=16116, stack(0x0000000019490000,0x0000000019590000)]

Stack: [0x0000000019490000,0x0000000019590000]
[error occurred during error reporting (printing stack bounds), id 0xc0000005]

Native frames: (J=compiled Java code, j=interpreted, Vv=VM code, C=native code)


Current CompileTask:
C2:  53884 14242       4       com.android.tools.r8.ir.regalloc.a::a (1761 bytes)


---------------  P R O C E S S  ---------------

Java Threads: ( => current thread )
  0x000000002016c000 JavaThread "stdout" [_thread_in_native, id=15864, stack(0x000000002c910000,0x000000002ca10000)]
  0x0000000020169800 JavaThread "stderr" [_thread_in_native, id=14548, stack(0x000000002c810000,0x000000002c910000)]
  0x000000002016b000 JavaThread "stdout" [_thread_in_native, id=10324, stack(0x000000002c710000,0x000000002c810000)]
  0x0000000020169000 JavaThread "stderr" [_thread_in_native, id=2224, stack(0x000000002c610000,0x000000002c710000)]
  0x000000002016a800 JavaThread "stdout" [_thread_in_native, id=12720, stack(0x000000002c510000,0x000000002c610000)]
  0x000000002016e000 JavaThread "stderr" [_thread_in_native, id=8148, stack(0x000000002c410000,0x000000002c510000)]
  0x000000002016c800 JavaThread "stdout" [_thread_in_native, id=16020, stack(0x000000002c310000,0x000000002c410000)]
  0x0000000020161800 JavaThread "stderr" [_thread_in_native, id=7368, stack(0x000000002c210000,0x000000002c310000)]
  0x0000000020168000 JavaThread "pool-2-thread-1" [_thread_blocked, id=8668, stack(0x000000002c110000,0x000000002c210000)]
  0x0000000020167800 JavaThread "WorkerExecutor Queue Thread 4" [_thread_blocked, id=2332, stack(0x000000002c010000,0x000000002c110000)]
  0x0000000020160800 JavaThread "WorkerExecutor Queue Thread 3" [_thread_blocked, id=17032, stack(0x000000002bf10000,0x000000002c010000)]
  0x0000000020160000 JavaThread "WorkerExecutor Queue Thread 2" [_thread_blocked, id=14544, stack(0x000000002adf0000,0x000000002aef0000)]
  0x0000000020166800 JavaThread "WorkerExecutor Queue" [_thread_blocked, id=14532, stack(0x000000002aaf0000,0x000000002abf0000)]
  0x0000000020164800 JavaThread "Cache worker for execution history cache (C:\Users\lea\Desktop\dimot\Dimot_Bekalot\.gradle\6.5\executionHistory)" [_thread_blocked, id=14224, stack(0x000000002a5f0000,0x000000002a6f0000)]
  0x0000000020163800 JavaThread "Execution worker for ':' Thread 3" [_thread_blocked, id=1864, stack(0x000000002a4f0000,0x000000002a5f0000)]
  0x0000000020162000 JavaThread "Execution worker for ':' Thread 2" [_thread_in_Java, id=3132, stack(0x000000002a3f0000,0x000000002a4f0000)]
  0x000000001f895800 JavaThread "Execution worker for ':'" [_thread_blocked, id=15720, stack(0x000000002a2f0000,0x000000002a3f0000)]
  0x000000001f897800 JavaThread "Cache worker for file content cache (C:\Users\lea\Desktop\dimot\Dimot_Bekalot\.gradle\6.5\fileContent)" [_thread_blocked, id=3008, stack(0x0000000029fb0000,0x000000002a0b0000)]
  0x000000001f894800 JavaThread "Memory manager" [_thread_blocked, id=6016, stack(0x0000000028210000,0x0000000028310000)]
  0x000000001f897000 JavaThread "Cache worker for Build Output Cleanup Cache (C:\Users\lea\Desktop\dimot\Dimot_Bekalot\.gradle\buildOutputCleanup)" [_thread_blocked, id=16372, stack(0x0000000027d10000,0x0000000027e10000)]
  0x000000001f892800 JavaThread "jar transforms Thread 94" [_thread_blocked, id=8000, stack(0x0000000027810000,0x0000000027910000)]
  0x000000001f893000 JavaThread "jar transforms Thread 93" [_thread_blocked, id=1144, stack(0x0000000027710000,0x0000000027810000)]
  0x000000001f898800 JavaThread "jar transforms Thread 92" [_thread_blocked, id=264, stack(0x0000000027610000,0x0000000027710000)]
  0x000000001f896000 JavaThread "jar transforms Thread 91" [_thread_blocked, id=672, stack(0x0000000027510000,0x0000000027610000)]
  0x000000001f88b000 JavaThread "jar transforms Thread 90" [_thread_blocked, id=5868, stack(0x0000000027410000,0x0000000027510000)]
  0x000000001f891800 JavaThread "jar transforms Thread 89" [_thread_blocked, id=768, stack(0x0000000027310000,0x0000000027410000)]
  0x000000001f891000 JavaThread "jar transforms Thread 88" [_thread_blocked, id=17092, stack(0x0000000027210000,0x0000000027310000)]
  0x000000001f890000 JavaThread "jar transforms Thread 87" [_thread_blocked, id=6704, stack(0x0000000027110000,0x0000000027210000)]
  0x000000001f88e800 JavaThread "jar transforms Thread 86" [_thread_blocked, id=8532, stack(0x0000000027010000,0x0000000027110000)]
  0x000000001f88f800 JavaThread "jar transforms Thread 85" [_thread_blocked, id=14268, stack(0x0000000026f10000,0x0000000027010000)]
  0x000000001f88d000 JavaThread "jar transforms Thread 84" [_thread_blocked, id=7612, stack(0x0000000026e10000,0x0000000026f10000)]
  0x000000001f88c800 JavaThread "jar transforms Thread 83" [_thread_blocked, id=6864, stack(0x0000000026d10000,0x0000000026e10000)]
  0x000000001f88b800 JavaThread "jar transforms Thread 82" [_thread_blocked, id=3760, stack(0x0000000026c10000,0x0000000026d10000)]
  0x000000001f889800 JavaThread "jar transforms Thread 81" [_thread_blocked, id=248, stack(0x0000000026b10000,0x0000000026c10000)]
  0x000000001f88a000 JavaThread "jar transforms Thread 80" [_thread_blocked, id=16472, stack(0x0000000026a10000,0x0000000026b10000)]
  0x000000001f88e000 JavaThread "jar transforms Thread 79" [_thread_blocked, id=12236, stack(0x0000000026910000,0x0000000026a10000)]
  0x000000001f45e800 JavaThread "jar transforms Thread 78" [_thread_blocked, id=4924, stack(0x0000000026810000,0x0000000026910000)]
  0x000000001f45e000 JavaThread "jar transforms Thread 77" [_thread_blocked, id=1908, stack(0x0000000026710000,0x0000000026810000)]
  0x000000001f45d000 JavaThread "jar transforms Thread 76" [_thread_blocked, id=15036, stack(0x0000000026610000,0x0000000026710000)]
  0x000000001f45b800 JavaThread "jar transforms Thread 75" [_thread_blocked, id=2904, stack(0x0000000026510000,0x0000000026610000)]
  0x000000001f45c800 JavaThread "jar transforms Thread 74" [_thread_blocked, id=14916, stack(0x0000000026410000,0x0000000026510000)]
  0x000000001f45f800 JavaThread "jar transforms Thread 73" [_thread_blocked, id=1656, stack(0x0000000026310000,0x0000000026410000)]
  0x000000001f45b000 JavaThread "jar transforms Thread 72" [_thread_blocked, id=16708, stack(0x0000000026210000,0x0000000026310000)]
  0x000000001f45a000 JavaThread "jar transforms Thread 71" [_thread_blocked, id=10844, stack(0x0000000026110000,0x0000000026210000)]
  0x000000001f452800 JavaThread "jar transforms Thread 70" [_thread_blocked, id=8928, stack(0x0000000026010000,0x0000000026110000)]
  0x000000001f459800 JavaThread "jar transforms Thread 69" [_thread_blocked, id=7120, stack(0x0000000025f10000,0x0000000026010000)]
  0x000000001f458800 JavaThread "jar transforms Thread 68" [_thread_blocked, id=2596, stack(0x0000000025e10000,0x0000000025f10000)]
  0x000000001f454000 JavaThread "jar transforms Thread 67" [_thread_blocked, id=11664, stack(0x0000000025d10000,0x0000000025e10000)]
  0x000000001f451000 JavaThread "jar transforms Thread 66" [_thread_blocked, id=9404, stack(0x0000000025c10000,0x0000000025d10000)]
  0x000000001f455000 JavaThread "jar transforms Thread 65" [_thread_blocked, id=11564, stack(0x0000000025b10000,0x0000000025c10000)]
  0x000000001f458000 JavaThread "jar transforms Thread 64" [_thread_blocked, id=17200, stack(0x0000000025a10000,0x0000000025b10000)]
  0x000000001f457000 JavaThread "jar transforms Thread 63" [_thread_blocked, id=3168, stack(0x0000000025910000,0x0000000025a10000)]
  0x000000001f455800 JavaThread "jar transforms Thread 62" [_thread_blocked, id=1612, stack(0x0000000025810000,0x0000000025910000)]
  0x000000001f452000 JavaThread "jar transforms Thread 61" [_thread_blocked, id=12976, stack(0x0000000025710000,0x0000000025810000)]
  0x000000001f453800 JavaThread "jar transforms Thread 60" [_thread_blocked, id=4644, stack(0x0000000025610000,0x0000000025710000)]
  0x000000001f456800 JavaThread "jar transforms Thread 59" [_thread_blocked, id=11464, stack(0x0000000025510000,0x0000000025610000)]
  0x000000001f450800 JavaThread "jar transforms Thread 58" [_thread_blocked, id=5996, stack(0x0000000025410000,0x0000000025510000)]
  0x000000001edb5800 JavaThread "jar transforms Thread 57" [_thread_blocked, id=8644, stack(0x0000000025310000,0x0000000025410000)]
  0x000000001edb5000 JavaThread "jar transforms Thread 56" [_thread_blocked, id=1836, stack(0x0000000025210000,0x0000000025310000)]
  0x000000001edb8000 JavaThread "jar transforms Thread 55" [_thread_blocked, id=17036, stack(0x0000000025110000,0x0000000025210000)]
  0x000000001edbb000 JavaThread "jar transforms Thread 54" [_thread_blocked, id=1832, stack(0x0000000025010000,0x0000000025110000)]
  0x000000001edb3800 JavaThread "jar transforms Thread 53" [_thread_blocked, id=16764, stack(0x0000000024f10000,0x0000000025010000)]
  0x000000001edb9000 JavaThread "jar transforms Thread 52" [_thread_blocked, id=8500, stack(0x0000000024e10000,0x0000000024f10000)]
  0x000000001edba800 JavaThread "jar transforms Thread 51" [_thread_blocked, id=11892, stack(0x0000000024d10000,0x0000000024e10000)]
  0x000000001edb2800 JavaThread "jar transforms Thread 50" [_thread_blocked, id=8648, stack(0x0000000024c10000,0x0000000024d10000)]
  0x000000001edb7000 JavaThread "jar transforms Thread 49" [_thread_blocked, id=15368, stack(0x0000000024b10000,0x0000000024c10000)]
  0x000000001edb4000 JavaThread "jar transforms Thread 48" [_thread_blocked, id=14732, stack(0x0000000024a10000,0x0000000024b10000)]
  0x000000001edb6800 JavaThread "jar transforms Thread 47" [_thread_blocked, id=8996, stack(0x0000000024910000,0x0000000024a10000)]
  0x000000001edb9800 JavaThread "jar transforms Thread 46" [_thread_blocked, id=2492, stack(0x0000000024810000,0x0000000024910000)]
  0x000000001edac800 JavaThread "jar transforms Thread 45" [_thread_blocked, id=8820, stack(0x0000000024710000,0x0000000024810000)]
  0x000000001edb2000 JavaThread "jar transforms Thread 44" [_thread_blocked, id=9132, stack(0x0000000024610000,0x0000000024710000)]
  0x000000001edaf000 JavaThread "jar transforms Thread 43" [_thread_blocked, id=9488, stack(0x0000000024510000,0x0000000024610000)]
  0x000000001edb1000 JavaThread "jar transforms Thread 42" [_thread_blocked, id=15472, stack(0x0000000024410000,0x0000000024510000)]
  0x000000001edb0800 JavaThread "jar transforms Thread 41" [_thread_blocked, id=17172, stack(0x0000000024310000,0x0000000024410000)]
  0x000000001edae000 JavaThread "jar transforms Thread 40" [_thread_blocked, id=14592, stack(0x0000000024210000,0x0000000024310000)]
  0x000000001edac000 JavaThread "jar transforms Thread 39" [_thread_blocked, id=16792, stack(0x0000000024110000,0x0000000024210000)]
  0x000000001edad800 JavaThread "jar transforms Thread 38" [_thread_blocked, id=14472, stack(0x0000000024010000,0x0000000024110000)]
  0x000000001edaf800 JavaThread "jar transforms Thread 37" [_thread_blocked, id=16676, stack(0x0000000023f10000,0x0000000024010000)]
  0x000000001e98e000 JavaThread "jar transforms Thread 36" [_thread_blocked, id=14292, stack(0x0000000023e10000,0x0000000023f10000)]
  0x000000001e990000 JavaThread "jar transforms Thread 35" [_thread_blocked, id=12416, stack(0x0000000023d10000,0x0000000023e10000)]
  0x000000001e98d000 JavaThread "jar transforms Thread 34" [_thread_blocked, id=7556, stack(0x0000000023c10000,0x0000000023d10000)]
  0x000000001e98f800 JavaThread "jar transforms Thread 33" [_thread_blocked, id=1972, stack(0x0000000023b10000,0x0000000023c10000)]
  0x000000001e98c800 JavaThread "jar transforms Thread 32" [_thread_blocked, id=2816, stack(0x0000000023a10000,0x0000000023b10000)]
  0x000000001e98e800 JavaThread "jar transforms Thread 31" [_thread_blocked, id=13164, stack(0x0000000023910000,0x0000000023a10000)]
  0x000000001e98b800 JavaThread "jar transforms Thread 30" [_thread_blocked, id=8948, stack(0x0000000023810000,0x0000000023910000)]
  0x000000001e984000 JavaThread "jar transforms Thread 29" [_thread_blocked, id=3484, stack(0x0000000023710000,0x0000000023810000)]
  0x000000001e98a000 JavaThread "jar transforms Thread 28" [_thread_blocked, id=6044, stack(0x0000000023610000,0x0000000023710000)]
  0x000000001e989800 JavaThread "jar transforms Thread 27" [_thread_blocked, id=15380, stack(0x0000000023510000,0x0000000023610000)]
  0x000000001e98b000 JavaThread "jar transforms Thread 26" [_thread_blocked, id=16160, stack(0x0000000023410000,0x0000000023510000)]
  0x000000001e988800 JavaThread "jar transforms Thread 25" [_thread_blocked, id=6712, stack(0x0000000023310000,0x0000000023410000)]
  0x000000001e981000 JavaThread "jar transforms Thread 24" [_thread_blocked, id=3576, stack(0x0000000023210000,0x0000000023310000)]
  0x000000001e983800 JavaThread "jar transforms Thread 23" [_thread_blocked, id=10988, stack(0x0000000023110000,0x0000000023210000)]
  0x000000001e987000 JavaThread "jar transforms Thread 22" [_thread_blocked, id=9384, stack(0x0000000023010000,0x0000000023110000)]
  0x000000001e986800 JavaThread "jar transforms Thread 21" [_thread_blocked, id=15148, stack(0x0000000022f10000,0x0000000023010000)]
  0x000000001e982000 JavaThread "jar transforms Thread 20" [_thread_blocked, id=16832, stack(0x0000000022e10000,0x0000000022f10000)]
  0x000000001e988000 JavaThread "jar transforms Thread 19" [_thread_blocked, id=5244, stack(0x0000000022d10000,0x0000000022e10000)]
  0x000000001e982800 JavaThread "jar transforms Thread 18" [_thread_blocked, id=6000, stack(0x0000000022c10000,0x0000000022d10000)]
  0x000000001e985000 JavaThread "jar transforms Thread 17" [_thread_blocked, id=13656, stack(0x0000000022b10000,0x0000000022c10000)]
  0x000000001e985800 JavaThread "jar transforms Thread 16" [_thread_blocked, id=6956, stack(0x0000000022a10000,0x0000000022b10000)]
  0x000000001ec7e800 JavaThread "jar transforms Thread 15" [_thread_blocked, id=7436, stack(0x0000000022910000,0x0000000022a10000)]
  0x000000001ec7e000 JavaThread "jar transforms Thread 14" [_thread_blocked, id=14352, stack(0x0000000022810000,0x0000000022910000)]
  0x000000001ec7d000 JavaThread "jar transforms Thread 13" [_thread_blocked, id=9300, stack(0x0000000022710000,0x0000000022810000)]
  0x000000001ec7c800 JavaThread "jar transforms Thread 12" [_thread_blocked, id=12256, stack(0x0000000022610000,0x0000000022710000)]
  0x000000001ec7b800 JavaThread "jar transforms Thread 11" [_thread_blocked, id=13980, stack(0x0000000022510000,0x0000000022610000)]
  0x000000001ec7b000 JavaThread "jar transforms Thread 10" [_thread_blocked, id=15076, stack(0x0000000022410000,0x0000000022510000)]
  0x000000001ec74000 JavaThread "jar transforms Thread 9" [_thread_blocked, id=12916, stack(0x0000000022310000,0x0000000022410000)]
  0x000000001ec7a000 JavaThread "jar transforms Thread 8" [_thread_blocked, id=8196, stack(0x0000000022210000,0x0000000022310000)]
  0x000000001ec73800 JavaThread "jar transforms Thread 7" [_thread_blocked, id=12168, stack(0x0000000022110000,0x0000000022210000)]
  0x000000001ec79800 JavaThread "jar transforms Thread 6" [_thread_blocked, id=14620, stack(0x0000000022010000,0x0000000022110000)]
  0x000000001ec72000 JavaThread "jar transforms Thread 5" [_thread_blocked, id=12300, stack(0x0000000021f10000,0x0000000022010000)]
  0x000000001ec78800 JavaThread "jar transforms Thread 4" [_thread_blocked, id=3800, stack(0x0000000021e10000,0x0000000021f10000)]
  0x000000001ec72800 JavaThread "jar transforms Thread 3" [_thread_blocked, id=1284, stack(0x0000000021d10000,0x0000000021e10000)]
  0x000000001ec78000 JavaThread "jar transforms Thread 2" [_thread_blocked, id=12380, stack(0x0000000021c10000,0x0000000021d10000)]
  0x000000001ec71000 JavaThread "Build operations Thread 4" [_thread_in_vm, id=3024, stack(0x0000000021b10000,0x0000000021c10000)]
  0x000000001ec70800 JavaThread "Build operations Thread 3" [_thread_blocked, id=3692, stack(0x0000000021a10000,0x0000000021b10000)]
  0x000000001ec77000 JavaThread "Build operations Thread 2" [_thread_in_vm, id=15028, stack(0x0000000021910000,0x0000000021a10000)]
  0x000000001ec6f800 JavaThread "Build operations" [_thread_in_vm, id=13336, stack(0x0000000021810000,0x0000000021910000)]
  0x000000001b85c800 JavaThread "Cache worker for file content cache (C:\Users\lea\.gradle\caches\6.5\fileContent)" [_thread_blocked, id=6584, stack(0x0000000021110000,0x0000000021210000)]
  0x000000001b85f800 JavaThread "jar transforms" [_thread_blocked, id=7504, stack(0x0000000021010000,0x0000000021110000)]
  0x000000001b85f000 JavaThread "Cache worker for execution history cache (C:\Users\lea\.gradle\caches\6.5\executionHistory)" [_thread_blocked, id=9240, stack(0x0000000020910000,0x0000000020a10000)]
  0x000000001b863800 JavaThread "Cache worker for cache directory md-rule (C:\Users\lea\.gradle\caches\6.5\md-rule)" [_thread_blocked, id=5148, stack(0x0000000020810000,0x0000000020910000)]
  0x000000001b861000 JavaThread "Cache worker for cache directory md-supplier (C:\Users\lea\.gradle\caches\6.5\md-supplier)" [_thread_blocked, id=13388, stack(0x0000000020710000,0x0000000020810000)]
  0x000000001b862800 JavaThread "Cache worker for checksums cache (C:\Users\lea\Desktop\dimot\Dimot_Bekalot\.gradle\checksums)" [_thread_blocked, id=13232, stack(0x0000000020610000,0x0000000020710000)]
  0x000000001b85d800 JavaThread "Cache worker for file hash cache (C:\Users\lea\Desktop\dimot\Dimot_Bekalot\.gradle\6.5\fileHashes)" [_thread_blocked, id=15100, stack(0x000000001f290000,0x000000001f390000)]
  0x000000001b860800 JavaThread "Cache worker for file hash cache (C:\Users\lea\.gradle\caches\6.5\fileHashes)" [_thread_blocked, id=11412, stack(0x000000001ddc0000,0x000000001dec0000)]
  0x000000001b85e000 JavaThread "File lock request listener" [_thread_in_native, id=1392, stack(0x000000001dcc0000,0x000000001ddc0000)]
  0x000000001b876000 JavaThread "Cache worker for journal cache (C:\Users\lea\.gradle\caches\journal-1)" [_thread_blocked, id=16544, stack(0x000000001dac0000,0x000000001dbc0000)]
  0x000000001a132000 JavaThread "Thread-9" [_thread_blocked, id=17244, stack(0x000000001d7c0000,0x000000001d8c0000)]
  0x000000001a131000 JavaThread "Stdin handler" [_thread_blocked, id=15728, stack(0x000000001d6c0000,0x000000001d7c0000)]
  0x0000000019f60800 JavaThread "Asynchronous log dispatcher for DefaultDaemonConnection: socket connection from /127.0.0.1:53717 to /127.0.0.1:53718" [_thread_blocked, id=8800, stack(0x000000001d5c0000,0x000000001d6c0000)]
  0x0000000019f5e000 JavaThread "Daemon worker" [_thread_blocked, id=15032, stack(0x000000001d4c0000,0x000000001d5c0000)]
  0x000000001a7f3000 JavaThread "Cancel handler" [_thread_blocked, id=7856, stack(0x000000001d3c0000,0x000000001d4c0000)]
  0x000000001b541800 JavaThread "Handler for socket connection from /127.0.0.1:53717 to /127.0.0.1:53718" [_thread_in_native, id=15812, stack(0x000000001d2c0000,0x000000001d3c0000)]
  0x000000001b4d1800 JavaThread "Daemon" [_thread_blocked, id=3116, stack(0x000000001d1c0000,0x000000001d2c0000)]
  0x000000001b4d0800 JavaThread "Daemon periodic checks" [_thread_blocked, id=16000, stack(0x000000001cec0000,0x000000001cfc0000)]
  0x000000001b4ce800 JavaThread "Incoming local TCP Connector on port 53717" [_thread_in_native, id=16744, stack(0x000000001cc70000,0x000000001cd70000)]
  0x000000001b489000 JavaThread "Daemon health stats" [_thread_blocked, id=16168, stack(0x000000001c630000,0x000000001c730000)]
  0x0000000019604800 JavaThread "Service Thread" daemon [_thread_blocked, id=9312, stack(0x0000000019a90000,0x0000000019b90000)]
  0x0000000017d8d800 JavaThread "C1 CompilerThread2" daemon [_thread_blocked, id=5612, stack(0x0000000019990000,0x0000000019a90000)]
=>0x0000000017d3c000 JavaThread "C2 CompilerThread1" daemon [_thread_in_native, id=16116, stack(0x0000000019490000,0x0000000019590000)]
  0x0000000017d37800 JavaThread "C2 CompilerThread0" daemon [_thread_in_native, id=9224, stack(0x0000000019390000,0x0000000019490000)]
  0x0000000017d36000 JavaThread "Attach Listener" daemon [_thread_blocked, id=13608, stack(0x0000000019290000,0x0000000019390000)]
  0x0000000017d84800 JavaThread "Signal Dispatcher" daemon [_thread_blocked, id=17016, stack(0x0000000019190000,0x0000000019290000)]
  0x000000000310d000 JavaThread "Finalizer" daemon [_thread_blocked, id=664, stack(0x0000000018f90000,0x0000000019090000)]
  0x0000000017d19800 JavaThread "Reference Handler" daemon [_thread_blocked, id=6768, stack(0x0000000018e90000,0x0000000018f90000)]
  0x0000000002e3e000 JavaThread "main" [_thread_blocked, id=3900, stack(0x0000000002f10000,0x0000000003010000)]

Other Threads:
  0x0000000017cf7000 VMThread [stack: 0x0000000018d90000,0x0000000018e90000] [id=13132]
  0x0000000019605800 WatcherThread [stack: 0x0000000019b90000,0x0000000019c90000] [id=5956]

VM state:not at safepoint (normal execution)

VM Mutex/Monitor currently owned by a thread: None

heap address: 0x0000000080000000, size: 2048 MB, Compressed Oops mode: 32-bit
Narrow klass base: 0x0000000000000000, Narrow klass shift: 3
Compressed class space size: 1073741824 Address: 0x0000000100000000

Heap:
 PSYoungGen      total 525824K, used 111950K [0x00000000d5580000, 0x00000000f8c80000, 0x0000000100000000)
  eden space 492544K, 16% used [0x00000000d5580000,0x00000000da3aaa70,0x00000000f3680000)
  from space 33280K, 95% used [0x00000000f5c00000,0x00000000f7b28ef8,0x00000000f7c80000)
  to   space 38400K, 0% used [0x00000000f3680000,0x00000000f3680000,0x00000000f5c00000)
 ParOldGen       total 190464K, used 80432K [0x0000000080000000, 0x000000008ba00000, 0x00000000d5580000)
  object space 190464K, 42% used [0x0000000080000000,0x0000000084e8c318,0x000000008ba00000)
 Metaspace       used 79033K, capacity 83298K, committed 83416K, reserved 1122304K
  class space    used 10698K, capacity 11467K, committed 11520K, reserved 1048576K

Card table byte_map: [0x00000000124d0000,0x00000000128e0000] byte_map_base: 0x00000000120d0000

Marking Bits: (ParMarkBitMap*) 0x000000006e02f030
 Begin Bits: [0x0000000012f90000, 0x0000000014f90000)
 End Bits:   [0x0000000014f90000, 0x0000000016f90000)

Polling page: 0x0000000002d70000

CodeCache: size=245760Kb used=43115Kb max_used=43115Kb free=202644Kb
 bounds [0x0000000003110000, 0x0000000005b60000, 0x0000000012110000]
 total_blobs=12798 nmethods=11977 adapters=731
 compilation: enabled

Compilation events (10 events):
Event: 53.716 Thread 0x0000000017d8d800 14321       2       com.android.tools.r8.s.b.o::a (223 bytes)
Event: 53.717 Thread 0x0000000017d8d800 nmethod 14321 0x0000000005ab9950 code [0x0000000005ab9be0, 0x0000000005aba768]
Event: 53.772 Thread 0x0000000017d8d800 14322       2       com.android.tools.r8.q.a.a.b.J::k (111 bytes)
Event: 53.773 Thread 0x0000000017d8d800 nmethod 14322 0x0000000005b5a490 code [0x0000000005b5a620, 0x0000000005b5a9c8]
Event: 53.838 Thread 0x0000000017d8d800 14323       2       com.android.tools.r8.s.b.a::c (10 bytes)
Event: 53.839 Thread 0x0000000017d8d800 nmethod 14323 0x0000000005b5ab90 code [0x0000000005b5ad00, 0x0000000005b5aec8]
Event: 53.839 Thread 0x0000000017d8d800 14324       2       com.android.tools.r8.code.c::<init> (7 bytes)
Event: 53.839 Thread 0x0000000017d8d800 nmethod 14324 0x0000000005b5af90 code [0x0000000005b5b100, 0x0000000005b5b268]
Event: 53.839 Thread 0x0000000017d8d800 14325       2       com.android.tools.r8.s.b.K0::c (10 bytes)
Event: 53.839 Thread 0x0000000017d8d800 nmethod 14325 0x0000000005b5b310 code [0x0000000005b5b480, 0x0000000005b5b648]

GC Heap History (10 events):
Event: 35.486 GC heap before
{Heap before GC invocations=20 (full 4):
 PSYoungGen      total 398336K, used 4416K [0x00000000d5580000, 0x00000000efe00000, 0x0000000100000000)
  eden space 364544K, 0% used [0x00000000d5580000,0x00000000d5580000,0x00000000eb980000)
  from space 33792K, 13% used [0x00000000eda00000,0x00000000ede50000,0x00000000efb00000)
  to   space 33280K, 0% used [0x00000000eb980000,0x00000000eb980000,0x00000000eda00000)
 ParOldGen       total 108032K, used 86930K [0x0000000080000000, 0x0000000086980000, 0x00000000d5580000)
  object space 108032K, 80% used [0x0000000080000000,0x00000000854e4868,0x0000000086980000)
 Metaspace       used 77364K, capacity 81540K, committed 81752K, reserved 1120256K
  class space    used 10515K, capacity 11278K, committed 11392K, reserved 1048576K
Event: 36.178 GC heap after
Heap after GC invocations=20 (full 4):
 PSYoungGen      total 398336K, used 0K [0x00000000d5580000, 0x00000000efe00000, 0x0000000100000000)
  eden space 364544K, 0% used [0x00000000d5580000,0x00000000d5580000,0x00000000eb980000)
  from space 33792K, 0% used [0x00000000eda00000,0x00000000eda00000,0x00000000efb00000)
  to   space 33280K, 0% used [0x00000000eb980000,0x00000000eb980000,0x00000000eda00000)
 ParOldGen       total 190464K, used 80416K [0x0000000080000000, 0x000000008ba00000, 0x00000000d5580000)
  object space 190464K, 42% used [0x0000000080000000,0x0000000084e88318,0x000000008ba00000)
 Metaspace       used 77178K, capacity 81048K, committed 81752K, reserved 1120256K
  class space    used 10453K, capacity 11170K, committed 11392K, reserved 1048576K
}
Event: 41.555 GC heap before
{Heap before GC invocations=21 (full 4):
 PSYoungGen      total 398336K, used 364544K [0x00000000d5580000, 0x00000000efe00000, 0x0000000100000000)
  eden space 364544K, 100% used [0x00000000d5580000,0x00000000eb980000,0x00000000eb980000)
  from space 33792K, 0% used [0x00000000eda00000,0x00000000eda00000,0x00000000efb00000)
  to   space 33280K, 0% used [0x00000000eb980000,0x00000000eb980000,0x00000000eda00000)
 ParOldGen       total 190464K, used 80416K [0x0000000080000000, 0x000000008ba00000, 0x00000000d5580000)
  object space 190464K, 42% used [0x0000000080000000,0x0000000084e88318,0x000000008ba00000)
 Metaspace       used 77509K, capacity 81464K, committed 82008K, reserved 1120256K
  class space    used 10510K, capacity 11252K, committed 11392K, reserved 1048576K
Event: 41.617 GC heap after
Heap after GC invocations=21 (full 4):
 PSYoungGen      total 397824K, used 4341K [0x00000000d5580000, 0x00000000f3400000, 0x0000000100000000)
  eden space 364544K, 0% used [0x00000000d5580000,0x00000000d5580000,0x00000000eb980000)
  from space 33280K, 13% used [0x00000000eb980000,0x00000000ebdbd6b8,0x00000000eda00000)
  to   space 32256K, 0% used [0x00000000f1480000,0x00000000f1480000,0x00000000f3400000)
 ParOldGen       total 190464K, used 80424K [0x0000000080000000, 0x000000008ba00000, 0x00000000d5580000)
  object space 190464K, 42% used [0x0000000080000000,0x0000000084e8a318,0x000000008ba00000)
 Metaspace       used 77509K, capacity 81464K, committed 82008K, reserved 1120256K
  class space    used 10510K, capacity 11252K, committed 11392K, reserved 1048576K
}
Event: 46.390 GC heap before
{Heap before GC invocations=22 (full 4):
 PSYoungGen      total 397824K, used 368885K [0x00000000d5580000, 0x00000000f3400000, 0x0000000100000000)
  eden space 364544K, 100% used [0x00000000d5580000,0x00000000eb980000,0x00000000eb980000)
  from space 33280K, 13% used [0x00000000eb980000,0x00000000ebdbd6b8,0x00000000eda00000)
  to   space 32256K, 0% used [0x00000000f1480000,0x00000000f1480000,0x00000000f3400000)
 ParOldGen       total 190464K, used 80424K [0x0000000080000000, 0x000000008ba00000, 0x00000000d5580000)
  object space 190464K, 42% used [0x0000000080000000,0x0000000084e8a318,0x000000008ba00000)
 Metaspace       used 77645K, capacity 81588K, committed 82008K, reserved 1120256K
  class space    used 10529K, capacity 11262K, committed 11392K, reserved 1048576K
Event: 46.464 GC heap after
Heap after GC invocations=22 (full 4):
 PSYoungGen      total 449536K, used 7989K [0x00000000d5580000, 0x00000000f2f00000, 0x0000000100000000)
  eden space 422400K, 0% used [0x00000000d5580000,0x00000000d5580000,0x00000000ef200000)
  from space 27136K, 29% used [0x00000000f1480000,0x00000000f1c4d6c8,0x00000000f2f00000)
  to   space 31232K, 0% used [0x00000000ef200000,0x00000000ef200000,0x00000000f1080000)
 ParOldGen       total 190464K, used 80424K [0x0000000080000000, 0x000000008ba00000, 0x00000000d5580000)
  object space 190464K, 42% used [0x0000000080000000,0x0000000084e8a318,0x000000008ba00000)
 Metaspace       used 77645K, capacity 81588K, committed 82008K, reserved 1120256K
  class space    used 10529K, capacity 11262K, committed 11392K, reserved 1048576K
}
Event: 49.125 GC heap before
{Heap before GC invocations=23 (full 4):
 PSYoungGen      total 449536K, used 430389K [0x00000000d5580000, 0x00000000f2f00000, 0x0000000100000000)
  eden space 422400K, 100% used [0x00000000d5580000,0x00000000ef200000,0x00000000ef200000)
  from space 27136K, 29% used [0x00000000f1480000,0x00000000f1c4d6c8,0x00000000f2f00000)
  to   space 31232K, 0% used [0x00000000ef200000,0x00000000ef200000,0x00000000f1080000)
 ParOldGen       total 190464K, used 80424K [0x0000000080000000, 0x000000008ba00000, 0x00000000d5580000)
  object space 190464K, 42% used [0x0000000080000000,0x0000000084e8a318,0x000000008ba00000)
 Metaspace       used 78856K, capacity 83166K, committed 83416K, reserved 1122304K
  class space    used 10696K, capacity 11467K, committed 11520K, reserved 1048576K
Event: 49.235 GC heap after
Heap after GC invocations=23 (full 4):
 PSYoungGen      total 453632K, used 22637K [0x00000000d5580000, 0x00000000f7c80000, 0x0000000100000000)
  eden space 422400K, 0% used [0x00000000d5580000,0x00000000d5580000,0x00000000ef200000)
  from space 31232K, 72% used [0x00000000ef200000,0x00000000f081b7f0,0x00000000f1080000)
  to   space 33280K, 0% used [0x00000000f5c00000,0x00000000f5c00000,0x00000000f7c80000)
 ParOldGen       total 190464K, used 80432K [0x0000000080000000, 0x000000008ba00000, 0x00000000d5580000)
  object space 190464K, 42% used [0x0000000080000000,0x0000000084e8c318,0x000000008ba00000)
 Metaspace       used 78856K, capacity 83166K, committed 83416K, reserved 1122304K
  class space    used 10696K, capacity 11467K, committed 11520K, reserved 1048576K
}
Event: 52.710 GC heap before
{Heap before GC invocations=24 (full 4):
 PSYoungGen      total 453632K, used 445037K [0x00000000d5580000, 0x00000000f7c80000, 0x0000000100000000)
  eden space 422400K, 100% used [0x00000000d5580000,0x00000000ef200000,0x00000000ef200000)
  from space 31232K, 72% used [0x00000000ef200000,0x00000000f081b7f0,0x00000000f1080000)
  to   space 33280K, 0% used [0x00000000f5c00000,0x00000000f5c00000,0x00000000f7c80000)
 ParOldGen       total 190464K, used 80432K [0x0000000080000000, 0x000000008ba00000, 0x00000000d5580000)
  object space 190464K, 42% used [0x0000000080000000,0x0000000084e8c318,0x000000008ba00000)
 Metaspace       used 78997K, capacity 83234K, committed 83416K, reserved 1122304K
  class space    used 10698K, capacity 11467K, committed 11520K, reserved 1048576K
Event: 52.862 GC heap after
Heap after GC invocations=24 (full 4):
 PSYoungGen      total 525824K, used 31907K [0x00000000d5580000, 0x00000000f8c80000, 0x0000000100000000)
  eden space 492544K, 0% used [0x00000000d5580000,0x00000000d5580000,0x00000000f3680000)
  from space 33280K, 95% used [0x00000000f5c00000,0x00000000f7b28ef8,0x00000000f7c80000)
  to   space 38400K, 0% used [0x00000000f3680000,0x00000000f3680000,0x00000000f5c00000)
 ParOldGen       total 190464K, used 80432K [0x0000000080000000, 0x000000008ba00000, 0x00000000d5580000)
  object space 190464K, 42% used [0x0000000080000000,0x0000000084e8c318,0x000000008ba00000)
 Metaspace       used 78997K, capacity 83234K, committed 83416K, reserved 1122304K
  class space    used 10698K, capacity 11467K, committed 11520K, reserved 1048576K
}

Deoptimization events (10 events):
Event: 50.893 Thread 0x000000001ec6f800 Uncommon trap: reason=unstable_if action=reinterpret pc=0x00000000058a5fb0 method=com.android.tools.r8.ir.optimize.a0.a(Lcom/android/tools/r8/s/b/X;Lcom/android/tools/r8/ir/regalloc/e;I)V @ 509
Event: 51.324 Thread 0x000000001ec71000 Uncommon trap: reason=class_check action=maybe_recompile pc=0x0000000005973424 method=com.android.tools.r8.ir.conversion.o.a(Lcom/android/tools/r8/ir/conversion/N;IZ)V @ 628
Event: 51.324 Thread 0x000000001ec71000 Uncommon trap: reason=class_check action=maybe_recompile pc=0x0000000005973424 method=com.android.tools.r8.ir.conversion.o.a(Lcom/android/tools/r8/ir/conversion/N;IZ)V @ 628
Event: 51.503 Thread 0x000000001ec71000 Uncommon trap: reason=class_check action=maybe_recompile pc=0x0000000005973424 method=com.android.tools.r8.ir.conversion.o.a(Lcom/android/tools/r8/ir/conversion/N;IZ)V @ 628
Event: 51.539 Thread 0x000000001ec71000 Uncommon trap: reason=unstable_if action=reinterpret pc=0x0000000004a1127c method=java.util.concurrent.ConcurrentHashMap.computeIfAbsent(Ljava/lang/Object;Ljava/util/function/Function;)Ljava/lang/Object; @ 456
Event: 51.621 Thread 0x000000001ec6f800 Uncommon trap: reason=unstable_if action=reinterpret pc=0x0000000005744300 method=com.android.tools.r8.ir.regalloc.h.a(ILcom/android/tools/r8/ir/regalloc/h$a;)Z @ 73
Event: 51.915 Thread 0x000000001ec77000 Uncommon trap: reason=unstable_if action=reinterpret pc=0x0000000003db1d68 method=java.util.Arrays.equals([Ljava/lang/Object;[Ljava/lang/Object;)Z @ 47
Event: 53.054 Thread 0x000000001ec71000 Uncommon trap: reason=class_check action=maybe_recompile pc=0x0000000005973424 method=com.android.tools.r8.ir.conversion.o.a(Lcom/android/tools/r8/ir/conversion/N;IZ)V @ 628
Event: 53.646 Thread 0x000000001ec77000 Uncommon trap: reason=unstable_if action=reinterpret pc=0x0000000004deb270 method=com.android.tools.r8.graph.k0.equals(Ljava/lang/Object;)Z @ 28
Event: 53.647 Thread 0x000000001ec77000 Uncommon trap: reason=unstable_if action=reinterpret pc=0x0000000004587224 method=com.android.tools.r8.graph.I0$d.c()V @ 28

Classes redefined (0 events):
No events

Internal exceptions (10 events):
Event: 30.568 Thread 0x000000001ec77000 Exception <a 'java/lang/NoSuchMethodError': java.lang.Object.b(Lcom/android/tools/r8/graph/p1$b;)Lcom/android/tools/r8/graph/p1$b;> (0x00000000de842580) thrown at [C:\src\AOSP-openjdk-git\hotspot\src\share\vm\interpreter\linkResolver.cpp, line 620]
Event: 30.644 Thread 0x000000001ec6f800 Exception <a 'java/lang/NoSuchMethodError': java.lang.Object.lambda$comparingInt$7b0bb60$1(Ljava/util/function/ToIntFunction;Ljava/lang/Object;Ljava/lang/Object;)I> (0x00000000dea10e80) thrown at [C:\src\AOSP-openjdk-git\hotspot\src\share\vm\interpreter\l
Event: 30.644 Thread 0x0000000020162000 Exception <a 'java/lang/NoSuchMethodError': java.lang.Object.lambda$comparingInt$7b0bb60$1(Ljava/util/function/ToIntFunction;Ljava/lang/Object;Ljava/lang/Object;)I> (0x00000000dea66b38) thrown at [C:\src\AOSP-openjdk-git\hotspot\src\share\vm\interpreter\l
Event: 30.645 Thread 0x000000001ec6f800 Exception <a 'java/lang/NoSuchMethodError': java.lang.Object.lambda$maxBy$1(Ljava/util/Comparator;Ljava/lang/Object;Ljava/lang/Object;)Ljava/lang/Object;> (0x00000000dea157c8) thrown at [C:\src\AOSP-openjdk-git\hotspot\src\share\vm\interpreter\linkResolve
Event: 36.943 Thread 0x0000000020160800 Implicit null exception at 0x0000000004353ab0 to 0x0000000004353ac0
Event: 48.425 Thread 0x000000001ec71000 Exception <a 'sun/nio/fs/WindowsException'> (0x00000000e86d5278) thrown at [C:\src\AOSP-openjdk-git\hotspot\src\share\vm\prims\jni.cpp, line 710]
Event: 48.926 Thread 0x000000001ec6f800 Exception <a 'sun/nio/fs/WindowsException'> (0x00000000ed047830) thrown at [C:\src\AOSP-openjdk-git\hotspot\src\share\vm\prims\jni.cpp, line 710]
Event: 49.542 Thread 0x000000001ec6f800 Exception <a 'sun/nio/fs/WindowsException'> (0x00000000d84bca28) thrown at [C:\src\AOSP-openjdk-git\hotspot\src\share\vm\prims\jni.cpp, line 710]
Event: 53.328 Thread 0x000000001ec77000 Exception <a 'sun/nio/fs/WindowsException'> (0x00000000d6116970) thrown at [C:\src\AOSP-openjdk-git\hotspot\src\share\vm\prims\jni.cpp, line 710]
Event: 53.642 Thread 0x000000001ec77000 Exception <a 'sun/nio/fs/WindowsException'> (0x00000000d7d368e0) thrown at [C:\src\AOSP-openjdk-git\hotspot\src\share\vm\prims\jni.cpp, line 710]

Events (10 events):
Event: 53.706 Thread 0x0000000020162000 DEOPT PACKING pc=0x00000000056f9895 sp=0x000000002a4e7120
Event: 53.706 Thread 0x0000000020162000 DEOPT UNPACKING pc=0x00000000031575d0 sp=0x000000002a4e7158 mode 0
Event: 53.711 Thread 0x0000000020162000 DEOPT PACKING pc=0x00000000057c222c sp=0x000000002a4e6d60
Event: 53.711 Thread 0x0000000020162000 DEOPT UNPACKING pc=0x00000000031575d0 sp=0x000000002a4e6db0 mode 0
Event: 53.770 Thread 0x000000001ec77000 DEOPT PACKING pc=0x0000000004e0df11 sp=0x0000000021a098b0
Event: 53.770 Thread 0x000000001ec77000 DEOPT UNPACKING pc=0x00000000031575d0 sp=0x0000000021a09890 mode 0
Event: 53.785 Thread 0x000000001ec77000 DEOPT PACKING pc=0x00000000057c222c sp=0x0000000021a09880
Event: 53.785 Thread 0x000000001ec77000 DEOPT UNPACKING pc=0x00000000031575d0 sp=0x0000000021a098d0 mode 0
Event: 53.799 Thread 0x000000001ec77000 DEOPT PACKING pc=0x00000000056f9895 sp=0x0000000021a09890
Event: 53.799 Thread 0x000000001ec77000 DEOPT UNPACKING pc=0x00000000031575d0 sp=0x0000000021a098c8 mode 0


Dynamic libraries:
0x00007ff6c8220000 - 0x00007ff6c8251000 	C:\Program Files\Android\Android Studio\jre\bin\java.exe
0x00007ff9b9e50000 - 0x00007ff9ba046000 	C:\WINDOWS\SYSTEM32\ntdll.dll
0x00007ff9b9b20000 - 0x00007ff9b9bdd000 	C:\WINDOWS\System32\KERNEL32.DLL
0x00007ff9b79b0000 - 0x00007ff9b7c78000 	C:\WINDOWS\System32\KERNELBASE.dll
0x00007ff9b8160000 - 0x00007ff9b820c000 	C:\WINDOWS\System32\ADVAPI32.dll
0x00007ff9b9c10000 - 0x00007ff9b9cae000 	C:\WINDOWS\System32\msvcrt.dll
0x00007ff9b8ea0000 - 0x00007ff9b8f3b000 	C:\WINDOWS\System32\sechost.dll
0x00007ff9b8010000 - 0x00007ff9b8134000 	C:\WINDOWS\System32\RPCRT4.dll
0x00007ff9b88d0000 - 0x00007ff9b8a70000 	C:\WINDOWS\System32\USER32.dll
0x00007ff9b76c0000 - 0x00007ff9b76e2000 	C:\WINDOWS\System32\win32u.dll
0x00007ff9b9be0000 - 0x00007ff9b9c0a000 	C:\WINDOWS\System32\GDI32.dll
0x00007ff9b77f0000 - 0x00007ff9b78f9000 	C:\WINDOWS\System32\gdi32full.dll
0x00007ff9b7750000 - 0x00007ff9b77ed000 	C:\WINDOWS\System32\msvcp_win.dll
0x00007ff9b75c0000 - 0x00007ff9b76c0000 	C:\WINDOWS\System32\ucrtbase.dll
0x00007ff9a1800000 - 0x00007ff9a1a9b000 	C:\WINDOWS\WinSxS\amd64_microsoft.windows.common-controls_6595b64144ccf1df_6.0.19041.488_none_ca04af081b815d21\COMCTL32.dll
0x00007ff9b9af0000 - 0x00007ff9b9b20000 	C:\WINDOWS\System32\IMM32.DLL
0x000000006d6c0000 - 0x000000006d792000 	C:\Program Files\Android\Android Studio\jre\jre\bin\msvcr100.dll
0x000000006d860000 - 0x000000006e0ab000 	C:\Program Files\Android\Android Studio\jre\jre\bin\server\jvm.dll
0x00007ff9b8210000 - 0x00007ff9b8218000 	C:\WINDOWS\System32\PSAPI.DLL
0x00007ff99eef0000 - 0x00007ff99eef9000 	C:\WINDOWS\SYSTEM32\WSOCK32.dll
0x00007ff9b8f40000 - 0x00007ff9b8fab000 	C:\WINDOWS\System32\WS2_32.dll
0x00007ff9a7e40000 - 0x00007ff9a7e67000 	C:\WINDOWS\SYSTEM32\WINMM.dll
0x00007ff9aa9a0000 - 0x00007ff9aa9aa000 	C:\WINDOWS\SYSTEM32\VERSION.dll
0x00007ff9b4440000 - 0x00007ff9b444f000 	C:\Program Files\Android\Android Studio\jre\jre\bin\verify.dll
0x00007ff9b2c40000 - 0x00007ff9b2c69000 	C:\Program Files\Android\Android Studio\jre\jre\bin\java.dll
0x00007ff9b2c20000 - 0x00007ff9b2c36000 	C:\Program Files\Android\Android Studio\jre\jre\bin\zip.dll
0x00007ff9b93a0000 - 0x00007ff9b9ae1000 	C:\WINDOWS\System32\SHELL32.dll
0x00007ff9b5290000 - 0x00007ff9b5a25000 	C:\WINDOWS\SYSTEM32\windows.storage.dll
0x00007ff9b8b40000 - 0x00007ff9b8e95000 	C:\WINDOWS\System32\combase.dll
0x00007ff9b7000000 - 0x00007ff9b702c000 	C:\WINDOWS\SYSTEM32\Wldp.dll
0x00007ff9b92f0000 - 0x00007ff9b939e000 	C:\WINDOWS\System32\SHCORE.dll
0x00007ff9b90e0000 - 0x00007ff9b9135000 	C:\WINDOWS\System32\shlwapi.dll
0x00007ff9b74c0000 - 0x00007ff9b74e6000 	C:\WINDOWS\SYSTEM32\profapi.dll
0x00007ff9b1a10000 - 0x00007ff9b1a2a000 	C:\Program Files\Android\Android Studio\jre\jre\bin\net.dll
0x00007ff9b6d60000 - 0x00007ff9b6dca000 	C:\WINDOWS\system32\mswsock.dll
0x00007ff9b0d60000 - 0x00007ff9b0d73000 	C:\Program Files\Android\Android Studio\jre\jre\bin\nio.dll
0x00007ff9a5af0000 - 0x00007ff9a5b17000 	C:\Users\lea\.gradle\native\f6784746aeab05261644944871eae4fe03e0ef1612fff0a4a95f87b438bc6780\windows-amd64\native-platform.dll
0x00007ff9b4430000 - 0x00007ff9b443d000 	C:\Program Files\Android\Android Studio\jre\jre\bin\management.dll
0x00007ff9b6f50000 - 0x00007ff9b6f68000 	C:\WINDOWS\SYSTEM32\CRYPTSP.dll
0x00007ff9b6660000 - 0x00007ff9b6694000 	C:\WINDOWS\system32\rsaenh.dll
0x00007ff9b7590000 - 0x00007ff9b75b7000 	C:\WINDOWS\System32\bcrypt.dll
0x00007ff9b7480000 - 0x00007ff9b74ae000 	C:\WINDOWS\SYSTEM32\USERENV.dll
0x00007ff9b7e30000 - 0x00007ff9b7eaf000 	C:\WINDOWS\System32\bcryptprimitives.dll
0x00007ff9b6f70000 - 0x00007ff9b6f7c000 	C:\WINDOWS\SYSTEM32\CRYPTBASE.dll
0x00007ff9b69f0000 - 0x00007ff9b6a2b000 	C:\WINDOWS\SYSTEM32\IPHLPAPI.DLL
0x00007ff9b9e00000 - 0x00007ff9b9e08000 	C:\WINDOWS\System32\NSI.dll
0x00007ff9aaca0000 - 0x00007ff9aacb7000 	C:\WINDOWS\SYSTEM32\dhcpcsvc6.DLL
0x00007ff9ab3a0000 - 0x00007ff9ab3bd000 	C:\WINDOWS\SYSTEM32\dhcpcsvc.DLL
0x00007ff9b6a30000 - 0x00007ff9b6afb000 	C:\WINDOWS\SYSTEM32\DNSAPI.dll
0x00007ff9ae0c0000 - 0x00007ff9ae0cb000 	C:\WINDOWS\SYSTEM32\WINNSI.DLL

VM Arguments:
jvm_args: -Xmx2048m -Dfile.encoding=UTF-8 -Duser.country=US -Duser.language=en -Duser.variant 
java_command: org.gradle.launcher.daemon.bootstrap.GradleDaemon 6.5
java_class_path (initial): C:\Users\lea\.gradle\wrapper\dists\gradle-6.5-bin\6nifqtx7604sqp1q6g8wikw7p\gradle-6.5\lib\gradle-launcher-6.5.jar
Launcher Type: SUN_STANDARD

Environment Variables:
PATH=C:\Program Files\Common Files\Oracle\Java\javapath;C:\Program Files\Intel\iCLS Client\;C:\WINDOWS\system32;C:\WINDOWS;C:\WINDOWS\System32\Wbem;C:\WINDOWS\System32\WindowsPowerShell\v1.0\;C:\WINDOWS\System32\OpenSSH\;C:\Program Files\Intel\WiFi\bin\;C:\Program Files\Common Files\Intel\WirelessCommon\;C:\Program Files\Git\cmd;C:\Program Files\nodejs\;C:\Program Files (x86)\Intel\Intel(R) Management Engine Components\DAL;C:\Program Files\Intel\Intel(R) Management Engine Components\DAL;C:\Program Files (x86)\Gow\bin;C:\Program Files\Microsoft SQL Server\120\Tools\Binn\;C:\Program Files\Java\jdk-15.0.1\bin;;C:\Program Files\Git LFS;C:\Users\lea\AppData\Local\Microsoft\WindowsApps;C:\Program Files\JetBrains\IntelliJ IDEA Community Edition 2020.2.3\bin;;C:\Users\lea\AppData\Local\Programs\Microsoft VS Code\bin;C:\Program Files\JetBrains\JetBrains Rider 2020.2.4\bin;;C:\Users\lea\AppData\Local\GitHubDesktop\bin
USERNAME=lea
OS=Windows_NT
PROCESSOR_IDENTIFIER=Intel64 Family 6 Model 142 Stepping 9, GenuineIntel



---------------  S Y S T E M  ---------------

OS: Windows 10.0 , 64 bit Build 19041 (10.0.19041.546)

CPU:total 4 (initial active 4) (2 cores per cpu, 2 threads per core) family 6 model 142 stepping 9, cmov, cx8, fxsr, mmx, sse, sse2, sse3, ssse3, sse4.1, sse4.2, popcnt, avx, avx2, aes, clmul, erms, 3dnowpref, lzcnt, ht, tsc, tscinvbit, bmi1, bmi2, adx

Memory: 4k page, physical 8251340k(1753680k free), swap 9299812k(5680k free)

vm_info: OpenJDK 64-Bit Server VM (25.242-b01) for windows-amd64 JRE (1.8.0_242-release-1644-b01), built by "builder" with MS VC++ 10.0 (VS2010)

time: Tue Dec 08 20:35:49 2020
timezone: Jerusalem Standard Time
elapsed time: 53 seconds (0d 0h 0m 53s)

