#
# There is insufficient memory for the Java Runtime Environment to continue.
# Native memory allocation (malloc) failed to allocate 2890096 bytes for Chunk::new
# Possible reasons:
#   The system is out of physical RAM or swap space
#   The process is running with CompressedOops enabled, and the Java Heap may be blocking the growth of the native heap
# Possible solutions:
#   Reduce memory load on the system
#   Increase physical memory or swap space
#   Check if swap backing store is full
#   Decrease Java heap size (-Xmx/-Xms)
#   Decrease number of Java threads
#   Decrease Java thread stack sizes (-Xss)
#   Set larger code cache with -XX:ReservedCodeCacheSize=
#   JVM is running with Unscaled Compressed Oops mode in which the Java heap is
#     placed in the first 4GB address space. The Java Heap base address is the
#     maximum limit for the native heap growth. Please use -XX:HeapBaseMinAddress
#     to set the Java Heap base and to place the Java Heap above 4GB virtual address.
# This output file may be truncated or incomplete.
#
#  Out of Memory Error (allocation.cpp:389), pid=8472, tid=0x0000000000001e78
#
# JRE version: OpenJDK Runtime Environment (8.0_242-b01) (build 1.8.0_242-release-1644-b01)
# Java VM: OpenJDK 64-Bit Server VM (25.242-b01 mixed mode windows-amd64 compressed oops)
# Failed to write core dump. Minidumps are not enabled by default on client versions of Windows
#

---------------  T H R E A D  ---------------

Current thread (0x00000000174eb000):  JavaThread "C2 CompilerThread1" daemon [_thread_in_native, id=7800, stack(0x0000000018c40000,0x0000000018d40000)]

Stack: [0x0000000018c40000,0x0000000018d40000]
[error occurred during error reporting (printing stack bounds), id 0xc0000005]

Native frames: (J=compiled Java code, j=interpreted, Vv=VM code, C=native code)


Current CompileTask:
C2:9979859 15499 % !   4       com.android.tools.r8.dex.r::c @ 463 (2729 bytes)


---------------  P R O C E S S  ---------------

Java Threads: ( => current thread )
  0x000000001df42800 JavaThread "ForkJoinPool-5-worker-0" daemon [_thread_blocked, id=9316, stack(0x000000002d140000,0x000000002d240000)]
  0x000000001df35000 JavaThread "ForkJoinPool-5-worker-3" daemon [_thread_blocked, id=10452, stack(0x000000002d040000,0x000000002d140000)]
  0x000000001df3b800 JavaThread "ForkJoinPool-5-worker-2" daemon [_thread_in_Java, id=4680, stack(0x000000002cf40000,0x000000002d040000)]
  0x000000001df34000 JavaThread "ForkJoinPool-5-worker-1" daemon [_thread_blocked, id=10836, stack(0x000000002ce40000,0x000000002cf40000)]
  0x000000001df3b000 JavaThread "WorkerExecutor Queue Thread 5" [_thread_blocked, id=7428, stack(0x000000002cd40000,0x000000002ce40000)]
  0x000000001df38000 JavaThread "stdout" [_thread_in_native, id=3236, stack(0x000000002c700000,0x000000002c800000)]
  0x000000001df37000 JavaThread "stderr" [_thread_in_native, id=9624, stack(0x000000002c500000,0x000000002c600000)]
  0x000000001df3a000 JavaThread "stdout" [_thread_in_native, id=13652, stack(0x000000002c200000,0x000000002c300000)]
  0x000000001df35800 JavaThread "stderr" [_thread_in_native, id=4380, stack(0x000000002bee0000,0x000000002bfe0000)]
  0x000000001df38800 JavaThread "stdout" [_thread_in_native, id=10216, stack(0x000000002bbe0000,0x000000002bce0000)]
  0x000000001df36800 JavaThread "stderr" [_thread_in_native, id=5128, stack(0x000000002b6c0000,0x000000002b7c0000)]
  0x00000000298ff800 JavaThread "pool-4-thread-1" [_thread_blocked, id=2188, stack(0x000000002b5c0000,0x000000002b6c0000)]
  0x00000000298f8000 JavaThread "WorkerExecutor Queue Thread 3" [_thread_blocked, id=12712, stack(0x000000002b4c0000,0x000000002b5c0000)]
  0x00000000298fe800 JavaThread "WorkerExecutor Queue Thread 2" [_thread_blocked, id=1296, stack(0x000000002b3c0000,0x000000002b4c0000)]
  0x00000000298fb800 JavaThread "WorkerExecutor Queue" [_thread_blocked, id=2148, stack(0x000000002b2c0000,0x000000002b3c0000)]
  0x00000000298f7000 JavaThread "Cache worker for execution history cache (C:\Users\lea\Desktop\app\Dimot_Bekalot\.gradle\6.5\executionHistory)" [_thread_blocked, id=3296, stack(0x000000002adc0000,0x000000002aec0000)]
  0x00000000298f9800 JavaThread "Execution worker for ':' Thread 3" [_thread_blocked, id=6444, stack(0x000000002aac0000,0x000000002abc0000)]
  0x00000000298fb000 JavaThread "Execution worker for ':' Thread 2" [_thread_blocked, id=2552, stack(0x0000000029570000,0x0000000029670000)]
  0x00000000298fd000 JavaThread "Execution worker for ':'" [_thread_blocked, id=7240, stack(0x0000000028570000,0x0000000028670000)]
  0x00000000298fe000 JavaThread "Cache worker for file content cache (C:\Users\lea\Desktop\app\Dimot_Bekalot\.gradle\6.5\fileContent)" [_thread_blocked, id=13108, stack(0x0000000028070000,0x0000000028170000)]
  0x00000000298fc800 JavaThread "Cache worker for Build Output Cleanup Cache (C:\Users\lea\Desktop\app\Dimot_Bekalot\.gradle\buildOutputCleanup)" [_thread_blocked, id=9264, stack(0x0000000027f70000,0x0000000028070000)]
  0x00000000298f2000 JavaThread "jar transforms Thread 188" [_thread_blocked, id=2384, stack(0x0000000027e70000,0x0000000027f70000)]
  0x00000000298f5800 JavaThread "jar transforms Thread 187" [_thread_blocked, id=14200, stack(0x0000000027d70000,0x0000000027e70000)]
  0x00000000298f5000 JavaThread "jar transforms Thread 186" [_thread_blocked, id=11116, stack(0x0000000027c70000,0x0000000027d70000)]
  0x00000000298f8800 JavaThread "jar transforms Thread 185" [_thread_blocked, id=5244, stack(0x0000000027b70000,0x0000000027c70000)]
  0x00000000298f4000 JavaThread "jar transforms Thread 184" [_thread_blocked, id=3440, stack(0x0000000027a70000,0x0000000027b70000)]
  0x00000000298f3800 JavaThread "jar transforms Thread 183" [_thread_blocked, id=6828, stack(0x0000000027970000,0x0000000027a70000)]
  0x00000000298f2800 JavaThread "jar transforms Thread 182" [_thread_blocked, id=2500, stack(0x0000000027870000,0x0000000027970000)]
  0x00000000298f1000 JavaThread "jar transforms Thread 181" [_thread_blocked, id=8732, stack(0x0000000027770000,0x0000000027870000)]
  0x00000000298f6800 JavaThread "jar transforms Thread 180" [_thread_blocked, id=13744, stack(0x0000000027670000,0x0000000027770000)]
  0x00000000298f0800 JavaThread "jar transforms Thread 179" [_thread_blocked, id=7936, stack(0x0000000027570000,0x0000000027670000)]
  0x0000000029fb2000 JavaThread "jar transforms Thread 178" [_thread_blocked, id=12264, stack(0x0000000027470000,0x0000000027570000)]
  0x0000000029fb5000 JavaThread "jar transforms Thread 177" [_thread_blocked, id=1760, stack(0x0000000027370000,0x0000000027470000)]
  0x0000000029fb4800 JavaThread "jar transforms Thread 176" [_thread_blocked, id=13384, stack(0x0000000027270000,0x0000000027370000)]
  0x0000000029fb3000 JavaThread "jar transforms Thread 175" [_thread_blocked, id=13832, stack(0x0000000027170000,0x0000000027270000)]
  0x0000000029fb0800 JavaThread "jar transforms Thread 174" [_thread_blocked, id=7812, stack(0x0000000027070000,0x0000000027170000)]
  0x0000000029fb3800 JavaThread "jar transforms Thread 173" [_thread_blocked, id=10404, stack(0x0000000026f70000,0x0000000027070000)]
  0x0000000029fb0000 JavaThread "jar transforms Thread 172" [_thread_blocked, id=1404, stack(0x0000000026e70000,0x0000000026f70000)]
  0x0000000029fb1800 JavaThread "jar transforms Thread 171" [_thread_blocked, id=13464, stack(0x0000000026d70000,0x0000000026e70000)]
  0x0000000029faa000 JavaThread "jar transforms Thread 170" [_thread_blocked, id=6976, stack(0x0000000026c70000,0x0000000026d70000)]
  0x0000000029fa8800 JavaThread "jar transforms Thread 169" [_thread_blocked, id=11112, stack(0x0000000026b70000,0x0000000026c70000)]
  0x0000000029faf000 JavaThread "jar transforms Thread 168" [_thread_blocked, id=12640, stack(0x0000000026a70000,0x0000000026b70000)]
  0x0000000029fa9000 JavaThread "jar transforms Thread 167" [_thread_blocked, id=13804, stack(0x0000000026970000,0x0000000026a70000)]
  0x0000000029fae800 JavaThread "jar transforms Thread 166" [_thread_blocked, id=11612, stack(0x0000000026870000,0x0000000026970000)]
  0x0000000029fac000 JavaThread "jar transforms Thread 165" [_thread_blocked, id=4332, stack(0x0000000026770000,0x0000000026870000)]
  0x0000000029fa7000 JavaThread "jar transforms Thread 164" [_thread_blocked, id=14244, stack(0x0000000026670000,0x0000000026770000)]
  0x0000000029fad800 JavaThread "jar transforms Thread 163" [_thread_blocked, id=2788, stack(0x0000000026570000,0x0000000026670000)]
  0x0000000029fa6000 JavaThread "jar transforms Thread 162" [_thread_blocked, id=14008, stack(0x0000000026470000,0x0000000026570000)]
  0x0000000029faa800 JavaThread "jar transforms Thread 161" [_thread_blocked, id=8780, stack(0x0000000026370000,0x0000000026470000)]
  0x0000000029fab800 JavaThread "jar transforms Thread 160" [_thread_blocked, id=12908, stack(0x0000000026270000,0x0000000026370000)]
  0x0000000029fad000 JavaThread "jar transforms Thread 159" [_thread_blocked, id=3052, stack(0x0000000026170000,0x0000000026270000)]
  0x0000000029fa7800 JavaThread "jar transforms Thread 158" [_thread_blocked, id=5996, stack(0x0000000026070000,0x0000000026170000)]
  0x000000001b13e000 JavaThread "jar transforms Thread 157" [_thread_blocked, id=6656, stack(0x0000000025f70000,0x0000000026070000)]
  0x000000001b13d000 JavaThread "jar transforms Thread 156" [_thread_blocked, id=13588, stack(0x0000000025e70000,0x0000000025f70000)]
  0x000000001b13b800 JavaThread "jar transforms Thread 155" [_thread_blocked, id=13212, stack(0x0000000025d70000,0x0000000025e70000)]
  0x000000001b137000 JavaThread "jar transforms Thread 154" [_thread_blocked, id=4800, stack(0x0000000025c70000,0x0000000025d70000)]
  0x000000001b13b000 JavaThread "jar transforms Thread 153" [_thread_blocked, id=9436, stack(0x0000000025b70000,0x0000000025c70000)]
  0x000000001b13a000 JavaThread "jar transforms Thread 152" [_thread_blocked, id=6252, stack(0x0000000025a70000,0x0000000025b70000)]
  0x000000001b13c800 JavaThread "jar transforms Thread 151" [_thread_blocked, id=7660, stack(0x0000000025970000,0x0000000025a70000)]
  0x000000001b138800 JavaThread "jar transforms Thread 150" [_thread_blocked, id=11400, stack(0x0000000025870000,0x0000000025970000)]
  0x000000001b138000 JavaThread "jar transforms Thread 149" [_thread_blocked, id=6880, stack(0x0000000025770000,0x0000000025870000)]
  0x000000001b139800 JavaThread "jar transforms Thread 148" [_thread_blocked, id=12440, stack(0x0000000025670000,0x0000000025770000)]
  0x000000001b12f800 JavaThread "jar transforms Thread 147" [_thread_blocked, id=1844, stack(0x0000000025570000,0x0000000025670000)]
  0x000000001b134000 JavaThread "jar transforms Thread 146" [_thread_blocked, id=7516, stack(0x0000000025470000,0x0000000025570000)]
  0x000000001b135800 JavaThread "jar transforms Thread 145" [_thread_blocked, id=12312, stack(0x0000000025370000,0x0000000025470000)]
  0x000000001b133800 JavaThread "jar transforms Thread 144" [_thread_blocked, id=13072, stack(0x0000000025270000,0x0000000025370000)]
  0x000000001b132000 JavaThread "jar transforms Thread 143" [_thread_blocked, id=3324, stack(0x0000000025170000,0x0000000025270000)]
  0x000000001b130800 JavaThread "jar transforms Thread 142" [_thread_blocked, id=10364, stack(0x0000000025070000,0x0000000025170000)]
  0x000000001b136800 JavaThread "jar transforms Thread 141" [_thread_blocked, id=1528, stack(0x0000000024f70000,0x0000000025070000)]
  0x000000001b132800 JavaThread "jar transforms Thread 140" [_thread_blocked, id=3736, stack(0x0000000024e70000,0x0000000024f70000)]
  0x000000001b12f000 JavaThread "jar transforms Thread 139" [_thread_blocked, id=13596, stack(0x0000000024d70000,0x0000000024e70000)]
  0x000000001b131000 JavaThread "jar transforms Thread 138" [_thread_blocked, id=14332, stack(0x0000000024c70000,0x0000000024d70000)]
  0x000000001b135000 JavaThread "jar transforms Thread 137" [_thread_blocked, id=4996, stack(0x0000000024b70000,0x0000000024c70000)]
  0x000000001aef2800 JavaThread "jar transforms Thread 136" [_thread_blocked, id=6020, stack(0x0000000024a70000,0x0000000024b70000)]
  0x000000001aef1800 JavaThread "jar transforms Thread 135" [_thread_blocked, id=11756, stack(0x0000000024970000,0x0000000024a70000)]
  0x000000001aeeb800 JavaThread "jar transforms Thread 134" [_thread_blocked, id=12468, stack(0x0000000024870000,0x0000000024970000)]
  0x000000001aef1000 JavaThread "jar transforms Thread 133" [_thread_blocked, id=14088, stack(0x0000000024770000,0x0000000024870000)]
  0x000000001aef0000 JavaThread "jar transforms Thread 132" [_thread_blocked, id=8944, stack(0x0000000024670000,0x0000000024770000)]
  0x000000001aeee800 JavaThread "jar transforms Thread 131" [_thread_blocked, id=7536, stack(0x0000000024570000,0x0000000024670000)]
  0x000000001dec2000 JavaThread "jar transforms Thread 130" [_thread_blocked, id=7736, stack(0x0000000024470000,0x0000000024570000)]
  0x000000001dec1000 JavaThread "jar transforms Thread 129" [_thread_blocked, id=11624, stack(0x0000000024370000,0x0000000024470000)]
  0x000000001dec0800 JavaThread "jar transforms Thread 128" [_thread_blocked, id=5916, stack(0x0000000024270000,0x0000000024370000)]
  0x000000001debe000 JavaThread "jar transforms Thread 127" [_thread_blocked, id=6068, stack(0x0000000024170000,0x0000000024270000)]
  0x000000001deb6800 JavaThread "jar transforms Thread 126" [_thread_blocked, id=2512, stack(0x0000000024070000,0x0000000024170000)]
  0x000000001debd800 JavaThread "jar transforms Thread 125" [_thread_blocked, id=13704, stack(0x0000000023f70000,0x0000000024070000)]
  0x000000001deb9800 JavaThread "jar transforms Thread 124" [_thread_blocked, id=14324, stack(0x0000000023e70000,0x0000000023f70000)]
  0x000000001deb9000 JavaThread "jar transforms Thread 123" [_thread_blocked, id=11516, stack(0x0000000023d70000,0x0000000023e70000)]
  0x000000001deb7800 JavaThread "jar transforms Thread 122" [_thread_blocked, id=12096, stack(0x0000000023c70000,0x0000000023d70000)]
  0x000000001deb5000 JavaThread "jar transforms Thread 121" [_thread_blocked, id=10628, stack(0x0000000023b70000,0x0000000023c70000)]
  0x000000001deba800 JavaThread "jar transforms Thread 120" [_thread_blocked, id=6256, stack(0x0000000023a70000,0x0000000023b70000)]
  0x000000001deb6000 JavaThread "jar transforms Thread 119" [_thread_blocked, id=10960, stack(0x0000000023970000,0x0000000023a70000)]
  0x000000001deb8000 JavaThread "jar transforms Thread 118" [_thread_blocked, id=7868, stack(0x0000000023870000,0x0000000023970000)]
  0x000000001debb000 JavaThread "jar transforms Thread 117" [_thread_blocked, id=3256, stack(0x0000000023770000,0x0000000023870000)]
  0x000000001efeb000 JavaThread "jar transforms Thread 116" [_thread_blocked, id=8148, stack(0x0000000023670000,0x0000000023770000)]
  0x000000001efe9800 JavaThread "jar transforms Thread 115" [_thread_blocked, id=12304, stack(0x0000000023570000,0x0000000023670000)]
  0x000000001efe5000 JavaThread "jar transforms Thread 114" [_thread_blocked, id=4536, stack(0x0000000023470000,0x0000000023570000)]
  0x000000001efe8800 JavaThread "jar transforms Thread 113" [_thread_blocked, id=10680, stack(0x0000000023370000,0x0000000023470000)]
  0x000000001efe7000 JavaThread "jar transforms Thread 112" [_thread_blocked, id=1932, stack(0x0000000023270000,0x0000000023370000)]
  0x000000001efe5800 JavaThread "jar transforms Thread 111" [_thread_blocked, id=5648, stack(0x0000000023170000,0x0000000023270000)]
  0x000000001efe6800 JavaThread "jar transforms Thread 110" [_thread_blocked, id=12968, stack(0x0000000023070000,0x0000000023170000)]
  0x000000001efeb800 JavaThread "jar transforms Thread 109" [_thread_blocked, id=7872, stack(0x0000000022f70000,0x0000000023070000)]
  0x000000001efe8000 JavaThread "jar transforms Thread 108" [_thread_blocked, id=13272, stack(0x0000000022e70000,0x0000000022f70000)]
  0x000000001efea000 JavaThread "jar transforms Thread 107" [_thread_blocked, id=1304, stack(0x0000000022d70000,0x0000000022e70000)]
  0x000000001efe4000 JavaThread "jar transforms Thread 106" [_thread_blocked, id=13696, stack(0x0000000022c70000,0x0000000022d70000)]
  0x000000001efe3800 JavaThread "jar transforms Thread 105" [_thread_blocked, id=10888, stack(0x0000000022b70000,0x0000000022c70000)]
  0x000000001efdc800 JavaThread "jar transforms Thread 104" [_thread_blocked, id=7392, stack(0x0000000022a70000,0x0000000022b70000)]
  0x000000001efdd800 JavaThread "jar transforms Thread 103" [_thread_blocked, id=2040, stack(0x0000000022970000,0x0000000022a70000)]
  0x000000001efe2000 JavaThread "jar transforms Thread 102" [_thread_blocked, id=12168, stack(0x0000000022870000,0x0000000022970000)]
  0x000000001efe2800 JavaThread "jar transforms Thread 101" [_thread_blocked, id=10296, stack(0x0000000022770000,0x0000000022870000)]
  0x000000001efdf800 JavaThread "jar transforms Thread 100" [_thread_blocked, id=4452, stack(0x0000000022670000,0x0000000022770000)]
  0x000000001efdf000 JavaThread "jar transforms Thread 99" [_thread_blocked, id=10664, stack(0x0000000022570000,0x0000000022670000)]
  0x0000000019a65000 JavaThread "jar transforms Thread 98" [_thread_blocked, id=13816, stack(0x0000000022470000,0x0000000022570000)]
  0x0000000019a65800 JavaThread "jar transforms Thread 97" [_thread_blocked, id=5268, stack(0x0000000022370000,0x0000000022470000)]
  0x0000000019a64000 JavaThread "jar transforms Thread 96" [_thread_blocked, id=13148, stack(0x0000000022270000,0x0000000022370000)]
  0x0000000019a63800 JavaThread "jar transforms Thread 95" [_thread_blocked, id=8224, stack(0x0000000022170000,0x0000000022270000)]
  0x0000000019a62800 JavaThread "Build operations Thread 4" [_thread_blocked, id=2032, stack(0x0000000022070000,0x0000000022170000)]
  0x0000000019a62000 JavaThread "Build operations Thread 3" [_thread_blocked, id=1316, stack(0x0000000021870000,0x0000000021970000)]
  0x0000000019a61000 JavaThread "Build operations Thread 2" [_thread_blocked, id=12956, stack(0x0000000021070000,0x0000000021170000)]
  0x0000000019a60800 JavaThread "Build operations" [_thread_blocked, id=8020, stack(0x0000000020f70000,0x0000000021070000)]
  0x0000000019a59000 JavaThread "Cache worker for cache directory md-rule (C:\Users\lea\.gradle\caches\6.5\md-rule)" [_thread_blocked, id=12844, stack(0x000000001fbc0000,0x000000001fcc0000)]
  0x0000000019a5f800 JavaThread "Cache worker for cache directory md-supplier (C:\Users\lea\.gradle\caches\6.5\md-supplier)" [_thread_blocked, id=2468, stack(0x000000001ea30000,0x000000001eb30000)]
  0x0000000019a5d800 JavaThread "Cache worker for checksums cache (C:\Users\lea\Desktop\app\Dimot_Bekalot\.gradle\checksums)" [_thread_blocked, id=8076, stack(0x000000001cf60000,0x000000001d060000)]
  0x0000000019a5f000 JavaThread "Cache worker for file hash cache (C:\Users\lea\Desktop\app\Dimot_Bekalot\.gradle\6.5\fileHashes)" [_thread_blocked, id=2996, stack(0x000000001ce60000,0x000000001cf60000)]
  0x0000000019a5c800 JavaThread "Thread-137" [_thread_blocked, id=3752, stack(0x000000001cd60000,0x000000001ce60000)]
  0x0000000019a58000 JavaThread "Stdin handler" [_thread_blocked, id=4376, stack(0x000000001cc60000,0x000000001cd60000)]
  0x0000000019a5c000 JavaThread "Asynchronous log dispatcher for DefaultDaemonConnection: socket connection from /127.0.0.1:49751 to /127.0.0.1:50405" [_thread_blocked, id=11616, stack(0x000000001cb60000,0x000000001cc60000)]
  0x0000000019a5a800 JavaThread "Daemon worker Thread 2" [_thread_blocked, id=12600, stack(0x000000001c320000,0x000000001c420000)]
  0x0000000019a59800 JavaThread "Cancel handler" [_thread_blocked, id=3392, stack(0x000000001c220000,0x000000001c320000)]
  0x0000000019a5b000 JavaThread "Handler for socket connection from /127.0.0.1:49751 to /127.0.0.1:50405" [_thread_in_native, id=11724, stack(0x0000000000c70000,0x0000000000d70000)]
  0x0000000019a5e000 JavaThread "Daemon Thread 2" [_thread_blocked, id=11640, stack(0x0000000000a70000,0x0000000000b70000)]
  0x000000001dec2800 JavaThread "Cache worker for Java compile cache (C:\Users\lea\.gradle\caches\6.5\javaCompile)" [_thread_blocked, id=13768, stack(0x0000000000b70000,0x0000000000c70000)]
  0x0000000019a67000 JavaThread "Memory manager" [_thread_blocked, id=12240, stack(0x0000000029470000,0x0000000029570000)]
  0x000000001aeec800 JavaThread "Cache worker for file content cache (C:\Users\lea\.gradle\caches\6.5\fileContent)" [_thread_blocked, id=10156, stack(0x0000000021970000,0x0000000021a70000)]
  0x000000001aeef800 JavaThread "Cache worker for execution history cache (C:\Users\lea\.gradle\caches\6.5\executionHistory)" [_thread_blocked, id=8096, stack(0x0000000021170000,0x0000000021270000)]
  0x000000001aeee000 JavaThread "Cache worker for file hash cache (C:\Users\lea\.gradle\caches\6.5\fileHashes)" [_thread_blocked, id=7212, stack(0x000000001d560000,0x000000001d660000)]
  0x000000001aeed000 JavaThread "File lock request listener" [_thread_in_native, id=10936, stack(0x000000001d460000,0x000000001d560000)]
  0x000000001b0a0800 JavaThread "Cache worker for journal cache (C:\Users\lea\.gradle\caches\journal-1)" [_thread_blocked, id=7848, stack(0x000000001d260000,0x000000001d360000)]
  0x000000001ade4800 JavaThread "Daemon periodic checks" [_thread_blocked, id=416, stack(0x000000001c660000,0x000000001c760000)]
  0x000000001adcd800 JavaThread "Incoming local TCP Connector on port 49751" [_thread_in_native, id=12496, stack(0x000000001c420000,0x000000001c520000)]
  0x0000000018f24800 JavaThread "Daemon health stats" [_thread_blocked, id=7980, stack(0x000000001bde0000,0x000000001bee0000)]
  0x0000000018ebc000 JavaThread "Service Thread" daemon [_thread_blocked, id=13436, stack(0x0000000019240000,0x0000000019340000)]
  0x00000000174ee000 JavaThread "C1 CompilerThread2" daemon [_thread_blocked, id=12016, stack(0x0000000018d40000,0x0000000018e40000)]
=>0x00000000174eb000 JavaThread "C2 CompilerThread1" daemon [_thread_in_native, id=7800, stack(0x0000000018c40000,0x0000000018d40000)]
  0x00000000174e6000 JavaThread "C2 CompilerThread0" daemon [_thread_in_native, id=13396, stack(0x0000000018b40000,0x0000000018c40000)]
  0x0000000017532000 JavaThread "Attach Listener" daemon [_thread_blocked, id=9948, stack(0x0000000018a40000,0x0000000018b40000)]
  0x00000000174d7000 JavaThread "Signal Dispatcher" daemon [_thread_blocked, id=3676, stack(0x0000000018940000,0x0000000018a40000)]
  0x00000000028bb800 JavaThread "Finalizer" daemon [_thread_blocked, id=9928, stack(0x0000000018740000,0x0000000018840000)]
  0x00000000174c9000 JavaThread "Reference Handler" daemon [_thread_blocked, id=5000, stack(0x0000000018640000,0x0000000018740000)]
  0x000000000264e000 JavaThread "main" [_thread_blocked, id=11496, stack(0x0000000002650000,0x0000000002750000)]

Other Threads:
  0x00000000174a7000 VMThread [stack: 0x0000000018540000,0x0000000018640000] [id=13560]
  0x0000000018ebf000 WatcherThread [stack: 0x0000000019340000,0x0000000019440000] [id=2112]

VM state:not at safepoint (normal execution)

VM Mutex/Monitor currently owned by a thread: None

heap address: 0x0000000080000000, size: 2048 MB, Compressed Oops mode: 32-bit
Narrow klass base: 0x0000000000000000, Narrow klass shift: 3
Compressed class space size: 1073741824 Address: 0x0000000100000000

Heap:
 PSYoungGen      total 320000K, used 225608K [0x00000000d5580000, 0x00000000ebe80000, 0x0000000100000000)
  eden space 270336K, 65% used [0x00000000d5580000,0x00000000e0155fa8,0x00000000e5d80000)
  from space 49664K, 99% used [0x00000000e5d80000,0x00000000e8dfc0c8,0x00000000e8e00000)
  to   space 40448K, 0% used [0x00000000e9700000,0x00000000e9700000,0x00000000ebe80000)
 ParOldGen       total 233472K, used 162399K [0x0000000080000000, 0x000000008e400000, 0x00000000d5580000)
  object space 233472K, 69% used [0x0000000080000000,0x0000000089e97f48,0x000000008e400000)
 Metaspace       used 87170K, capacity 91268K, committed 91480K, reserved 1128448K
  class space    used 11574K, capacity 12365K, committed 12416K, reserved 1048576K

Card table byte_map: [0x0000000011c80000,0x0000000012090000] byte_map_base: 0x0000000011880000

Marking Bits: (ParMarkBitMap*) 0x000000006d98f030
 Begin Bits: [0x0000000012740000, 0x0000000014740000)
 End Bits:   [0x0000000014740000, 0x0000000016740000)

Polling page: 0x0000000000dc0000

CodeCache: size=245760Kb used=41127Kb max_used=41145Kb free=204632Kb
 bounds [0x00000000028c0000, 0x0000000005160000, 0x00000000118c0000]
 total_blobs=13359 nmethods=12508 adapters=763
 compilation: enabled

Compilation events (10 events):
Event: 9979.702 Thread 0x00000000174e6000 nmethod 15485 0x0000000003bb6290 code [0x0000000003bb6400, 0x0000000003bb6578]
Event: 9979.703 Thread 0x00000000174e6000 15500       4       com.android.tools.r8.dex.m::a (15 bytes)
Event: 9979.713 Thread 0x00000000174e6000 nmethod 15500 0x0000000003458710 code [0x00000000034588a0, 0x0000000003458d88]
Event: 9979.713 Thread 0x00000000174e6000 15494       4       java.util.Spliterators::spliterator (25 bytes)
Event: 9979.716 Thread 0x00000000174e6000 nmethod 15494 0x0000000003d86910 code [0x0000000003d86a60, 0x0000000003d86bd8]
Event: 9979.716 Thread 0x00000000174e6000 15546   !   4       com.android.tools.r8.graph.f0::j0 (62 bytes)
Event: 9979.828 Thread 0x00000000174e6000 nmethod 15546 0x0000000003dc3ad0 code [0x0000000003dc3da0, 0x0000000003dc5d78]
Event: 9979.828 Thread 0x00000000174e6000 15547       4       java.util.IdentityHashMap::get (60 bytes)
Event: 9979.832 Thread 0x00000000174e6000 nmethod 15547 0x0000000002f33410 code [0x0000000002f33560, 0x0000000002f33728]
Event: 9979.832 Thread 0x00000000174e6000 15548       4       com.android.tools.r8.dex.r$$Lambda$969/1541333170::accept (12 bytes)

GC Heap History (10 events):
Event: 38.154 GC heap before
{Heap before GC invocations=21 (full 3):
 PSYoungGen      total 247296K, used 247290K [0x00000000d5580000, 0x00000000e8f80000, 0x0000000100000000)
  eden space 227840K, 100% used [0x00000000d5580000,0x00000000e3400000,0x00000000e3400000)
  from space 19456K, 99% used [0x00000000e3400000,0x00000000e46fe9d8,0x00000000e4700000)
  to   space 27136K, 0% used [0x00000000e7500000,0x00000000e7500000,0x00000000e8f80000)
 ParOldGen       total 101888K, used 58835K [0x0000000080000000, 0x0000000086380000, 0x00000000d5580000)
  object space 101888K, 57% used [0x0000000080000000,0x0000000083974f98,0x0000000086380000)
 Metaspace       used 77117K, capacity 81016K, committed 81240K, reserved 1120256K
  class space    used 10617K, capacity 11360K, committed 11392K, reserved 1048576K
Event: 38.319 GC heap after
Heap after GC invocations=21 (full 3):
 PSYoungGen      total 267264K, used 27120K [0x00000000d5580000, 0x00000000ec580000, 0x0000000100000000)
  eden space 240128K, 0% used [0x00000000d5580000,0x00000000d5580000,0x00000000e4000000)
  from space 27136K, 99% used [0x00000000e7500000,0x00000000e8f7c198,0x00000000e8f80000)
  to   space 54272K, 0% used [0x00000000e4000000,0x00000000e4000000,0x00000000e7500000)
 ParOldGen       total 120832K, used 120728K [0x0000000080000000, 0x0000000087600000, 0x00000000d5580000)
  object space 120832K, 99% used [0x0000000080000000,0x00000000875e6188,0x0000000087600000)
 Metaspace       used 77117K, capacity 81016K, committed 81240K, reserved 1120256K
  class space    used 10617K, capacity 11360K, committed 11392K, reserved 1048576K
}
Event: 38.319 GC heap before
{Heap before GC invocations=22 (full 4):
 PSYoungGen      total 267264K, used 27120K [0x00000000d5580000, 0x00000000ec580000, 0x0000000100000000)
  eden space 240128K, 0% used [0x00000000d5580000,0x00000000d5580000,0x00000000e4000000)
  from space 27136K, 99% used [0x00000000e7500000,0x00000000e8f7c198,0x00000000e8f80000)
  to   space 54272K, 0% used [0x00000000e4000000,0x00000000e4000000,0x00000000e7500000)
 ParOldGen       total 120832K, used 120728K [0x0000000080000000, 0x0000000087600000, 0x00000000d5580000)
  object space 120832K, 99% used [0x0000000080000000,0x00000000875e6188,0x0000000087600000)
 Metaspace       used 77117K, capacity 81016K, committed 81240K, reserved 1120256K
  class space    used 10617K, capacity 11360K, committed 11392K, reserved 1048576K
Event: 39.681 GC heap after
Heap after GC invocations=22 (full 4):
 PSYoungGen      total 267264K, used 13335K [0x00000000d5580000, 0x00000000ec580000, 0x0000000100000000)
  eden space 240128K, 0% used [0x00000000d5580000,0x00000000d5580000,0x00000000e4000000)
  from space 27136K, 49% used [0x00000000e7500000,0x00000000e8205cc8,0x00000000e8f80000)
  to   space 54272K, 0% used [0x00000000e4000000,0x00000000e4000000,0x00000000e7500000)
 ParOldGen       total 233472K, used 120441K [0x0000000080000000, 0x000000008e400000, 0x00000000d5580000)
  object space 233472K, 51% used [0x0000000080000000,0x000000008759e418,0x000000008e400000)
 Metaspace       used 77012K, capacity 80706K, committed 81240K, reserved 1120256K
  class space    used 10582K, capacity 11299K, committed 11392K, reserved 1048576K
}
Event: 44.066 GC heap before
{Heap before GC invocations=23 (full 4):
 PSYoungGen      total 267264K, used 253463K [0x00000000d5580000, 0x00000000ec580000, 0x0000000100000000)
  eden space 240128K, 100% used [0x00000000d5580000,0x00000000e4000000,0x00000000e4000000)
  from space 27136K, 49% used [0x00000000e7500000,0x00000000e8205cc8,0x00000000e8f80000)
  to   space 54272K, 0% used [0x00000000e4000000,0x00000000e4000000,0x00000000e7500000)
 ParOldGen       total 233472K, used 120441K [0x0000000080000000, 0x000000008e400000, 0x00000000d5580000)
  object space 233472K, 51% used [0x0000000080000000,0x000000008759e418,0x000000008e400000)
 Metaspace       used 84818K, capacity 88846K, committed 89048K, reserved 1126400K
  class space    used 11445K, capacity 12240K, committed 12288K, reserved 1048576K
Event: 44.193 GC heap after
Heap after GC invocations=23 (full 4):
 PSYoungGen      total 294400K, used 10581K [0x00000000d5580000, 0x00000000eca00000, 0x0000000100000000)
  eden space 240128K, 0% used [0x00000000d5580000,0x00000000d5580000,0x00000000e4000000)
  from space 54272K, 19% used [0x00000000e4000000,0x00000000e4a55468,0x00000000e7500000)
  to   space 52224K, 0% used [0x00000000e9700000,0x00000000e9700000,0x00000000eca00000)
 ParOldGen       total 233472K, used 133865K [0x0000000080000000, 0x000000008e400000, 0x00000000d5580000)
  object space 233472K, 57% used [0x0000000080000000,0x00000000882ba438,0x000000008e400000)
 Metaspace       used 84818K, capacity 88846K, committed 89048K, reserved 1126400K
  class space    used 11445K, capacity 12240K, committed 12288K, reserved 1048576K
}
Event: 9974.534 GC heap before
{Heap before GC invocations=24 (full 4):
 PSYoungGen      total 294400K, used 250709K [0x00000000d5580000, 0x00000000eca00000, 0x0000000100000000)
  eden space 240128K, 100% used [0x00000000d5580000,0x00000000e4000000,0x00000000e4000000)
  from space 54272K, 19% used [0x00000000e4000000,0x00000000e4a55468,0x00000000e7500000)
  to   space 52224K, 0% used [0x00000000e9700000,0x00000000e9700000,0x00000000eca00000)
 ParOldGen       total 233472K, used 133865K [0x0000000080000000, 0x000000008e400000, 0x00000000d5580000)
  object space 233472K, 57% used [0x0000000080000000,0x00000000882ba438,0x000000008e400000)
 Metaspace       used 86868K, capacity 90938K, committed 91224K, reserved 1128448K
  class space    used 11560K, capacity 12342K, committed 12416K, reserved 1048576K
Event: 9974.684 GC heap after
Heap after GC invocations=24 (full 4):
 PSYoungGen      total 310784K, used 14987K [0x00000000d5580000, 0x00000000ebe80000, 0x0000000100000000)
  eden space 270336K, 0% used [0x00000000d5580000,0x00000000d5580000,0x00000000e5d80000)
  from space 40448K, 37% used [0x00000000e9700000,0x00000000ea5a2d78,0x00000000ebe80000)
  to   space 49664K, 0% used [0x00000000e5d80000,0x00000000e5d80000,0x00000000e8e00000)
 ParOldGen       total 233472K, used 133873K [0x0000000080000000, 0x000000008e400000, 0x00000000d5580000)
  object space 233472K, 57% used [0x0000000080000000,0x00000000882bc438,0x000000008e400000)
 Metaspace       used 86868K, capacity 90938K, committed 91224K, reserved 1128448K
  class space    used 11560K, capacity 12342K, committed 12416K, reserved 1048576K
}
Event: 9977.492 GC heap before
{Heap before GC invocations=25 (full 4):
 PSYoungGen      total 310784K, used 285323K [0x00000000d5580000, 0x00000000ebe80000, 0x0000000100000000)
  eden space 270336K, 100% used [0x00000000d5580000,0x00000000e5d80000,0x00000000e5d80000)
  from space 40448K, 37% used [0x00000000e9700000,0x00000000ea5a2d78,0x00000000ebe80000)
  to   space 49664K, 0% used [0x00000000e5d80000,0x00000000e5d80000,0x00000000e8e00000)
 ParOldGen       total 233472K, used 133873K [0x0000000080000000, 0x000000008e400000, 0x00000000d5580000)
  object space 233472K, 57% used [0x0000000080000000,0x00000000882bc438,0x000000008e400000)
 Metaspace       used 87153K, capacity 91268K, committed 91480K, reserved 1128448K
  class space    used 11574K, capacity 12365K, committed 12416K, reserved 1048576K
Event: 9977.780 GC heap after
Heap after GC invocations=25 (full 4):
 PSYoungGen      total 320000K, used 49648K [0x00000000d5580000, 0x00000000ebe80000, 0x0000000100000000)
  eden space 270336K, 0% used [0x00000000d5580000,0x00000000d5580000,0x00000000e5d80000)
  from space 49664K, 99% used [0x00000000e5d80000,0x00000000e8dfc0c8,0x00000000e8e00000)
  to   space 40448K, 0% used [0x00000000e9700000,0x00000000e9700000,0x00000000ebe80000)
 ParOldGen       total 233472K, used 162399K [0x0000000080000000, 0x000000008e400000, 0x00000000d5580000)
  object space 233472K, 69% used [0x0000000080000000,0x0000000089e97f48,0x000000008e400000)
 Metaspace       used 87153K, capacity 91268K, committed 91480K, reserved 1128448K
  class space    used 11574K, capacity 12365K, committed 12416K, reserved 1048576K
}

Deoptimization events (10 events):
Event: 9977.347 Thread 0x00000000298f8000 Uncommon trap: reason=null_check action=make_not_entrant pc=0x0000000003418670 method=com.android.tools.r8.q.a.b.h.b(Ljava/lang/Object;)V @ 71
Event: 9978.119 Thread 0x00000000298f8000 Uncommon trap: reason=bimorphic action=maybe_recompile pc=0x00000000050e4b74 method=java.util.Collections$SetFromMap.contains(Ljava/lang/Object;)Z @ 5
Event: 9978.119 Thread 0x00000000298f8000 Uncommon trap: reason=bimorphic action=maybe_recompile pc=0x00000000050e4b74 method=java.util.Collections$SetFromMap.contains(Ljava/lang/Object;)Z @ 5
Event: 9978.119 Thread 0x00000000298f8000 Uncommon trap: reason=bimorphic action=maybe_recompile pc=0x00000000050e4b74 method=java.util.Collections$SetFromMap.contains(Ljava/lang/Object;)Z @ 5
Event: 9978.119 Thread 0x00000000298f8000 Uncommon trap: reason=bimorphic action=maybe_recompile pc=0x00000000050e4b74 method=java.util.Collections$SetFromMap.contains(Ljava/lang/Object;)Z @ 5
Event: 9978.701 Thread 0x000000001df3b800 Uncommon trap: reason=unstable_if action=reinterpret pc=0x00000000047f3a74 method=com.android.tools.r8.t.a.a.a.h.N.a(Ljava/lang/Object;I)I @ 132
Event: 9978.701 Thread 0x000000001df3b800 Uncommon trap: reason=unstable_if action=reinterpret pc=0x000000000481ab14 method=com.android.tools.r8.t.a.a.a.h.N.a(Ljava/lang/Object;I)I @ 132
Event: 9978.701 Thread 0x000000001df3b800 Uncommon trap: reason=unstable_if action=reinterpret pc=0x000000000480e544 method=com.android.tools.r8.t.a.a.a.h.N.a(Ljava/lang/Object;I)I @ 132
Event: 9978.771 Thread 0x000000001df3b800 Uncommon trap: reason=unstable_if action=reinterpret pc=0x00000000046e77c8 method=com.android.tools.r8.graph.J$c.equals(Ljava/lang/Object;)Z @ 18
Event: 9979.038 Thread 0x000000001df3b800 Uncommon trap: reason=unloaded action=reinterpret pc=0x00000000049604f0 method=com.android.tools.r8.dex.r.c()Lcom/android/tools/r8/dex/r$a; @ 861

Classes redefined (0 events):
No events

Internal exceptions (10 events):
Event: 9971.316 Thread 0x0000000019a5a800 Implicit null exception at 0x0000000004be5906 to 0x0000000004be95e5
Event: 9972.245 Thread 0x0000000019a5a800 Exception <a 'sun/nio/fs/WindowsException'> (0x00000000dd9f02b8) thrown at [C:\src\AOSP-openjdk-git\hotspot\src\share\vm\prims\jni.cpp, line 710]
Event: 9973.450 Thread 0x00000000298f9800 Implicit null exception at 0x0000000004e0e6e4 to 0x0000000004e0f495
Event: 9973.489 Thread 0x00000000298f9800 Implicit null exception at 0x0000000004e12ae4 to 0x0000000004e13895
Event: 9973.876 Thread 0x00000000298f9800 Implicit null exception at 0x0000000003fabc1f to 0x0000000003fb2355
Event: 9973.877 Thread 0x00000000298f9800 Implicit null exception at 0x0000000003f648fb to 0x0000000003f6594d
Event: 9975.487 Thread 0x00000000298fd000 Exception <a 'sun/nio/fs/WindowsException'> (0x00000000d7a9d7e8) thrown at [C:\src\AOSP-openjdk-git\hotspot\src\share\vm\prims\jni.cpp, line 710]
Event: 9975.488 Thread 0x00000000298fd000 Exception <a 'sun/nio/fs/WindowsException'> (0x00000000d7a9e500) thrown at [C:\src\AOSP-openjdk-git\hotspot\src\share\vm\prims\jni.cpp, line 710]
Event: 9976.436 Thread 0x0000000019a5a800 Implicit null exception at 0x0000000004bf5480 to 0x0000000004bf9ccd
Event: 9976.467 Thread 0x00000000298f8000 Exception <a 'sun/nio/fs/WindowsException'> (0x00000000db93cc10) thrown at [C:\src\AOSP-openjdk-git\hotspot\src\share\vm\prims\jni.cpp, line 710]

Events (10 events):
Event: 9978.746 Thread 0x000000001df3b800 DEOPT PACKING pc=0x00000000047d82bb sp=0x000000002d03e680
Event: 9978.746 Thread 0x000000001df3b800 DEOPT UNPACKING pc=0x00000000029075d0 sp=0x000000002d03e540 mode 0
Event: 9978.771 Thread 0x000000001df3b800 Uncommon trap: trap_request=0xffffff65 fr.pc=0x00000000046e77c8
Event: 9978.771 Thread 0x000000001df3b800 DEOPT PACKING pc=0x00000000046e77c8 sp=0x000000002d03e890
Event: 9978.771 Thread 0x000000001df3b800 DEOPT UNPACKING pc=0x000000000290557b sp=0x000000002d03e820 mode 2
Event: 9979.021 Thread 0x000000001df3b800 DEOPT PACKING pc=0x00000000049b9696 sp=0x000000002d03e720
Event: 9979.021 Thread 0x000000001df3b800 DEOPT UNPACKING pc=0x00000000029075d0 sp=0x000000002d03ead0 mode 0
Event: 9979.038 Thread 0x000000001df3b800 Uncommon trap: trap_request=0x000003cc fr.pc=0x00000000049604f0
Event: 9979.038 Thread 0x000000001df3b800 DEOPT PACKING pc=0x00000000049604f0 sp=0x000000002d03ed90
Event: 9979.038 Thread 0x000000001df3b800 DEOPT UNPACKING pc=0x000000000290557b sp=0x000000002d03ed58 mode 2


Dynamic libraries:
0x00007ff62b0c0000 - 0x00007ff62b0f1000 	C:\Program Files\Android\Android Studio\jre\bin\java.exe
0x00007ffe1bc70000 - 0x00007ffe1be66000 	C:\WINDOWS\SYSTEM32\ntdll.dll
0x00007ffe1b010000 - 0x00007ffe1b0cd000 	C:\WINDOWS\System32\KERNEL32.DLL
0x00007ffe194e0000 - 0x00007ffe197a9000 	C:\WINDOWS\System32\KERNELBASE.dll
0x00007ffe1a850000 - 0x00007ffe1a8fc000 	C:\WINDOWS\System32\ADVAPI32.dll
0x00007ffe1a7b0000 - 0x00007ffe1a84e000 	C:\WINDOWS\System32\msvcrt.dll
0x00007ffe1a6f0000 - 0x00007ffe1a78c000 	C:\WINDOWS\System32\sechost.dll
0x00007ffe1b7b0000 - 0x00007ffe1b8db000 	C:\WINDOWS\System32\RPCRT4.dll
0x00007ffe19cd0000 - 0x00007ffe19e70000 	C:\WINDOWS\System32\USER32.dll
0x00007ffe19910000 - 0x00007ffe19932000 	C:\WINDOWS\System32\win32u.dll
0x00007ffe1b8e0000 - 0x00007ffe1b90a000 	C:\WINDOWS\System32\GDI32.dll
0x00007ffe199e0000 - 0x00007ffe19ae9000 	C:\WINDOWS\System32\gdi32full.dll
0x00007ffe19940000 - 0x00007ffe199dd000 	C:\WINDOWS\System32\msvcp_win.dll
0x00007ffe193e0000 - 0x00007ffe194e0000 	C:\WINDOWS\System32\ucrtbase.dll
0x00007ffe07490000 - 0x00007ffe0772b000 	C:\WINDOWS\WinSxS\amd64_microsoft.windows.common-controls_6595b64144ccf1df_6.0.19041.488_none_ca04af081b815d21\COMCTL32.dll
0x00007ffe1bc00000 - 0x00007ffe1bc30000 	C:\WINDOWS\System32\IMM32.DLL
0x000000006d0e0000 - 0x000000006d1b2000 	C:\Program Files\Android\Android Studio\jre\jre\bin\msvcr100.dll
0x000000006d1c0000 - 0x000000006da0b000 	C:\Program Files\Android\Android Studio\jre\jre\bin\server\jvm.dll
0x00007ffe1bbf0000 - 0x00007ffe1bbf8000 	C:\WINDOWS\System32\PSAPI.DLL
0x00007ffe0a580000 - 0x00007ffe0a5a7000 	C:\WINDOWS\SYSTEM32\WINMM.dll
0x00007ffe07740000 - 0x00007ffe07749000 	C:\WINDOWS\SYSTEM32\WSOCK32.dll
0x00007ffe1b0d0000 - 0x00007ffe1b13b000 	C:\WINDOWS\System32\WS2_32.dll
0x00007ffe0eae0000 - 0x00007ffe0eaea000 	C:\WINDOWS\SYSTEM32\VERSION.dll
0x00007ffe13e60000 - 0x00007ffe13e6f000 	C:\Program Files\Android\Android Studio\jre\jre\bin\verify.dll
0x00007ffe10a50000 - 0x00007ffe10a79000 	C:\Program Files\Android\Android Studio\jre\jre\bin\java.dll
0x00007ffe10a30000 - 0x00007ffe10a46000 	C:\Program Files\Android\Android Studio\jre\jre\bin\zip.dll
0x00007ffe19e70000 - 0x00007ffe1a5b2000 	C:\WINDOWS\System32\SHELL32.dll
0x00007ffe17360000 - 0x00007ffe17af5000 	C:\WINDOWS\SYSTEM32\windows.storage.dll
0x00007ffe1acb0000 - 0x00007ffe1b006000 	C:\WINDOWS\System32\combase.dll
0x00007ffe18e20000 - 0x00007ffe18e4c000 	C:\WINDOWS\SYSTEM32\Wldp.dll
0x00007ffe1a640000 - 0x00007ffe1a6ee000 	C:\WINDOWS\System32\SHCORE.dll
0x00007ffe1a900000 - 0x00007ffe1a955000 	C:\WINDOWS\System32\shlwapi.dll
0x00007ffe192e0000 - 0x00007ffe19306000 	C:\WINDOWS\SYSTEM32\profapi.dll
0x00007ffe106c0000 - 0x00007ffe106da000 	C:\Program Files\Android\Android Studio\jre\jre\bin\net.dll
0x00007ffe18ba0000 - 0x00007ffe18c0a000 	C:\WINDOWS\system32\mswsock.dll
0x00007ffe0f680000 - 0x00007ffe0f693000 	C:\Program Files\Android\Android Studio\jre\jre\bin\nio.dll
0x00007ffe12410000 - 0x00007ffe12437000 	C:\Users\lea\.gradle\native\f6784746aeab05261644944871eae4fe03e0ef1612fff0a4a95f87b438bc6780\windows-amd64\native-platform.dll
0x00007ffe0f670000 - 0x00007ffe0f67d000 	C:\Program Files\Android\Android Studio\jre\jre\bin\management.dll
0x00007ffe18d70000 - 0x00007ffe18d88000 	C:\WINDOWS\SYSTEM32\CRYPTSP.dll
0x00007ffe18480000 - 0x00007ffe184b4000 	C:\WINDOWS\system32\rsaenh.dll
0x00007ffe193b0000 - 0x00007ffe193d7000 	C:\WINDOWS\System32\bcrypt.dll
0x00007ffe192a0000 - 0x00007ffe192ce000 	C:\WINDOWS\SYSTEM32\USERENV.dll
0x00007ffe19c50000 - 0x00007ffe19cd0000 	C:\WINDOWS\System32\bcryptprimitives.dll
0x00007ffe18d90000 - 0x00007ffe18d9c000 	C:\WINDOWS\SYSTEM32\CRYPTBASE.dll
0x00007ffe18810000 - 0x00007ffe1884b000 	C:\WINDOWS\SYSTEM32\IPHLPAPI.DLL
0x00007ffe1a960000 - 0x00007ffe1a968000 	C:\WINDOWS\System32\NSI.dll
0x00007ffe0d5a0000 - 0x00007ffe0d5b7000 	C:\WINDOWS\SYSTEM32\dhcpcsvc6.DLL
0x00007ffe0f430000 - 0x00007ffe0f44d000 	C:\WINDOWS\SYSTEM32\dhcpcsvc.DLL
0x00007ffe18860000 - 0x00007ffe1892b000 	C:\WINDOWS\SYSTEM32\DNSAPI.dll
0x00007ffe0f6a0000 - 0x00007ffe0f6ab000 	C:\WINDOWS\SYSTEM32\WINNSI.DLL

VM Arguments:
jvm_args: -Xmx2048m -Dfile.encoding=UTF-8 -Duser.country=US -Duser.language=en -Duser.variant 
java_command: org.gradle.launcher.daemon.bootstrap.GradleDaemon 6.5
java_class_path (initial): C:\Users\lea\.gradle\wrapper\dists\gradle-6.5-bin\6nifqtx7604sqp1q6g8wikw7p\gradle-6.5\lib\gradle-launcher-6.5.jar
Launcher Type: SUN_STANDARD

Environment Variables:
PATH=C:\Program Files\Common Files\Oracle\Java\javapath;C:\Program Files\Intel\iCLS Client\;C:\WINDOWS\system32;C:\WINDOWS;C:\WINDOWS\System32\Wbem;C:\WINDOWS\System32\WindowsPowerShell\v1.0\;C:\WINDOWS\System32\OpenSSH\;C:\Program Files\Intel\WiFi\bin\;C:\Program Files\Common Files\Intel\WirelessCommon\;C:\Program Files\Git\cmd;C:\Program Files\nodejs\;C:\Program Files (x86)\Intel\Intel(R) Management Engine Components\DAL;C:\Program Files\Intel\Intel(R) Management Engine Components\DAL;C:\Program Files (x86)\Gow\bin;C:\Program Files\Microsoft SQL Server\120\Tools\Binn\;C:\Program Files\Java\jdk-15.0.1\bin;;C:\Program Files\Git LFS;C:\Users\lea\AppData\Local\Microsoft\WindowsApps;C:\Program Files\JetBrains\IntelliJ IDEA Community Edition 2020.2.3\bin;;C:\Users\lea\AppData\Local\Programs\Microsoft VS Code\bin;C:\Program Files\JetBrains\JetBrains Rider 2020.2.4\bin;;C:\Users\lea\AppData\Local\GitHubDesktop\bin
USERNAME=lea
OS=Windows_NT
PROCESSOR_IDENTIFIER=Intel64 Family 6 Model 142 Stepping 9, GenuineIntel



---------------  S Y S T E M  ---------------

OS: Windows 10.0 , 64 bit Build 19041 (10.0.19041.662)

CPU:total 4 (initial active 4) (2 cores per cpu, 2 threads per core) family 6 model 142 stepping 9, cmov, cx8, fxsr, mmx, sse, sse2, sse3, ssse3, sse4.1, sse4.2, popcnt, avx, avx2, aes, clmul, erms, 3dnowpref, lzcnt, ht, tsc, tscinvbit, bmi1, bmi2, adx

Memory: 4k page, physical 8251340k(1308200k free), swap 9299916k(4964k free)

vm_info: OpenJDK 64-Bit Server VM (25.242-b01) for windows-amd64 JRE (1.8.0_242-release-1644-b01), built by "builder" with MS VC++ 10.0 (VS2010)

time: Wed Dec 16 21:23:09 2020
timezone: Jerusalem Standard Time
elapsed time: 9979 seconds (0d 2h 46m 19s)

