#
# There is insufficient memory for the Java Runtime Environment to continue.
# Native memory allocation (malloc) failed to allocate 32744 bytes for ChunkPool::allocate
# Possible reasons:
#   The system is out of physical RAM or swap space
#   The process is running with CompressedOops enabled, and the Java Heap may be blocking the growth of the native heap
# Possible solutions:
#   Reduce memory load on the system
#   Increase physical memory or swap space
#   Check if swap backing store is full
#   Decrease Java heap size (-Xmx/-Xms)
#   Decrease number of Java threads
#   Decrease Java thread stack sizes (-Xss)
#   Set larger code cache with -XX:ReservedCodeCacheSize=
#   JVM is running with Unscaled Compressed Oops mode in which the Java heap is
#     placed in the first 4GB address space. The Java Heap base address is the
#     maximum limit for the native heap growth. Please use -XX:HeapBaseMinAddress
#     to set the Java Heap base and to place the Java Heap above 4GB virtual address.
# This output file may be truncated or incomplete.
#
#  Out of Memory Error (allocation.cpp:272), pid=19548, tid=0x0000000000001c40
#
# JRE version: OpenJDK Runtime Environment (8.0_242-b01) (build 1.8.0_242-release-1644-b01)
# Java VM: OpenJDK 64-Bit Server VM (25.242-b01 mixed mode windows-amd64 compressed oops)
# Failed to write core dump. Minidumps are not enabled by default on client versions of Windows
#

---------------  T H R E A D  ---------------

Current thread (0x0000000017a1f800):  JavaThread "C2 CompilerThread1" daemon [_thread_in_native, id=7232, stack(0x0000000019160000,0x0000000019260000)]

Stack: [0x0000000019160000,0x0000000019260000]
[error occurred during error reporting (printing stack bounds), id 0xc0000005]

Native frames: (J=compiled Java code, j=interpreted, Vv=VM code, C=native code)


Current CompileTask:
C2:  87216 13453       4       com.android.builder.symbols.BytecodeRClassWriterKt::generateResourceTypeClass (595 bytes)


---------------  P R O C E S S  ---------------

Java Threads: ( => current thread )
  0x0000000019f7d800 JavaThread "stdout" [_thread_in_native, id=18948, stack(0x000000002cd80000,0x000000002ce80000)]
  0x0000000019f73800 JavaThread "stderr" [_thread_in_native, id=18964, stack(0x000000002cc80000,0x000000002cd80000)]
  0x0000000019f71800 JavaThread "stdout" [_thread_in_native, id=2644, stack(0x000000002cb80000,0x000000002cc80000)]
  0x0000000019f78000 JavaThread "stderr" [_thread_in_native, id=13544, stack(0x000000002ca80000,0x000000002cb80000)]
  0x0000000019f73000 JavaThread "stdout" [_thread_in_native, id=9296, stack(0x000000002c980000,0x000000002ca80000)]
  0x0000000019f74800 JavaThread "stderr" [_thread_in_native, id=15824, stack(0x000000002c880000,0x000000002c980000)]
  0x0000000019f76800 JavaThread "stdout" [_thread_in_native, id=20072, stack(0x000000002c780000,0x000000002c880000)]
  0x0000000019f77800 JavaThread "stderr" [_thread_in_native, id=7812, stack(0x000000002c680000,0x000000002c780000)]
  0x0000000019f72000 JavaThread "pool-2-thread-1" [_thread_blocked, id=3436, stack(0x000000002c3d0000,0x000000002c4d0000)]
  0x0000000019f70800 JavaThread "WorkerExecutor Queue Thread 4" [_thread_blocked, id=9408, stack(0x000000002c2d0000,0x000000002c3d0000)]
  0x0000000019f76000 JavaThread "WorkerExecutor Queue Thread 3" [_thread_blocked, id=4548, stack(0x000000002c580000,0x000000002c680000)]
  0x000000001e3db000 JavaThread "WorkerExecutor Queue Thread 2" [_thread_blocked, id=16036, stack(0x000000002c1d0000,0x000000002c2d0000)]
  0x000000001e3da000 JavaThread "WorkerExecutor Queue" [_thread_blocked, id=5084, stack(0x000000002b6d0000,0x000000002b7d0000)]
  0x000000001e3d7000 JavaThread "Cache worker for execution history cache (C:\Users\lea\Desktop\dimot\Dimot_Bekalot\.gradle\6.5\executionHistory)" [_thread_blocked, id=1448, stack(0x000000002b5d0000,0x000000002b6d0000)]
  0x000000001e3d6800 JavaThread "Execution worker for ':' Thread 3" [_thread_blocked, id=19680, stack(0x000000002b4d0000,0x000000002b5d0000)]
  0x000000001e3cf000 JavaThread "Execution worker for ':' Thread 2" [_thread_blocked, id=5992, stack(0x000000002b3d0000,0x000000002b4d0000)]
  0x000000001e3d5800 JavaThread "Execution worker for ':'" [_thread_in_native, id=17440, stack(0x000000002b2d0000,0x000000002b3d0000)]
  0x000000001e3ce000 JavaThread "Cache worker for file content cache (C:\Users\lea\Desktop\dimot\Dimot_Bekalot\.gradle\6.5\fileContent)" [_thread_blocked, id=12536, stack(0x000000002add0000,0x000000002aed0000)]
  0x000000001e3d5000 JavaThread "Memory manager" [_thread_blocked, id=17720, stack(0x000000002acd0000,0x000000002add0000)]
  0x000000001e3cd800 JavaThread "Cache worker for Build Output Cleanup Cache (C:\Users\lea\Desktop\dimot\Dimot_Bekalot\.gradle\buildOutputCleanup)" [_thread_blocked, id=14688, stack(0x0000000029bd0000,0x0000000029cd0000)]
  0x000000001bc98800 JavaThread "Build operations Thread 4" [_thread_in_native, id=17416, stack(0x00000000237d0000,0x00000000238d0000)]
  0x000000001bc90000 JavaThread "Build operations Thread 3" [_thread_in_native, id=18000, stack(0x00000000236d0000,0x00000000237d0000)]
  0x000000001bc97000 JavaThread "Build operations Thread 2" [_thread_blocked, id=19232, stack(0x00000000235d0000,0x00000000236d0000)]
  0x000000001bc96000 JavaThread "Build operations" [_thread_blocked, id=14552, stack(0x00000000220b0000,0x00000000221b0000)]
  0x000000001a4c9800 JavaThread "Cache worker for file content cache (C:\Users\lea\.gradle\caches\6.5\fileContent)" [_thread_blocked, id=16344, stack(0x0000000021db0000,0x0000000021eb0000)]
  0x000000001a4cd800 JavaThread "Cache worker for execution history cache (C:\Users\lea\.gradle\caches\6.5\executionHistory)" [_thread_blocked, id=19756, stack(0x0000000020590000,0x0000000020690000)]
  0x000000001a4c7800 JavaThread "Cache worker for cache directory md-rule (C:\Users\lea\.gradle\caches\6.5\md-rule)" [_thread_blocked, id=4848, stack(0x0000000020490000,0x0000000020590000)]
  0x000000001a4c6800 JavaThread "Cache worker for cache directory md-supplier (C:\Users\lea\.gradle\caches\6.5\md-supplier)" [_thread_blocked, id=1176, stack(0x0000000020390000,0x0000000020490000)]
  0x000000001a4cc800 JavaThread "Cache worker for checksums cache (C:\Users\lea\Desktop\dimot\Dimot_Bekalot\.gradle\checksums)" [_thread_blocked, id=19688, stack(0x0000000020290000,0x0000000020390000)]
  0x000000001a4c9000 JavaThread "Cache worker for file hash cache (C:\Users\lea\Desktop\dimot\Dimot_Bekalot\.gradle\6.5\fileHashes)" [_thread_blocked, id=10404, stack(0x000000001ea60000,0x000000001eb60000)]
  0x000000001a4cc000 JavaThread "Cache worker for file hash cache (C:\Users\lea\.gradle\caches\6.5\fileHashes)" [_thread_blocked, id=20204, stack(0x000000001ebc0000,0x000000001ecc0000)]
  0x000000001a4cb000 JavaThread "File lock request listener" [_thread_in_native, id=8720, stack(0x000000001d990000,0x000000001da90000)]
  0x000000001a4ca800 JavaThread "Cache worker for journal cache (C:\Users\lea\.gradle\caches\journal-1)" [_thread_blocked, id=18264, stack(0x000000001d790000,0x000000001d890000)]
  0x0000000019a9f800 JavaThread "Thread-9" [_thread_blocked, id=15060, stack(0x000000001d490000,0x000000001d590000)]
  0x00000000199c9000 JavaThread "Asynchronous log dispatcher for DefaultDaemonConnection: socket connection from /127.0.0.1:51746 to /127.0.0.1:51747" [_thread_blocked, id=19780, stack(0x000000001d290000,0x000000001d390000)]
  0x0000000019c33000 JavaThread "Daemon worker" [_thread_blocked, id=18352, stack(0x000000001d190000,0x000000001d290000)]
  0x0000000019c32000 JavaThread "Cancel handler" [_thread_blocked, id=2816, stack(0x000000001d090000,0x000000001d190000)]
  0x000000001b40c000 JavaThread "Handler for socket connection from /127.0.0.1:51746 to /127.0.0.1:51747" [_thread_in_native, id=15640, stack(0x000000001cf90000,0x000000001d090000)]
  0x000000001b393000 JavaThread "Daemon" [_thread_blocked, id=13548, stack(0x000000001ce90000,0x000000001cf90000)]
  0x000000001b392800 JavaThread "Daemon periodic checks" [_thread_blocked, id=16720, stack(0x000000001cb90000,0x000000001cc90000)]
  0x000000001b391000 JavaThread "Incoming local TCP Connector on port 51746" [_thread_in_native, id=19732, stack(0x000000001c940000,0x000000001ca40000)]
  0x000000001b149800 JavaThread "Daemon health stats" [_thread_blocked, id=17520, stack(0x000000001c300000,0x000000001c400000)]
  0x00000000193d4800 JavaThread "Service Thread" daemon [_thread_blocked, id=16972, stack(0x0000000019760000,0x0000000019860000)]
  0x0000000017a67000 JavaThread "C1 CompilerThread2" daemon [_thread_blocked, id=6472, stack(0x0000000019260000,0x0000000019360000)]
=>0x0000000017a1f800 JavaThread "C2 CompilerThread1" daemon [_thread_in_native, id=7232, stack(0x0000000019160000,0x0000000019260000)]
  0x0000000017a17800 JavaThread "C2 CompilerThread0" daemon [_thread_blocked, id=11576, stack(0x0000000019060000,0x0000000019160000)]
  0x0000000017a62800 JavaThread "Attach Listener" daemon [_thread_blocked, id=14932, stack(0x0000000018f60000,0x0000000019060000)]
  0x0000000017a08000 JavaThread "Signal Dispatcher" daemon [_thread_blocked, id=15968, stack(0x0000000018e60000,0x0000000018f60000)]
  0x0000000002dec800 JavaThread "Finalizer" daemon [_thread_blocked, id=9584, stack(0x0000000018c60000,0x0000000018d60000)]
  0x00000000179f9000 JavaThread "Reference Handler" daemon [_thread_blocked, id=10084, stack(0x0000000018b60000,0x0000000018c60000)]
  0x0000000002cde000 JavaThread "main" [_thread_blocked, id=19832, stack(0x0000000002b30000,0x0000000002c30000)]

Other Threads:
  0x00000000179d7000 VMThread [stack: 0x0000000018a60000,0x0000000018b60000] [id=11816]
  0x0000000019391800 WatcherThread [stack: 0x0000000019860000,0x0000000019960000] [id=15196]

VM state:not at safepoint (normal execution)

VM Mutex/Monitor currently owned by a thread: None

heap address: 0x0000000080000000, size: 2048 MB, Compressed Oops mode: 32-bit
Narrow klass base: 0x0000000000000000, Narrow klass shift: 3
Compressed class space size: 1073741824 Address: 0x0000000100000000

Heap:
 PSYoungGen      total 337920K, used 81573K [0x00000000d5580000, 0x00000000ec280000, 0x0000000100000000)
  eden space 314368K, 18% used [0x00000000d5580000,0x00000000d8f958c8,0x00000000e8880000)
  from space 23552K, 93% used [0x00000000eab80000,0x00000000ec113ea8,0x00000000ec280000)
  to   space 29696K, 0% used [0x00000000e8880000,0x00000000e8880000,0x00000000ea580000)
 ParOldGen       total 112128K, used 45543K [0x0000000080000000, 0x0000000086d80000, 0x00000000d5580000)
  object space 112128K, 40% used [0x0000000080000000,0x0000000082c79fd8,0x0000000086d80000)
 Metaspace       used 81607K, capacity 85392K, committed 85784K, reserved 1124352K
  class space    used 10732K, capacity 11454K, committed 11568K, reserved 1048576K

Card table byte_map: [0x00000000121b0000,0x00000000125c0000] byte_map_base: 0x0000000011db0000

Marking Bits: (ParMarkBitMap*) 0x000000005116f030
 Begin Bits: [0x0000000012c70000, 0x0000000014c70000)
 End Bits:   [0x0000000014c70000, 0x0000000016c70000)

Polling page: 0x0000000002c30000

CodeCache: size=245760Kb used=36752Kb max_used=37631Kb free=209007Kb
 bounds [0x0000000002df0000, 0x00000000052f0000, 0x0000000011df0000]
 total_blobs=12074 nmethods=11184 adapters=802
 compilation: enabled

Compilation events (10 events):
Event: 86.171 Thread 0x0000000017a17800 13497       4       kotlin.sequences.TransformingSequence$iterator$1::next (22 bytes)
Event: 86.220 Thread 0x0000000017a17800 nmethod 13497 0x0000000002f2a650 code [0x0000000002f2a800, 0x0000000002f2af18]
Event: 86.221 Thread 0x0000000017a17800 13498       4       kotlin.text.StringsKt__StringsKt::findAnyOf$StringsKt__StringsKt (430 bytes)
Event: 86.245 Thread 0x0000000017a17800 nmethod 13498 0x00000000043e7710 code [0x00000000043e78a0, 0x00000000043e7ff8]
Event: 86.245 Thread 0x0000000017a17800 13499       4       kotlin.collections.CollectionsKt___CollectionsKt::single (74 bytes)
Event: 86.246 Thread 0x0000000017a17800 nmethod 13499 0x00000000031e7bd0 code [0x00000000031e7d20, 0x00000000031e7dd8]
Event: 86.246 Thread 0x0000000017a17800 13500       4       kotlin.collections.CollectionsKt___CollectionsKt::single (85 bytes)
Event: 86.249 Thread 0x0000000017a17800 nmethod 13500 0x00000000034eb410 code [0x00000000034eb560, 0x00000000034eb618]
Event: 86.254 Thread 0x0000000017a17800 13501   !   4       com.google.common.cache.LocalCache$Segment::storeLoadedValue (371 bytes)
Event: 86.346 Thread 0x0000000017a17800 nmethod 13501 0x0000000005002990 code [0x0000000005002d20, 0x0000000005004ea0]

GC Heap History (10 events):
Event: 16.821 GC heap before
{Heap before GC invocations=15 (full 3):
 PSYoungGen      total 228352K, used 1601K [0x00000000d5580000, 0x00000000e6380000, 0x0000000100000000)
  eden space 208384K, 0% used [0x00000000d5580000,0x00000000d5580000,0x00000000e2100000)
  from space 19968K, 8% used [0x00000000e3480000,0x00000000e36106c0,0x00000000e4800000)
  to   space 19968K, 0% used [0x00000000e2100000,0x00000000e2100000,0x00000000e3480000)
 ParOldGen       total 76288K, used 42093K [0x0000000080000000, 0x0000000084a80000, 0x00000000d5580000)
  object space 76288K, 55% used [0x0000000080000000,0x000000008291b598,0x0000000084a80000)
 Metaspace       used 56663K, capacity 58896K, committed 59160K, reserved 1099776K
  class space    used 7536K, capacity 7956K, committed 7984K, reserved 1048576K
Event: 17.042 GC heap after
Heap after GC invocations=15 (full 3):
 PSYoungGen      total 228352K, used 0K [0x00000000d5580000, 0x00000000e6380000, 0x0000000100000000)
  eden space 208384K, 0% used [0x00000000d5580000,0x00000000d5580000,0x00000000e2100000)
  from space 19968K, 0% used [0x00000000e3480000,0x00000000e3480000,0x00000000e4800000)
  to   space 19968K, 0% used [0x00000000e2100000,0x00000000e2100000,0x00000000e3480000)
 ParOldGen       total 112128K, used 29679K [0x0000000080000000, 0x0000000086d80000, 0x00000000d5580000)
  object space 112128K, 26% used [0x0000000080000000,0x0000000081cfbdd8,0x0000000086d80000)
 Metaspace       used 56609K, capacity 58736K, committed 59160K, reserved 1099776K
  class space    used 7519K, capacity 7934K, committed 7984K, reserved 1048576K
}
Event: 30.217 GC heap before
{Heap before GC invocations=16 (full 3):
 PSYoungGen      total 228352K, used 208384K [0x00000000d5580000, 0x00000000e6380000, 0x0000000100000000)
  eden space 208384K, 100% used [0x00000000d5580000,0x00000000e2100000,0x00000000e2100000)
  from space 19968K, 0% used [0x00000000e3480000,0x00000000e3480000,0x00000000e4800000)
  to   space 19968K, 0% used [0x00000000e2100000,0x00000000e2100000,0x00000000e3480000)
 ParOldGen       total 112128K, used 29679K [0x0000000080000000, 0x0000000086d80000, 0x00000000d5580000)
  object space 112128K, 26% used [0x0000000080000000,0x0000000081cfbdd8,0x0000000086d80000)
 Metaspace       used 70736K, capacity 73636K, committed 74008K, reserved 1114112K
  class space    used 9621K, capacity 10168K, committed 10288K, reserved 1048576K
Event: 30.432 GC heap after
Heap after GC invocations=16 (full 3):
 PSYoungGen      total 228352K, used 19967K [0x00000000d5580000, 0x00000000e8c80000, 0x0000000100000000)
  eden space 208384K, 0% used [0x00000000d5580000,0x00000000d5580000,0x00000000e2100000)
  from space 19968K, 99% used [0x00000000e2100000,0x00000000e347ff80,0x00000000e3480000)
  to   space 24064K, 0% used [0x00000000e7500000,0x00000000e7500000,0x00000000e8c80000)
 ParOldGen       total 112128K, used 32245K [0x0000000080000000, 0x0000000086d80000, 0x00000000d5580000)
  object space 112128K, 28% used [0x0000000080000000,0x0000000081f7d748,0x0000000086d80000)
 Metaspace       used 70736K, capacity 73636K, committed 74008K, reserved 1114112K
  class space    used 9621K, capacity 10168K, committed 10288K, reserved 1048576K
}
Event: 50.670 GC heap before
{Heap before GC invocations=17 (full 3):
 PSYoungGen      total 228352K, used 228148K [0x00000000d5580000, 0x00000000e8c80000, 0x0000000100000000)
  eden space 208384K, 99% used [0x00000000d5580000,0x00000000e20cd230,0x00000000e2100000)
  from space 19968K, 99% used [0x00000000e2100000,0x00000000e347ff80,0x00000000e3480000)
  to   space 24064K, 0% used [0x00000000e7500000,0x00000000e7500000,0x00000000e8c80000)
 ParOldGen       total 112128K, used 32245K [0x0000000080000000, 0x0000000086d80000, 0x00000000d5580000)
  object space 112128K, 28% used [0x0000000080000000,0x0000000081f7d748,0x0000000086d80000)
 Metaspace       used 73906K, capacity 77088K, committed 77336K, reserved 1116160K
  class space    used 9869K, capacity 10466K, committed 10544K, reserved 1048576K
Event: 50.780 GC heap after
Heap after GC invocations=17 (full 3):
 PSYoungGen      total 285184K, used 19821K [0x00000000d5580000, 0x00000000e8a80000, 0x0000000100000000)
  eden space 263168K, 0% used [0x00000000d5580000,0x00000000d5580000,0x00000000e5680000)
  from space 22016K, 90% used [0x00000000e7500000,0x00000000e885b690,0x00000000e8a80000)
  to   space 26624K, 0% used [0x00000000e5680000,0x00000000e5680000,0x00000000e7080000)
 ParOldGen       total 112128K, used 45527K [0x0000000080000000, 0x0000000086d80000, 0x00000000d5580000)
  object space 112128K, 40% used [0x0000000080000000,0x0000000082c75fd8,0x0000000086d80000)
 Metaspace       used 73906K, capacity 77088K, committed 77336K, reserved 1116160K
  class space    used 9869K, capacity 10466K, committed 10544K, reserved 1048576K
}
Event: 68.233 GC heap before
{Heap before GC invocations=18 (full 3):
 PSYoungGen      total 285184K, used 282989K [0x00000000d5580000, 0x00000000e8a80000, 0x0000000100000000)
  eden space 263168K, 100% used [0x00000000d5580000,0x00000000e5680000,0x00000000e5680000)
  from space 22016K, 90% used [0x00000000e7500000,0x00000000e885b690,0x00000000e8a80000)
  to   space 26624K, 0% used [0x00000000e5680000,0x00000000e5680000,0x00000000e7080000)
 ParOldGen       total 112128K, used 45527K [0x0000000080000000, 0x0000000086d80000, 0x00000000d5580000)
  object space 112128K, 40% used [0x0000000080000000,0x0000000082c75fd8,0x0000000086d80000)
 Metaspace       used 79640K, capacity 83070K, committed 83224K, reserved 1122304K
  class space    used 10539K, capacity 11187K, committed 11312K, reserved 1048576K
Event: 68.272 GC heap after
Heap after GC invocations=18 (full 3):
 PSYoungGen      total 289792K, used 17371K [0x00000000d5580000, 0x00000000ec680000, 0x0000000100000000)
  eden space 263168K, 0% used [0x00000000d5580000,0x00000000d5580000,0x00000000e5680000)
  from space 26624K, 65% used [0x00000000e5680000,0x00000000e6776ed8,0x00000000e7080000)
  to   space 27648K, 0% used [0x00000000eab80000,0x00000000eab80000,0x00000000ec680000)
 ParOldGen       total 112128K, used 45535K [0x0000000080000000, 0x0000000086d80000, 0x00000000d5580000)
  object space 112128K, 40% used [0x0000000080000000,0x0000000082c77fd8,0x0000000086d80000)
 Metaspace       used 79640K, capacity 83070K, committed 83224K, reserved 1122304K
  class space    used 10539K, capacity 11187K, committed 11312K, reserved 1048576K
}
Event: 83.442 GC heap before
{Heap before GC invocations=19 (full 3):
 PSYoungGen      total 289792K, used 280539K [0x00000000d5580000, 0x00000000ec680000, 0x0000000100000000)
  eden space 263168K, 100% used [0x00000000d5580000,0x00000000e5680000,0x00000000e5680000)
  from space 26624K, 65% used [0x00000000e5680000,0x00000000e6776ed8,0x00000000e7080000)
  to   space 27648K, 0% used [0x00000000eab80000,0x00000000eab80000,0x00000000ec680000)
 ParOldGen       total 112128K, used 45535K [0x0000000080000000, 0x0000000086d80000, 0x00000000d5580000)
  object space 112128K, 40% used [0x0000000080000000,0x0000000082c77fd8,0x0000000086d80000)
 Metaspace       used 81444K, capacity 85110K, committed 85272K, reserved 1122304K
  class space    used 10721K, capacity 11449K, committed 11568K, reserved 1048576K
Event: 83.492 GC heap after
Heap after GC invocations=19 (full 3):
 PSYoungGen      total 337920K, used 22095K [0x00000000d5580000, 0x00000000ec280000, 0x0000000100000000)
  eden space 314368K, 0% used [0x00000000d5580000,0x00000000d5580000,0x00000000e8880000)
  from space 23552K, 93% used [0x00000000eab80000,0x00000000ec113ea8,0x00000000ec280000)
  to   space 29696K, 0% used [0x00000000e8880000,0x00000000e8880000,0x00000000ea580000)
 ParOldGen       total 112128K, used 45543K [0x0000000080000000, 0x0000000086d80000, 0x00000000d5580000)
  object space 112128K, 40% used [0x0000000080000000,0x0000000082c79fd8,0x0000000086d80000)
 Metaspace       used 81444K, capacity 85110K, committed 85272K, reserved 1122304K
  class space    used 10721K, capacity 11449K, committed 11568K, reserved 1048576K
}

Deoptimization events (10 events):
Event: 83.724 Thread 0x000000001e3d6800 Uncommon trap: reason=unstable_if action=reinterpret pc=0x0000000003eb99e8 method=java.util.stream.MatchOps$BooleanTerminalSink.<init>(Ljava/util/stream/MatchOps$MatchKind;)V @ 9
Event: 84.199 Thread 0x000000001e3d5800 Uncommon trap: reason=unstable_if action=reinterpret pc=0x0000000005161e18 method=java.nio.file.FileTreeWalker.getAttributes(Ljava/nio/file/Path;Z)Ljava/nio/file/attribute/BasicFileAttributes; @ 35
Event: 84.503 Thread 0x000000001bc98800 Uncommon trap: reason=class_check action=maybe_recompile pc=0x0000000005078524 method=com.android.builder.packaging.JarMerger.write(Ljava/util/jar/JarEntry;Ljava/io/InputStream;)V @ 18
Event: 84.504 Thread 0x000000001bc98800 Uncommon trap: reason=class_check action=maybe_recompile pc=0x0000000005078524 method=com.android.builder.packaging.JarMerger.write(Ljava/util/jar/JarEntry;Ljava/io/InputStream;)V @ 18
Event: 84.504 Thread 0x000000001bc98800 Uncommon trap: reason=class_check action=maybe_recompile pc=0x0000000005078524 method=com.android.builder.packaging.JarMerger.write(Ljava/util/jar/JarEntry;Ljava/io/InputStream;)V @ 18
Event: 84.504 Thread 0x000000001bc98800 Uncommon trap: reason=class_check action=maybe_recompile pc=0x0000000005078524 method=com.android.builder.packaging.JarMerger.write(Ljava/util/jar/JarEntry;Ljava/io/InputStream;)V @ 18
Event: 85.448 Thread 0x000000001bc90000 Uncommon trap: reason=class_check action=maybe_recompile pc=0x00000000047d2c38 method=com.google.common.cache.LocalCache$Segment.get(Ljava/lang/Object;I)Ljava/lang/Object; @ 49
Event: 85.448 Thread 0x000000001bc90000 Uncommon trap: reason=class_check action=maybe_recompile pc=0x00000000047d2c38 method=com.google.common.cache.LocalCache$Segment.get(Ljava/lang/Object;I)Ljava/lang/Object; @ 49
Event: 85.448 Thread 0x000000001bc90000 Uncommon trap: reason=class_check action=maybe_recompile pc=0x0000000003901f30 method=com.google.common.cache.LocalCache$Segment.get(Ljava/lang/Object;I)Ljava/lang/Object; @ 49
Event: 86.082 Thread 0x000000001a4ca800 Uncommon trap: reason=unstable_if action=reinterpret pc=0x0000000004fd862c method=java.util.concurrent.locks.LockSupport.unpark(Ljava/lang/Thread;)V @ 1

Classes redefined (0 events):
No events

Internal exceptions (10 events):
Event: 86.067 Thread 0x000000001bc90000 Exception <a 'sun/nio/fs/WindowsException'> (0x00000000d85f2630) thrown at [C:\src\AOSP-openjdk-git\hotspot\src\share\vm\prims\jni.cpp, line 710]
Event: 86.067 Thread 0x000000001bc96000 Exception <a 'sun/nio/fs/WindowsException'> (0x00000000d876f2e8) thrown at [C:\src\AOSP-openjdk-git\hotspot\src\share\vm\prims\jni.cpp, line 710]
Event: 86.084 Thread 0x000000001e3d5800 Exception <a 'sun/nio/fs/WindowsException'> (0x00000000d884b698) thrown at [C:\src\AOSP-openjdk-git\hotspot\src\share\vm\prims\jni.cpp, line 710]
Event: 86.085 Thread 0x000000001bc98800 Exception <a 'sun/nio/fs/WindowsException'> (0x00000000d8738118) thrown at [C:\src\AOSP-openjdk-git\hotspot\src\share\vm\prims\jni.cpp, line 710]
Event: 86.094 Thread 0x000000001bc96000 Exception <a 'sun/nio/fs/WindowsException'> (0x00000000d889d4a0) thrown at [C:\src\AOSP-openjdk-git\hotspot\src\share\vm\prims\jni.cpp, line 710]
Event: 86.110 Thread 0x000000001bc98800 Exception <a 'sun/nio/fs/WindowsException'> (0x00000000d89158d8) thrown at [C:\src\AOSP-openjdk-git\hotspot\src\share\vm\prims\jni.cpp, line 710]
Event: 86.118 Thread 0x000000001e3d5800 Exception <a 'sun/nio/fs/WindowsException'> (0x00000000d896de50) thrown at [C:\src\AOSP-openjdk-git\hotspot\src\share\vm\prims\jni.cpp, line 710]
Event: 86.169 Thread 0x000000001bc98800 Exception <a 'sun/nio/fs/WindowsException'> (0x00000000d8befff0) thrown at [C:\src\AOSP-openjdk-git\hotspot\src\share\vm\prims\jni.cpp, line 710]
Event: 86.169 Thread 0x000000001bc90000 Exception <a 'sun/nio/fs/WindowsException'> (0x00000000d87fda10) thrown at [C:\src\AOSP-openjdk-git\hotspot\src\share\vm\prims\jni.cpp, line 710]
Event: 86.169 Thread 0x000000001e3d5800 Exception <a 'sun/nio/fs/WindowsException'> (0x00000000d8b53b08) thrown at [C:\src\AOSP-openjdk-git\hotspot\src\share\vm\prims\jni.cpp, line 710]

Events (10 events):
Event: 85.730 Thread 0x0000000017a67000 flushing nmethod 0x0000000004ff2dd0
Event: 85.730 Thread 0x0000000017a67000 flushing nmethod 0x0000000004ff3810
Event: 85.730 Thread 0x0000000017a67000 flushing nmethod 0x0000000005002090
Event: 85.730 Thread 0x0000000017a67000 flushing nmethod 0x00000000050a45d0
Event: 85.730 Thread 0x0000000017a67000 flushing nmethod 0x00000000050b9510
Event: 85.730 Thread 0x0000000017a67000 flushing nmethod 0x00000000050bfcd0
Event: 85.730 Thread 0x0000000017a67000 flushing nmethod 0x00000000050c1050
Event: 86.082 Thread 0x000000001a4ca800 Uncommon trap: trap_request=0xffffff65 fr.pc=0x0000000004fd862c
Event: 86.082 Thread 0x000000001a4ca800 DEOPT PACKING pc=0x0000000004fd862c sp=0x000000001d88e9f0
Event: 86.082 Thread 0x000000001a4ca800 DEOPT UNPACKING pc=0x0000000002e3557b sp=0x000000001d88e800 mode 2


Dynamic libraries:
0x00007ff7a9700000 - 0x00007ff7a9731000 	C:\Program Files\Android\Android Studio\jre\bin\java.exe
0x00007fff76410000 - 0x00007fff76606000 	C:\WINDOWS\SYSTEM32\ntdll.dll
0x00007fff753a0000 - 0x00007fff7545d000 	C:\WINDOWS\System32\KERNEL32.DLL
0x00007fff73b50000 - 0x00007fff73e18000 	C:\WINDOWS\System32\KERNELBASE.dll
0x00007fff757d0000 - 0x00007fff7587c000 	C:\WINDOWS\System32\ADVAPI32.dll
0x00007fff74e00000 - 0x00007fff74e9e000 	C:\WINDOWS\System32\msvcrt.dll
0x00007fff75040000 - 0x00007fff750db000 	C:\WINDOWS\System32\sechost.dll
0x00007fff75580000 - 0x00007fff756a4000 	C:\WINDOWS\System32\RPCRT4.dll
0x00007fff74ea0000 - 0x00007fff75040000 	C:\WINDOWS\System32\USER32.dll
0x00007fff74440000 - 0x00007fff74462000 	C:\WINDOWS\System32\win32u.dll
0x00007fff74dd0000 - 0x00007fff74dfa000 	C:\WINDOWS\System32\GDI32.dll
0x00007fff74230000 - 0x00007fff74339000 	C:\WINDOWS\System32\gdi32full.dll
0x00007fff74030000 - 0x00007fff740cd000 	C:\WINDOWS\System32\msvcp_win.dll
0x00007fff74130000 - 0x00007fff74230000 	C:\WINDOWS\System32\ucrtbase.dll
0x00007fff62dd0000 - 0x00007fff6306b000 	C:\WINDOWS\WinSxS\amd64_microsoft.windows.common-controls_6595b64144ccf1df_6.0.19041.488_none_ca04af081b815d21\COMCTL32.dll
0x00007fff75f30000 - 0x00007fff75f60000 	C:\WINDOWS\System32\IMM32.DLL
0x0000000051920000 - 0x00000000519f2000 	C:\Program Files\Android\Android Studio\jre\jre\bin\msvcr100.dll
0x00000000509a0000 - 0x00000000511eb000 	C:\Program Files\Android\Android Studio\jre\jre\bin\server\jvm.dll
0x00007fff75a00000 - 0x00007fff75a08000 	C:\WINDOWS\System32\PSAPI.DLL
0x00007fff62810000 - 0x00007fff62819000 	C:\WINDOWS\SYSTEM32\WSOCK32.dll
0x00007fff75760000 - 0x00007fff757cb000 	C:\WINDOWS\System32\WS2_32.dll
0x00007fff65dd0000 - 0x00007fff65df7000 	C:\WINDOWS\SYSTEM32\WINMM.dll
0x00007fff6c120000 - 0x00007fff6c12a000 	C:\WINDOWS\SYSTEM32\VERSION.dll
0x00007fff6d150000 - 0x00007fff6d15f000 	C:\Program Files\Android\Android Studio\jre\jre\bin\verify.dll
0x00007fff44f40000 - 0x00007fff44f69000 	C:\Program Files\Android\Android Studio\jre\jre\bin\java.dll
0x00007fff5a240000 - 0x00007fff5a256000 	C:\Program Files\Android\Android Studio\jre\jre\bin\zip.dll
0x00007fff745a0000 - 0x00007fff74ce1000 	C:\WINDOWS\System32\SHELL32.dll
0x00007fff71850000 - 0x00007fff71fe5000 	C:\WINDOWS\SYSTEM32\windows.storage.dll
0x00007fff75a70000 - 0x00007fff75dc5000 	C:\WINDOWS\System32\combase.dll
0x00007fff735c0000 - 0x00007fff735ec000 	C:\WINDOWS\SYSTEM32\Wldp.dll
0x00007fff75950000 - 0x00007fff759fe000 	C:\WINDOWS\System32\SHCORE.dll
0x00007fff75890000 - 0x00007fff758e5000 	C:\WINDOWS\System32\shlwapi.dll
0x00007fff73a80000 - 0x00007fff73aa6000 	C:\WINDOWS\SYSTEM32\profapi.dll
0x00007fff4ac00000 - 0x00007fff4ac1a000 	C:\Program Files\Android\Android Studio\jre\jre\bin\net.dll
0x00007fff732f0000 - 0x00007fff7335a000 	C:\WINDOWS\system32\mswsock.dll
0x00007fff43a80000 - 0x00007fff43a93000 	C:\Program Files\Android\Android Studio\jre\jre\bin\nio.dll
0x00007fff5a120000 - 0x00007fff5a147000 	C:\Users\lea\.gradle\native\f6784746aeab05261644944871eae4fe03e0ef1612fff0a4a95f87b438bc6780\windows-amd64\native-platform.dll
0x00007fff59050000 - 0x00007fff5905d000 	C:\Program Files\Android\Android Studio\jre\jre\bin\management.dll
0x00007fff734c0000 - 0x00007fff734d8000 	C:\WINDOWS\SYSTEM32\CRYPTSP.dll
0x00007fff72c20000 - 0x00007fff72c54000 	C:\WINDOWS\system32\rsaenh.dll
0x00007fff74000000 - 0x00007fff74027000 	C:\WINDOWS\System32\bcrypt.dll
0x00007fff73a40000 - 0x00007fff73a6e000 	C:\WINDOWS\SYSTEM32\USERENV.dll
0x00007fff73e20000 - 0x00007fff73e9f000 	C:\WINDOWS\System32\bcryptprimitives.dll
0x00007fff734e0000 - 0x00007fff734ec000 	C:\WINDOWS\SYSTEM32\CRYPTBASE.dll
0x00007fff72fb0000 - 0x00007fff72feb000 	C:\WINDOWS\SYSTEM32\IPHLPAPI.DLL
0x00007fff74cf0000 - 0x00007fff74cf8000 	C:\WINDOWS\System32\NSI.dll
0x00007fff6b570000 - 0x00007fff6b587000 	C:\WINDOWS\SYSTEM32\dhcpcsvc6.DLL
0x00007fff6c010000 - 0x00007fff6c02d000 	C:\WINDOWS\SYSTEM32\dhcpcsvc.DLL
0x00007fff72ff0000 - 0x00007fff730bb000 	C:\WINDOWS\SYSTEM32\DNSAPI.dll
0x00007fff6c110000 - 0x00007fff6c11b000 	C:\WINDOWS\SYSTEM32\WINNSI.DLL
0x00007fff40e40000 - 0x00007fff40e64000 	C:\Program Files\Android\Android Studio\jre\jre\bin\sunec.dll
0x00007fff63d40000 - 0x00007fff63d4a000 	C:\Windows\System32\rasadhlp.dll
0x00007fff66370000 - 0x00007fff663ef000 	C:\WINDOWS\System32\fwpuclnt.dll
0x00007fff6e400000 - 0x00007fff6e40b000 	C:\Program Files\Android\Android Studio\jre\jre\bin\sunmscapi.dll
0x00007fff73ea0000 - 0x00007fff73ffd000 	C:\WINDOWS\System32\CRYPT32.dll
0x00007fff72850000 - 0x00007fff72883000 	C:\WINDOWS\SYSTEM32\ntmarta.dll
0x00007fff70ef0000 - 0x00007fff70f80000 	C:\WINDOWS\system32\apphelp.dll

VM Arguments:
jvm_args: -Xmx2048m -Dfile.encoding=UTF-8 -Duser.country=US -Duser.language=en -Duser.variant 
java_command: org.gradle.launcher.daemon.bootstrap.GradleDaemon 6.5
java_class_path (initial): C:\Users\lea\.gradle\wrapper\dists\gradle-6.5-bin\6nifqtx7604sqp1q6g8wikw7p\gradle-6.5\lib\gradle-launcher-6.5.jar
Launcher Type: SUN_STANDARD

Environment Variables:
PATH=C:\Program Files\Common Files\Oracle\Java\javapath;C:\Program Files\Intel\iCLS Client\;C:\WINDOWS\system32;C:\WINDOWS;C:\WINDOWS\System32\Wbem;C:\WINDOWS\System32\WindowsPowerShell\v1.0\;C:\WINDOWS\System32\OpenSSH\;C:\Program Files\Intel\WiFi\bin\;C:\Program Files\Common Files\Intel\WirelessCommon\;C:\Program Files\Git\cmd;C:\Program Files\nodejs\;C:\Program Files (x86)\Intel\Intel(R) Management Engine Components\DAL;C:\Program Files\Intel\Intel(R) Management Engine Components\DAL;C:\Program Files (x86)\Gow\bin;C:\Program Files\Microsoft SQL Server\120\Tools\Binn\;C:\Program Files\Java\jdk-15.0.1\bin;;C:\Program Files\Git LFS;C:\Users\lea\AppData\Local\Microsoft\WindowsApps;C:\Program Files\JetBrains\IntelliJ IDEA Community Edition 2020.2.3\bin;;C:\Users\lea\AppData\Local\Programs\Microsoft VS Code\bin;C:\Program Files\JetBrains\JetBrains Rider 2020.2.4\bin;;C:\Users\lea\AppData\Local\GitHubDesktop\bin
USERNAME=lea
OS=Windows_NT
PROCESSOR_IDENTIFIER=Intel64 Family 6 Model 142 Stepping 9, GenuineIntel



---------------  S Y S T E M  ---------------

OS: Windows 10.0 , 64 bit Build 19041 (10.0.19041.546)

CPU:total 4 (initial active 4) (2 cores per cpu, 2 threads per core) family 6 model 142 stepping 9, cmov, cx8, fxsr, mmx, sse, sse2, sse3, ssse3, sse4.1, sse4.2, popcnt, avx, avx2, aes, clmul, erms, 3dnowpref, lzcnt, ht, tsc, tscinvbit, bmi1, bmi2, adx

Memory: 4k page, physical 8251340k(668764k free), swap 9299916k(0k free)

vm_info: OpenJDK 64-Bit Server VM (25.242-b01) for windows-amd64 JRE (1.8.0_242-release-1644-b01), built by "builder" with MS VC++ 10.0 (VS2010)

time: Sat Dec 05 23:55:57 2020
timezone: Jerusalem Standard Time
elapsed time: 88 seconds (0d 0h 1m 28s)

