#
# There is insufficient memory for the Java Runtime Environment to continue.
# Native memory allocation (malloc) failed to allocate 1109056 bytes for Chunk::new
# Possible reasons:
#   The system is out of physical RAM or swap space
#   The process is running with CompressedOops enabled, and the Java Heap may be blocking the growth of the native heap
# Possible solutions:
#   Reduce memory load on the system
#   Increase physical memory or swap space
#   Check if swap backing store is full
#   Decrease Java heap size (-Xmx/-Xms)
#   Decrease number of Java threads
#   Decrease Java thread stack sizes (-Xss)
#   Set larger code cache with -XX:ReservedCodeCacheSize=
#   JVM is running with Unscaled Compressed Oops mode in which the Java heap is
#     placed in the first 4GB address space. The Java Heap base address is the
#     maximum limit for the native heap growth. Please use -XX:HeapBaseMinAddress
#     to set the Java Heap base and to place the Java Heap above 4GB virtual address.
# This output file may be truncated or incomplete.
#
#  Out of Memory Error (allocation.cpp:389), pid=18000, tid=0x00000000000046c8
#
# JRE version: OpenJDK Runtime Environment (8.0_242-b01) (build 1.8.0_242-release-1644-b01)
# Java VM: OpenJDK 64-Bit Server VM (25.242-b01 mixed mode windows-amd64 compressed oops)
# Failed to write core dump. Minidumps are not enabled by default on client versions of Windows
#

---------------  T H R E A D  ---------------

Current thread (0x0000000017c5f000):  JavaThread "C2 CompilerThread1" daemon [_thread_in_native, id=18120, stack(0x00000000193b0000,0x00000000194b0000)]

Stack: [0x00000000193b0000,0x00000000194b0000]
[error occurred during error reporting (printing stack bounds), id 0xc0000005]

Native frames: (J=compiled Java code, j=interpreted, Vv=VM code, C=native code)


Current CompileTask:
C2:2544418 19355  s    4       org.gradle.internal.component.external.model.AbstractLazyModuleComponentResolveMetadata::getVariantsForGraphTraversal (20 bytes)


---------------  P R O C E S S  ---------------

Java Threads: ( => current thread )
  0x000000001a6fb000 JavaThread "Cache worker for file content cache (C:\Users\lea\Desktop\app\Dimot_Bekalot\.gradle\6.5\fileContent)" [_thread_blocked, id=15876, stack(0x00000000285f0000,0x00000000286f0000)]
  0x000000001a6fa800 JavaThread "Cache worker for Build Output Cleanup Cache (C:\Users\lea\Desktop\app\Dimot_Bekalot\.gradle\buildOutputCleanup)" [_thread_blocked, id=7196, stack(0x00000000284f0000,0x00000000285f0000)]
  0x000000001a6f9800 JavaThread "jar transforms Thread 658" [_thread_blocked, id=13240, stack(0x00000000283f0000,0x00000000284f0000)]
  0x000000001a6fe000 JavaThread "jar transforms Thread 657" [_thread_blocked, id=9384, stack(0x00000000282f0000,0x00000000283f0000)]
  0x000000001a6f9000 JavaThread "jar transforms Thread 656" [_thread_blocked, id=13224, stack(0x00000000281f0000,0x00000000282f0000)]
  0x000000001a6fd800 JavaThread "jar transforms Thread 655" [_thread_blocked, id=13964, stack(0x00000000280f0000,0x00000000281f0000)]
  0x000000001a6f8000 JavaThread "jar transforms Thread 654" [_thread_blocked, id=12524, stack(0x0000000027ff0000,0x00000000280f0000)]
  0x000000001a6fc800 JavaThread "jar transforms Thread 653" [_thread_blocked, id=13260, stack(0x0000000027ef0000,0x0000000027ff0000)]
  0x000000001a6fc000 JavaThread "jar transforms Thread 652" [_thread_blocked, id=11000, stack(0x0000000027df0000,0x0000000027ef0000)]
  0x000000001a6f0000 JavaThread "jar transforms Thread 651" [_thread_blocked, id=13576, stack(0x0000000027cf0000,0x0000000027df0000)]
  0x000000001a6f6000 JavaThread "jar transforms Thread 650" [_thread_blocked, id=3780, stack(0x0000000027bf0000,0x0000000027cf0000)]
  0x000000001a6f6800 JavaThread "jar transforms Thread 649" [_thread_blocked, id=3936, stack(0x0000000027af0000,0x0000000027bf0000)]
  0x000000001a6f5000 JavaThread "jar transforms Thread 648" [_thread_blocked, id=1616, stack(0x00000000279f0000,0x0000000027af0000)]
  0x000000001a6f0800 JavaThread "jar transforms Thread 647" [_thread_blocked, id=13420, stack(0x00000000278f0000,0x00000000279f0000)]
  0x000000001a6ef000 JavaThread "jar transforms Thread 646" [_thread_blocked, id=9248, stack(0x00000000277f0000,0x00000000278f0000)]
  0x000000001a6f4800 JavaThread "jar transforms Thread 645" [_thread_blocked, id=15952, stack(0x00000000276f0000,0x00000000277f0000)]
  0x000000001a6f2000 JavaThread "jar transforms Thread 644" [_thread_blocked, id=10464, stack(0x00000000275f0000,0x00000000276f0000)]
  0x000000001a6f1800 JavaThread "jar transforms Thread 643" [_thread_blocked, id=7188, stack(0x00000000274f0000,0x00000000275f0000)]
  0x000000001ee2d000 JavaThread "jar transforms Thread 642" [_thread_blocked, id=7852, stack(0x00000000273f0000,0x00000000274f0000)]
  0x000000001ee2c800 JavaThread "jar transforms Thread 641" [_thread_blocked, id=1176, stack(0x00000000272f0000,0x00000000273f0000)]
  0x000000001ee25800 JavaThread "jar transforms Thread 640" [_thread_blocked, id=16088, stack(0x00000000271f0000,0x00000000272f0000)]
  0x000000001ee2b800 JavaThread "jar transforms Thread 639" [_thread_blocked, id=12588, stack(0x00000000270f0000,0x00000000271f0000)]
  0x000000001ee24000 JavaThread "jar transforms Thread 638" [_thread_blocked, id=7072, stack(0x0000000026ff0000,0x00000000270f0000)]
  0x000000001ee29800 JavaThread "jar transforms Thread 637" [_thread_blocked, id=10784, stack(0x0000000026ef0000,0x0000000026ff0000)]
  0x000000001ee2b000 JavaThread "jar transforms Thread 636" [_thread_blocked, id=6432, stack(0x0000000026df0000,0x0000000026ef0000)]
  0x000000001ee2a000 JavaThread "jar transforms Thread 635" [_thread_blocked, id=2060, stack(0x0000000026cf0000,0x0000000026df0000)]
  0x000000001ee28800 JavaThread "jar transforms Thread 634" [_thread_blocked, id=2268, stack(0x0000000026bf0000,0x0000000026cf0000)]
  0x000000001ee25000 JavaThread "jar transforms Thread 633" [_thread_blocked, id=14024, stack(0x0000000026af0000,0x0000000026bf0000)]
  0x000000001ee26800 JavaThread "jar transforms Thread 632" [_thread_blocked, id=10144, stack(0x00000000269f0000,0x0000000026af0000)]
  0x000000001ee1e000 JavaThread "jar transforms Thread 631" [_thread_blocked, id=3812, stack(0x00000000268f0000,0x00000000269f0000)]
  0x000000001ee20800 JavaThread "jar transforms Thread 630" [_thread_blocked, id=13844, stack(0x00000000267f0000,0x00000000268f0000)]
  0x000000001ee22000 JavaThread "jar transforms Thread 629" [_thread_blocked, id=13992, stack(0x00000000266f0000,0x00000000267f0000)]
  0x000000001ee23800 JavaThread "jar transforms Thread 628" [_thread_blocked, id=10368, stack(0x00000000265f0000,0x00000000266f0000)]
  0x000000001ee22800 JavaThread "jar transforms Thread 627" [_thread_blocked, id=11320, stack(0x00000000264f0000,0x00000000265f0000)]
  0x000000001ee1f800 JavaThread "jar transforms Thread 626" [_thread_blocked, id=1740, stack(0x00000000263f0000,0x00000000264f0000)]
  0x000000001ee1f000 JavaThread "jar transforms Thread 625" [_thread_blocked, id=16524, stack(0x00000000262f0000,0x00000000263f0000)]
  0x000000001ee21000 JavaThread "jar transforms Thread 624" [_thread_blocked, id=8608, stack(0x00000000261f0000,0x00000000262f0000)]
  0x00000000195df800 JavaThread "jar transforms Thread 623" [_thread_blocked, id=17656, stack(0x00000000260f0000,0x00000000261f0000)]
  0x00000000195df000 JavaThread "jar transforms Thread 622" [_thread_blocked, id=1780, stack(0x0000000025ff0000,0x00000000260f0000)]
  0x00000000195de000 JavaThread "jar transforms Thread 621" [_thread_blocked, id=17848, stack(0x0000000025ef0000,0x0000000025ff0000)]
  0x00000000195db000 JavaThread "jar transforms Thread 620" [_thread_blocked, id=10212, stack(0x0000000025df0000,0x0000000025ef0000)]
  0x00000000195d9800 JavaThread "jar transforms Thread 619" [_thread_blocked, id=10488, stack(0x0000000025cf0000,0x0000000025df0000)]
  0x00000000195d6800 JavaThread "jar transforms Thread 618" [_thread_blocked, id=16464, stack(0x0000000025bf0000,0x0000000025cf0000)]
  0x00000000195dc800 JavaThread "jar transforms Thread 617" [_thread_blocked, id=14284, stack(0x0000000025af0000,0x0000000025bf0000)]
  0x00000000195dc000 JavaThread "jar transforms Thread 616" [_thread_blocked, id=6584, stack(0x00000000259f0000,0x0000000025af0000)]
  0x00000000195d9000 JavaThread "jar transforms Thread 615" [_thread_blocked, id=14300, stack(0x00000000258f0000,0x00000000259f0000)]
  0x00000000195da800 JavaThread "jar transforms Thread 614" [_thread_blocked, id=13636, stack(0x00000000257f0000,0x00000000258f0000)]
  0x00000000195d8000 JavaThread "jar transforms Thread 613" [_thread_blocked, id=2436, stack(0x00000000256f0000,0x00000000257f0000)]
  0x00000000195dd800 JavaThread "jar transforms Thread 612" [_thread_blocked, id=13480, stack(0x00000000255f0000,0x00000000256f0000)]
  0x00000000195d4800 JavaThread "jar transforms Thread 611" [_thread_blocked, id=17916, stack(0x00000000254f0000,0x00000000255f0000)]
  0x00000000195d7800 JavaThread "jar transforms Thread 610" [_thread_blocked, id=7872, stack(0x00000000253f0000,0x00000000254f0000)]
  0x00000000195d0800 JavaThread "jar transforms Thread 609" [_thread_blocked, id=5252, stack(0x00000000252f0000,0x00000000253f0000)]
  0x00000000195d2000 JavaThread "jar transforms Thread 608" [_thread_blocked, id=12976, stack(0x00000000251f0000,0x00000000252f0000)]
  0x00000000195d6000 JavaThread "jar transforms Thread 607" [_thread_blocked, id=16236, stack(0x00000000250f0000,0x00000000251f0000)]
  0x00000000195d3800 JavaThread "jar transforms Thread 606" [_thread_blocked, id=9572, stack(0x0000000024ff0000,0x00000000250f0000)]
  0x00000000195d5000 JavaThread "jar transforms Thread 605" [_thread_blocked, id=992, stack(0x0000000024ef0000,0x0000000024ff0000)]
  0x00000000195d1800 JavaThread "jar transforms Thread 604" [_thread_blocked, id=5856, stack(0x0000000024df0000,0x0000000024ef0000)]
  0x0000000020b57800 JavaThread "jar transforms Thread 603" [_thread_blocked, id=7564, stack(0x0000000024cf0000,0x0000000024df0000)]
  0x0000000020b5c000 JavaThread "jar transforms Thread 602" [_thread_blocked, id=2236, stack(0x0000000024bf0000,0x0000000024cf0000)]
  0x0000000020b57000 JavaThread "jar transforms Thread 601" [_thread_blocked, id=7696, stack(0x0000000024af0000,0x0000000024bf0000)]
  0x0000000020b5b800 JavaThread "jar transforms Thread 600" [_thread_blocked, id=2852, stack(0x00000000249f0000,0x0000000024af0000)]
  0x0000000020b5a800 JavaThread "jar transforms Thread 599" [_thread_blocked, id=9852, stack(0x00000000248f0000,0x00000000249f0000)]
  0x0000000020b5a000 JavaThread "jar transforms Thread 598" [_thread_blocked, id=16568, stack(0x00000000247f0000,0x00000000248f0000)]
  0x0000000020b59000 JavaThread "jar transforms Thread 597" [_thread_blocked, id=14772, stack(0x00000000246f0000,0x00000000247f0000)]
  0x0000000020b58800 JavaThread "jar transforms Thread 596" [_thread_blocked, id=5188, stack(0x00000000245f0000,0x00000000246f0000)]
  0x0000000020b4f800 JavaThread "jar transforms Thread 595" [_thread_blocked, id=8164, stack(0x00000000244f0000,0x00000000245f0000)]
  0x0000000020b56000 JavaThread "jar transforms Thread 594" [_thread_blocked, id=17960, stack(0x00000000243f0000,0x00000000244f0000)]
  0x0000000020b50000 JavaThread "jar transforms Thread 593" [_thread_blocked, id=17680, stack(0x00000000242f0000,0x00000000243f0000)]
  0x0000000020b4e800 JavaThread "jar transforms Thread 592" [_thread_blocked, id=15092, stack(0x00000000241f0000,0x00000000242f0000)]
  0x0000000020b55800 JavaThread "jar transforms Thread 591" [_thread_blocked, id=2652, stack(0x00000000240f0000,0x00000000241f0000)]
  0x0000000020b54800 JavaThread "jar transforms Thread 590" [_thread_blocked, id=1716, stack(0x0000000023ff0000,0x00000000240f0000)]
  0x0000000020b4d000 JavaThread "jar transforms Thread 589" [_thread_blocked, id=11296, stack(0x0000000023ef0000,0x0000000023ff0000)]
  0x0000000020b54000 JavaThread "jar transforms Thread 588" [_thread_blocked, id=18284, stack(0x0000000023df0000,0x0000000023ef0000)]
  0x0000000020b4e000 JavaThread "jar transforms Thread 587" [_thread_blocked, id=2000, stack(0x0000000023cf0000,0x0000000023df0000)]
  0x0000000020b53000 JavaThread "jar transforms Thread 586" [_thread_blocked, id=17940, stack(0x0000000023bf0000,0x0000000023cf0000)]
  0x0000000020b52800 JavaThread "jar transforms Thread 585" [_thread_blocked, id=9252, stack(0x0000000023af0000,0x0000000023bf0000)]
  0x0000000020b51000 JavaThread "jar transforms Thread 584" [_thread_blocked, id=6204, stack(0x00000000239f0000,0x0000000023af0000)]
  0x000000001adfc800 JavaThread "jar transforms Thread 583" [_thread_blocked, id=13816, stack(0x00000000238f0000,0x00000000239f0000)]
  0x000000001adfb800 JavaThread "jar transforms Thread 582" [_thread_blocked, id=9976, stack(0x00000000237f0000,0x00000000238f0000)]
  0x000000001adfb000 JavaThread "jar transforms Thread 581" [_thread_blocked, id=2260, stack(0x00000000236f0000,0x00000000237f0000)]
  0x000000001adfa000 JavaThread "jar transforms Thread 580" [_thread_blocked, id=9676, stack(0x00000000235f0000,0x00000000236f0000)]
  0x000000001adf9800 JavaThread "jar transforms Thread 579" [_thread_blocked, id=6240, stack(0x00000000234f0000,0x00000000235f0000)]
  0x000000001adf8800 JavaThread "jar transforms Thread 578" [_thread_blocked, id=12532, stack(0x00000000233f0000,0x00000000234f0000)]
  0x000000001adf8000 JavaThread "jar transforms Thread 577" [_thread_blocked, id=13620, stack(0x00000000232f0000,0x00000000233f0000)]
  0x000000001adf1000 JavaThread "jar transforms Thread 576" [_thread_blocked, id=12508, stack(0x00000000231f0000,0x00000000232f0000)]
  0x000000001adf0800 JavaThread "jar transforms Thread 575" [_thread_blocked, id=6040, stack(0x00000000230f0000,0x00000000231f0000)]
  0x000000001adf6800 JavaThread "jar transforms Thread 574" [_thread_blocked, id=14688, stack(0x0000000022ff0000,0x00000000230f0000)]
  0x000000001adf7000 JavaThread "jar transforms Thread 573" [_thread_blocked, id=1132, stack(0x0000000022ef0000,0x0000000022ff0000)]
  0x000000001adf5800 JavaThread "jar transforms Thread 572" [_thread_blocked, id=5736, stack(0x0000000022df0000,0x0000000022ef0000)]
  0x000000001adf4000 JavaThread "jar transforms Thread 571" [_thread_blocked, id=10052, stack(0x0000000022cf0000,0x0000000022df0000)]
  0x000000001adf3800 JavaThread "jar transforms Thread 570" [_thread_blocked, id=10320, stack(0x0000000022bf0000,0x0000000022cf0000)]
  0x000000001adf5000 JavaThread "jar transforms Thread 569" [_thread_blocked, id=5700, stack(0x0000000022af0000,0x0000000022bf0000)]
  0x000000001aded800 JavaThread "jar transforms Thread 568" [_thread_blocked, id=15520, stack(0x00000000229f0000,0x0000000022af0000)]
  0x000000001adf2800 JavaThread "jar transforms Thread 567" [_thread_blocked, id=18208, stack(0x00000000228f0000,0x00000000229f0000)]
  0x000000001adf2000 JavaThread "jar transforms Thread 566" [_thread_blocked, id=2536, stack(0x00000000227f0000,0x00000000228f0000)]
  0x000000001adef800 JavaThread "jar transforms Thread 565" [_thread_blocked, id=10364, stack(0x00000000226f0000,0x00000000227f0000)]
  0x000000001adee000 JavaThread "Build operations Thread 4" [_thread_blocked, id=4772, stack(0x0000000021ef0000,0x0000000021ff0000)]
  0x000000001e7ef800 JavaThread "Build operations Thread 3" [_thread_blocked, id=2280, stack(0x00000000216f0000,0x00000000217f0000)]
  0x000000001e7ec800 JavaThread "Build operations Thread 2" [_thread_blocked, id=10004, stack(0x00000000215f0000,0x00000000216f0000)]
  0x000000001e7eb800 JavaThread "Build operations" [_thread_blocked, id=15812, stack(0x0000000020270000,0x0000000020370000)]
  0x000000001e7ee000 JavaThread "Cache worker for cache directory md-rule (C:\Users\lea\.gradle\caches\6.5\md-rule)" [_thread_blocked, id=4444, stack(0x0000000020170000,0x0000000020270000)]
  0x000000001e7ee800 JavaThread "Cache worker for cache directory md-supplier (C:\Users\lea\.gradle\caches\6.5\md-supplier)" [_thread_blocked, id=10140, stack(0x000000001d6d0000,0x000000001d7d0000)]
  0x000000001e7e5800 JavaThread "Cache worker for checksums cache (C:\Users\lea\Desktop\app\Dimot_Bekalot\.gradle\checksums)" [_thread_blocked, id=14164, stack(0x000000001d3d0000,0x000000001d4d0000)]
  0x000000001e7e4000 JavaThread "Cache worker for file hash cache (C:\Users\lea\Desktop\app\Dimot_Bekalot\.gradle\6.5\fileHashes)" [_thread_blocked, id=9684, stack(0x000000001d2d0000,0x000000001d3d0000)]
  0x000000001e7e9800 JavaThread "Thread-744" [_thread_blocked, id=10808, stack(0x000000001d1d0000,0x000000001d2d0000)]
  0x000000001e7e6000 JavaThread "Stdin handler" [_thread_blocked, id=17636, stack(0x000000001d0d0000,0x000000001d1d0000)]
  0x000000001e7e4800 JavaThread "Asynchronous log dispatcher for DefaultDaemonConnection: socket connection from /127.0.0.1:51986 to /127.0.0.1:52594" [_thread_blocked, id=10392, stack(0x000000001ca90000,0x000000001cb90000)]
  0x000000001e7e1800 JavaThread "Daemon worker Thread 7" [_thread_in_vm, id=15644, stack(0x000000001c990000,0x000000001ca90000)]
  0x000000001e7e3000 JavaThread "Cancel handler" [_thread_blocked, id=15212, stack(0x0000000001360000,0x0000000001460000)]
  0x000000001e7e8800 JavaThread "Handler for socket connection from /127.0.0.1:51986 to /127.0.0.1:52594" [_thread_in_native, id=11032, stack(0x0000000001260000,0x0000000001360000)]
  0x000000001e7e2800 JavaThread "Daemon Thread 7" [_thread_blocked, id=5476, stack(0x0000000001160000,0x0000000001260000)]
  0x000000001982b000 JavaThread "Cache worker for Java compile cache (C:\Users\lea\.gradle\caches\6.5\javaCompile)" [_thread_blocked, id=15884, stack(0x000000002b480000,0x000000002b580000)]
  0x000000001ee28000 JavaThread "Memory manager" [_thread_blocked, id=2876, stack(0x0000000029ec0000,0x0000000029fc0000)]
  0x000000001b6ef800 JavaThread "Cache worker for file content cache (C:\Users\lea\.gradle\caches\6.5\fileContent)" [_thread_blocked, id=1536, stack(0x0000000021ff0000,0x00000000220f0000)]
  0x000000001b6ee000 JavaThread "Cache worker for execution history cache (C:\Users\lea\.gradle\caches\6.5\executionHistory)" [_thread_blocked, id=3660, stack(0x00000000217f0000,0x00000000218f0000)]
  0x000000001b6f1800 JavaThread "Cache worker for file hash cache (C:\Users\lea\.gradle\caches\6.5\fileHashes)" [_thread_blocked, id=17532, stack(0x000000001dcd0000,0x000000001ddd0000)]
  0x000000001b6f1000 JavaThread "File lock request listener" [_thread_in_native, id=18204, stack(0x000000001dbd0000,0x000000001dcd0000)]
  0x000000001b6de800 JavaThread "Cache worker for journal cache (C:\Users\lea\.gradle\caches\journal-1)" [_thread_blocked, id=13912, stack(0x000000001d9d0000,0x000000001dad0000)]
  0x000000001b4d2000 JavaThread "Daemon periodic checks" [_thread_blocked, id=12592, stack(0x000000001cdd0000,0x000000001ced0000)]
  0x000000001b4d1800 JavaThread "Incoming local TCP Connector on port 51986" [_thread_in_native, id=9244, stack(0x000000001cb90000,0x000000001cc90000)]
  0x0000000019bf8800 JavaThread "Daemon health stats" [_thread_blocked, id=8904, stack(0x000000001c550000,0x000000001c650000)]
  0x0000000017cae800 JavaThread "Service Thread" daemon [_thread_blocked, id=11996, stack(0x00000000199b0000,0x0000000019ab0000)]
  0x0000000017ca7000 JavaThread "C1 CompilerThread2" daemon [_thread_blocked, id=18228, stack(0x00000000194b0000,0x00000000195b0000)]
=>0x0000000017c5f000 JavaThread "C2 CompilerThread1" daemon [_thread_in_native, id=18120, stack(0x00000000193b0000,0x00000000194b0000)]
  0x0000000017c57800 JavaThread "C2 CompilerThread0" daemon [_thread_in_native, id=1996, stack(0x00000000192b0000,0x00000000193b0000)]
  0x0000000017c56000 JavaThread "Attach Listener" daemon [_thread_blocked, id=6504, stack(0x00000000191b0000,0x00000000192b0000)]
  0x0000000017c47000 JavaThread "Signal Dispatcher" daemon [_thread_blocked, id=17400, stack(0x00000000190b0000,0x00000000191b0000)]
  0x000000000302b800 JavaThread "Finalizer" daemon [_thread_blocked, id=9324, stack(0x0000000018eb0000,0x0000000018fb0000)]
  0x0000000017c39000 JavaThread "Reference Handler" daemon [_thread_blocked, id=2080, stack(0x0000000018db0000,0x0000000018eb0000)]
  0x0000000002d2e000 JavaThread "main" [_thread_blocked, id=4240, stack(0x0000000002e30000,0x0000000002f30000)]

Other Threads:
  0x0000000017c17000 VMThread [stack: 0x0000000018cb0000,0x0000000018db0000] [id=12716]
  0x000000001962d000 WatcherThread [stack: 0x0000000019ab0000,0x0000000019bb0000] [id=10424]

VM state:not at safepoint (normal execution)

VM Mutex/Monitor currently owned by a thread: None

heap address: 0x0000000080000000, size: 2048 MB, Compressed Oops mode: 32-bit
Narrow klass base: 0x0000000000000000, Narrow klass shift: 3
Compressed class space size: 1073741824 Address: 0x0000000100000000

Heap:
 PSYoungGen      total 439808K, used 357088K [0x00000000d5580000, 0x00000000f3480000, 0x0000000100000000)
  eden space 406528K, 79% used [0x00000000d5580000,0x00000000e9229878,0x00000000ee280000)
  from space 33280K, 98% used [0x00000000ef400000,0x00000000f140e7e0,0x00000000f1480000)
  to   space 32768K, 0% used [0x00000000f1480000,0x00000000f1480000,0x00000000f3480000)
 ParOldGen       total 118784K, used 68427K [0x0000000080000000, 0x0000000087400000, 0x00000000d5580000)
  object space 118784K, 57% used [0x0000000080000000,0x00000000842d2eb0,0x0000000087400000)
 Metaspace       used 92584K, capacity 98030K, committed 98328K, reserved 1134592K
  class space    used 12073K, capacity 13046K, committed 13104K, reserved 1048576K

Card table byte_map: [0x00000000123f0000,0x0000000012800000] byte_map_base: 0x0000000011ff0000

Marking Bits: (ParMarkBitMap*) 0x000000007546f030
 Begin Bits: [0x0000000012eb0000, 0x0000000014eb0000)
 End Bits:   [0x0000000014eb0000, 0x0000000016eb0000)

Polling page: 0x0000000002cc0000

CodeCache: size=245760Kb used=55070Kb max_used=55070Kb free=190689Kb
 bounds [0x0000000003030000, 0x0000000006640000, 0x0000000012030000]
 total_blobs=16724 nmethods=15868 adapters=767
 compilation: enabled

Compilation events (10 events):
Event: 2544.290 Thread 0x0000000017ca7000 19425       3       org.gradle.api.internal.artifacts.publish.DecoratingPublishArtifact_Decorated::setType (12 bytes)
Event: 2544.290 Thread 0x0000000017ca7000 nmethod 19425 0x000000000662ebd0 code [0x000000000662ed20, 0x000000000662eef0]
Event: 2544.290 Thread 0x0000000017ca7000 19426       3       org.gradle.api.internal.artifacts.publish.DecoratingPublishArtifact::setType (6 bytes)
Event: 2544.290 Thread 0x0000000017ca7000 nmethod 19426 0x000000000662ef90 code [0x000000000662f0e0, 0x000000000662f250]
Event: 2544.293 Thread 0x0000000017ca7000 19427       1       com.android.build.gradle.internal.dsl.AnnotationProcessorOptions::getArguments (5 bytes)
Event: 2544.293 Thread 0x0000000017ca7000 nmethod 19427 0x000000000662f2d0 code [0x000000000662f420, 0x000000000662f530]
Event: 2544.293 Thread 0x0000000017ca7000 19428       1       com.android.build.gradle.internal.dsl.AnnotationProcessorOptions::getCompilerArgumentProviders (5 bytes)
Event: 2544.294 Thread 0x0000000017ca7000 nmethod 19428 0x000000000662f590 code [0x000000000662f6e0, 0x000000000662f7f0]
Event: 2544.296 Thread 0x0000000017ca7000 19429       3       org.gradle.api.internal.AbstractTask::<init> (348 bytes)
Event: 2544.300 Thread 0x0000000017ca7000 nmethod 19429 0x000000000662f850 code [0x000000000662fe00, 0x0000000006633cf8]

GC Heap History (10 events):
Event: 16.410 GC heap before
{Heap before GC invocations=14 (full 3):
 PSYoungGen      total 320000K, used 301568K [0x00000000d5580000, 0x00000000eae00000, 0x0000000100000000)
  eden space 301568K, 100% used [0x00000000d5580000,0x00000000e7c00000,0x00000000e7c00000)
  from space 18432K, 0% used [0x00000000e9380000,0x00000000e9380000,0x00000000ea580000)
  to   space 24064K, 0% used [0x00000000e7c00000,0x00000000e7c00000,0x00000000e9380000)
 ParOldGen       total 118784K, used 38246K [0x0000000080000000, 0x0000000087400000, 0x00000000d5580000)
  object space 118784K, 32% used [0x0000000080000000,0x0000000082559b90,0x0000000087400000)
 Metaspace       used 69228K, capacity 72396K, committed 72600K, reserved 1112064K
  class space    used 9490K, capacity 10093K, committed 10160K, reserved 1048576K
Event: 16.455 GC heap after
Heap after GC invocations=14 (full 3):
 PSYoungGen      total 325632K, used 24047K [0x00000000d5580000, 0x00000000f0480000, 0x0000000100000000)
  eden space 301568K, 0% used [0x00000000d5580000,0x00000000d5580000,0x00000000e7c00000)
  from space 24064K, 99% used [0x00000000e7c00000,0x00000000e937bef0,0x00000000e9380000)
  to   space 30720K, 0% used [0x00000000ee680000,0x00000000ee680000,0x00000000f0480000)
 ParOldGen       total 118784K, used 46160K [0x0000000080000000, 0x0000000087400000, 0x00000000d5580000)
  object space 118784K, 38% used [0x0000000080000000,0x0000000082d14320,0x0000000087400000)
 Metaspace       used 69228K, capacity 72396K, committed 72600K, reserved 1112064K
  class space    used 9490K, capacity 10093K, committed 10160K, reserved 1048576K
}
Event: 156.785 GC heap before
{Heap before GC invocations=15 (full 3):
 PSYoungGen      total 325632K, used 325615K [0x00000000d5580000, 0x00000000f0480000, 0x0000000100000000)
  eden space 301568K, 100% used [0x00000000d5580000,0x00000000e7c00000,0x00000000e7c00000)
  from space 24064K, 99% used [0x00000000e7c00000,0x00000000e937bef0,0x00000000e9380000)
  to   space 30720K, 0% used [0x00000000ee680000,0x00000000ee680000,0x00000000f0480000)
 ParOldGen       total 118784K, used 46160K [0x0000000080000000, 0x0000000087400000, 0x00000000d5580000)
  object space 118784K, 38% used [0x0000000080000000,0x0000000082d14320,0x0000000087400000)
 Metaspace       used 87354K, capacity 91766K, committed 92056K, reserved 1128448K
  class space    used 11852K, capacity 12698K, committed 12720K, reserved 1048576K
Event: 156.932 GC heap after
Heap after GC invocations=15 (full 3):
 PSYoungGen      total 393216K, used 25423K [0x00000000d5580000, 0x00000000eff80000, 0x0000000100000000)
  eden space 367616K, 0% used [0x00000000d5580000,0x00000000d5580000,0x00000000ebc80000)
  from space 25600K, 99% used [0x00000000ee680000,0x00000000eff53df0,0x00000000eff80000)
  to   space 33280K, 0% used [0x00000000ebe80000,0x00000000ebe80000,0x00000000edf00000)
 ParOldGen       total 118784K, used 68403K [0x0000000080000000, 0x0000000087400000, 0x00000000d5580000)
  object space 118784K, 57% used [0x0000000080000000,0x00000000842cceb0,0x0000000087400000)
 Metaspace       used 87354K, capacity 91766K, committed 92056K, reserved 1128448K
  class space    used 11852K, capacity 12698K, committed 12720K, reserved 1048576K
}
Event: 392.005 GC heap before
{Heap before GC invocations=16 (full 3):
 PSYoungGen      total 393216K, used 393039K [0x00000000d5580000, 0x00000000eff80000, 0x0000000100000000)
  eden space 367616K, 100% used [0x00000000d5580000,0x00000000ebc80000,0x00000000ebc80000)
  from space 25600K, 99% used [0x00000000ee680000,0x00000000eff53df0,0x00000000eff80000)
  to   space 33280K, 0% used [0x00000000ebe80000,0x00000000ebe80000,0x00000000edf00000)
 ParOldGen       total 118784K, used 68403K [0x0000000080000000, 0x0000000087400000, 0x00000000d5580000)
  object space 118784K, 57% used [0x0000000080000000,0x00000000842cceb0,0x0000000087400000)
 Metaspace       used 89290K, capacity 93752K, committed 93976K, reserved 1130496K
  class space    used 11878K, capacity 12737K, committed 12848K, reserved 1048576K
Event: 392.044 GC heap after
Heap after GC invocations=16 (full 3):
 PSYoungGen      total 402944K, used 20970K [0x00000000d5580000, 0x00000000f4080000, 0x0000000100000000)
  eden space 369664K, 0% used [0x00000000d5580000,0x00000000d5580000,0x00000000ebe80000)
  from space 33280K, 63% used [0x00000000ebe80000,0x00000000ed2fa828,0x00000000edf00000)
  to   space 34304K, 0% used [0x00000000f1f00000,0x00000000f1f00000,0x00000000f4080000)
 ParOldGen       total 118784K, used 68411K [0x0000000080000000, 0x0000000087400000, 0x00000000d5580000)
  object space 118784K, 57% used [0x0000000080000000,0x00000000842ceeb0,0x0000000087400000)
 Metaspace       used 89290K, capacity 93752K, committed 93976K, reserved 1130496K
  class space    used 11878K, capacity 12737K, committed 12848K, reserved 1048576K
}
Event: 537.045 GC heap before
{Heap before GC invocations=17 (full 3):
 PSYoungGen      total 402944K, used 390634K [0x00000000d5580000, 0x00000000f4080000, 0x0000000100000000)
  eden space 369664K, 100% used [0x00000000d5580000,0x00000000ebe80000,0x00000000ebe80000)
  from space 33280K, 63% used [0x00000000ebe80000,0x00000000ed2fa828,0x00000000edf00000)
  to   space 34304K, 0% used [0x00000000f1f00000,0x00000000f1f00000,0x00000000f4080000)
 ParOldGen       total 118784K, used 68411K [0x0000000080000000, 0x0000000087400000, 0x00000000d5580000)
  object space 118784K, 57% used [0x0000000080000000,0x00000000842ceeb0,0x0000000087400000)
 Metaspace       used 90061K, capacity 94912K, committed 95000K, reserved 1132544K
  class space    used 11918K, capacity 12807K, committed 12848K, reserved 1048576K
Event: 537.089 GC heap after
Heap after GC invocations=17 (full 3):
 PSYoungGen      total 456192K, used 29876K [0x00000000d5580000, 0x00000000f3e00000, 0x0000000100000000)
  eden space 424448K, 0% used [0x00000000d5580000,0x00000000d5580000,0x00000000ef400000)
  from space 31744K, 94% used [0x00000000f1f00000,0x00000000f3c2d1c8,0x00000000f3e00000)
  to   space 37888K, 0% used [0x00000000ef400000,0x00000000ef400000,0x00000000f1900000)
 ParOldGen       total 118784K, used 68419K [0x0000000080000000, 0x0000000087400000, 0x00000000d5580000)
  object space 118784K, 57% used [0x0000000080000000,0x00000000842d0eb0,0x0000000087400000)
 Metaspace       used 90061K, capacity 94912K, committed 95000K, reserved 1132544K
  class space    used 11918K, capacity 12807K, committed 12848K, reserved 1048576K
}
Event: 939.337 GC heap before
{Heap before GC invocations=18 (full 3):
 PSYoungGen      total 456192K, used 454324K [0x00000000d5580000, 0x00000000f3e00000, 0x0000000100000000)
  eden space 424448K, 100% used [0x00000000d5580000,0x00000000ef400000,0x00000000ef400000)
  from space 31744K, 94% used [0x00000000f1f00000,0x00000000f3c2d1c8,0x00000000f3e00000)
  to   space 37888K, 0% used [0x00000000ef400000,0x00000000ef400000,0x00000000f1900000)
 ParOldGen       total 118784K, used 68419K [0x0000000080000000, 0x0000000087400000, 0x00000000d5580000)
  object space 118784K, 57% used [0x0000000080000000,0x00000000842d0eb0,0x0000000087400000)
 Metaspace       used 91539K, capacity 96588K, committed 96664K, reserved 1132544K
  class space    used 12002K, capacity 12937K, committed 12976K, reserved 1048576K
Event: 939.434 GC heap after
Heap after GC invocations=18 (full 3):
 PSYoungGen      total 439808K, used 32825K [0x00000000d5580000, 0x00000000f3480000, 0x0000000100000000)
  eden space 406528K, 0% used [0x00000000d5580000,0x00000000d5580000,0x00000000ee280000)
  from space 33280K, 98% used [0x00000000ef400000,0x00000000f140e7e0,0x00000000f1480000)
  to   space 32768K, 0% used [0x00000000f1480000,0x00000000f1480000,0x00000000f3480000)
 ParOldGen       total 118784K, used 68427K [0x0000000080000000, 0x0000000087400000, 0x00000000d5580000)
  object space 118784K, 57% used [0x0000000080000000,0x00000000842d2eb0,0x0000000087400000)
 Metaspace       used 91539K, capacity 96588K, committed 96664K, reserved 1132544K
  class space    used 12002K, capacity 12937K, committed 12976K, reserved 1048576K
}

Deoptimization events (10 events):
Event: 1413.877 Thread 0x000000001f021000 Uncommon trap: reason=array_check action=maybe_recompile pc=0x0000000005f6cf20 method=java.util.ComparableTimSort.mergeLo(IIII)V @ 465
Event: 1413.879 Thread 0x000000001f021000 Uncommon trap: reason=array_check action=maybe_recompile pc=0x00000000048e4e84 method=java.util.ComparableTimSort.mergeHi(IIII)V @ 521
Event: 1413.879 Thread 0x000000001f021000 Uncommon trap: reason=array_check action=maybe_recompile pc=0x00000000048e4e84 method=java.util.ComparableTimSort.mergeHi(IIII)V @ 521
Event: 1413.883 Thread 0x000000001f021000 Uncommon trap: reason=array_check action=maybe_recompile pc=0x0000000005ee8bcc method=java.util.ComparableTimSort.mergeHi(IIII)V @ 521
Event: 1413.914 Thread 0x000000001f021000 Uncommon trap: reason=array_check action=maybe_recompile pc=0x00000000051f62fc method=java.util.ComparableTimSort.mergeLo(IIII)V @ 587
Event: 1414.883 Thread 0x000000001adf3800 Uncommon trap: reason=unstable_if action=reinterpret pc=0x000000000543933c method=java.util.concurrent.locks.LockSupport.unpark(Ljava/lang/Thread;)V @ 1
Event: 1415.559 Thread 0x000000001e7e6000 Uncommon trap: reason=unstable_if action=reinterpret pc=0x00000000046f3a88 method=java.lang.Integer.equals(Ljava/lang/Object;)Z @ 18
Event: 1416.142 Thread 0x000000001e7ef800 Uncommon trap: reason=unstable_if action=reinterpret pc=0x0000000005bf166c method=java.util.TimSort.mergeHi(IIII)V @ 426
Event: 1416.239 Thread 0x000000001e7ef800 Uncommon trap: reason=unstable_if action=reinterpret pc=0x0000000003c725e8 method=java.util.Arrays.equals([Ljava/lang/Object;[Ljava/lang/Object;)Z @ 47
Event: 2544.295 Thread 0x000000001e7e1800 Uncommon trap: reason=class_check action=maybe_recompile pc=0x000000000628e060 method=java.util.Spliterators$ArraySpliterator.tryAdvance(Ljava/util/function/Consumer;)Z @ 49

Classes redefined (0 events):
No events

Internal exceptions (10 events):
Event: 1415.613 Thread 0x000000001e7e6000 Exception <a 'sun/nio/fs/WindowsException'> (0x00000000e3b79610) thrown at [C:\src\AOSP-openjdk-git\hotspot\src\share\vm\prims\jni.cpp, line 710]
Event: 1415.687 Thread 0x000000001e7e5800 Exception <a 'sun/nio/fs/WindowsException'> (0x00000000e3e23aa8) thrown at [C:\src\AOSP-openjdk-git\hotspot\src\share\vm\prims\jni.cpp, line 710]
Event: 1415.694 Thread 0x000000001e7e5800 Exception <a 'sun/nio/fs/WindowsException'> (0x00000000e3eabdf8) thrown at [C:\src\AOSP-openjdk-git\hotspot\src\share\vm\prims\jni.cpp, line 710]
Event: 1415.729 Thread 0x000000001e7e5800 Exception <a 'sun/nio/fs/WindowsException'> (0x00000000e3eb6640) thrown at [C:\src\AOSP-openjdk-git\hotspot\src\share\vm\prims\jni.cpp, line 710]
Event: 1415.733 Thread 0x000000001e7e5800 Exception <a 'sun/nio/fs/WindowsException'> (0x00000000e3f3ffd0) thrown at [C:\src\AOSP-openjdk-git\hotspot\src\share\vm\prims\jni.cpp, line 710]
Event: 1415.736 Thread 0x000000001e7e5800 Exception <a 'sun/nio/fs/WindowsException'> (0x00000000e3f48270) thrown at [C:\src\AOSP-openjdk-git\hotspot\src\share\vm\prims\jni.cpp, line 710]
Event: 1415.785 Thread 0x000000001e7e5800 Exception <a 'sun/nio/fs/WindowsException'> (0x00000000e3fd8e28) thrown at [C:\src\AOSP-openjdk-git\hotspot\src\share\vm\prims\jni.cpp, line 710]
Event: 1415.791 Thread 0x000000001e7e5800 Exception <a 'sun/nio/fs/WindowsException'> (0x00000000e402bad0) thrown at [C:\src\AOSP-openjdk-git\hotspot\src\share\vm\prims\jni.cpp, line 710]
Event: 1415.995 Thread 0x000000001e7e2800 Exception <a 'sun/nio/fs/WindowsException'> (0x00000000e4ca4500) thrown at [C:\src\AOSP-openjdk-git\hotspot\src\share\vm\prims\jni.cpp, line 710]
Event: 1416.375 Thread 0x000000001e7ef800 Exception <a 'sun/nio/fs/WindowsException'> (0x00000000e674e410) thrown at [C:\src\AOSP-openjdk-git\hotspot\src\share\vm\prims\jni.cpp, line 710]

Events (10 events):
Event: 2544.058 Executing VM operation: BulkRevokeBias done
Event: 2544.097 Thread 0x000000001a6fa800 Thread added: 0x000000001a6fa800
Event: 2544.109 Thread 0x000000001e7e1800 DEOPT PACKING pc=0x0000000003167e4b sp=0x000000001ca88920
Event: 2544.109 Thread 0x000000001e7e1800 DEOPT UNPACKING pc=0x00000000030775d0 sp=0x000000001ca88638 mode 0
Event: 2544.199 Thread 0x000000001e7e1800 DEOPT PACKING pc=0x0000000003f78e8e sp=0x000000001ca8b010
Event: 2544.199 Thread 0x000000001e7e1800 DEOPT UNPACKING pc=0x00000000030775d0 sp=0x000000001ca8acc0 mode 0
Event: 2544.295 Thread 0x000000001e7e1800 Uncommon trap: trap_request=0xffffffde fr.pc=0x000000000628e060
Event: 2544.295 Thread 0x000000001e7e1800 DEOPT PACKING pc=0x000000000628e060 sp=0x000000001ca8af90
Event: 2544.296 Thread 0x000000001e7e1800 DEOPT UNPACKING pc=0x000000000307557b sp=0x000000001ca8af18 mode 2
Event: 2544.301 Thread 0x000000001a6fb000 Thread added: 0x000000001a6fb000


Dynamic libraries:
0x00007ff76c440000 - 0x00007ff76c471000 	C:\Program Files\Android\Android Studio\jre\bin\java.exe
0x00007ffab3630000 - 0x00007ffab3826000 	C:\WINDOWS\SYSTEM32\ntdll.dll
0x00007ffab1850000 - 0x00007ffab190d000 	C:\WINDOWS\System32\KERNEL32.DLL
0x00007ffab13c0000 - 0x00007ffab1689000 	C:\WINDOWS\System32\KERNELBASE.dll
0x00007ffab25b0000 - 0x00007ffab265c000 	C:\WINDOWS\System32\ADVAPI32.dll
0x00007ffab21d0000 - 0x00007ffab226e000 	C:\WINDOWS\System32\msvcrt.dll
0x00007ffab3550000 - 0x00007ffab35ec000 	C:\WINDOWS\System32\sechost.dll
0x00007ffab2350000 - 0x00007ffab247b000 	C:\WINDOWS\System32\RPCRT4.dll
0x00007ffab33b0000 - 0x00007ffab3550000 	C:\WINDOWS\System32\USER32.dll
0x00007ffab1180000 - 0x00007ffab11a2000 	C:\WINDOWS\System32\win32u.dll
0x00007ffab1910000 - 0x00007ffab193a000 	C:\WINDOWS\System32\GDI32.dll
0x00007ffab1010000 - 0x00007ffab1119000 	C:\WINDOWS\System32\gdi32full.dll
0x00007ffab0e20000 - 0x00007ffab0ebd000 	C:\WINDOWS\System32\msvcp_win.dll
0x00007ffab0ec0000 - 0x00007ffab0fc0000 	C:\WINDOWS\System32\ucrtbase.dll
0x00007ffa9e950000 - 0x00007ffa9ebeb000 	C:\WINDOWS\WinSxS\amd64_microsoft.windows.common-controls_6595b64144ccf1df_6.0.19041.488_none_ca04af081b815d21\COMCTL32.dll
0x00007ffab2d00000 - 0x00007ffab2d30000 	C:\WINDOWS\System32\IMM32.DLL
0x0000000074b00000 - 0x0000000074bd2000 	C:\Program Files\Android\Android Studio\jre\jre\bin\msvcr100.dll
0x0000000074ca0000 - 0x00000000754eb000 	C:\Program Files\Android\Android Studio\jre\jre\bin\server\jvm.dll
0x00007ffab1690000 - 0x00007ffab1698000 	C:\WINDOWS\System32\PSAPI.DLL
0x00007ffa9cad0000 - 0x00007ffa9cad9000 	C:\WINDOWS\SYSTEM32\WSOCK32.dll
0x00007ffaa2250000 - 0x00007ffaa2277000 	C:\WINDOWS\SYSTEM32\WINMM.dll
0x00007ffab3340000 - 0x00007ffab33ab000 	C:\WINDOWS\System32\WS2_32.dll
0x00007ffa9f380000 - 0x00007ffa9f38a000 	C:\WINDOWS\SYSTEM32\VERSION.dll
0x00007ffaa4aa0000 - 0x00007ffaa4aaf000 	C:\Program Files\Android\Android Studio\jre\jre\bin\verify.dll
0x00007ffaa0a10000 - 0x00007ffaa0a39000 	C:\Program Files\Android\Android Studio\jre\jre\bin\java.dll
0x00007ffa9f4a0000 - 0x00007ffa9f4b6000 	C:\Program Files\Android\Android Studio\jre\jre\bin\zip.dll
0x00007ffab1940000 - 0x00007ffab2082000 	C:\WINDOWS\System32\SHELL32.dll
0x00007ffaaea70000 - 0x00007ffaaf205000 	C:\WINDOWS\SYSTEM32\windows.storage.dll
0x00007ffab2830000 - 0x00007ffab2b86000 	C:\WINDOWS\System32\combase.dll
0x00007ffab07e0000 - 0x00007ffab080c000 	C:\WINDOWS\SYSTEM32\Wldp.dll
0x00007ffab2660000 - 0x00007ffab270e000 	C:\WINDOWS\System32\SHCORE.dll
0x00007ffab22f0000 - 0x00007ffab2345000 	C:\WINDOWS\System32\shlwapi.dll
0x00007ffab0ca0000 - 0x00007ffab0cc6000 	C:\WINDOWS\SYSTEM32\profapi.dll
0x00007ffa9f420000 - 0x00007ffa9f43a000 	C:\Program Files\Android\Android Studio\jre\jre\bin\net.dll
0x00007ffab0560000 - 0x00007ffab05ca000 	C:\WINDOWS\system32\mswsock.dll
0x00007ffa9caf0000 - 0x00007ffa9cb03000 	C:\Program Files\Android\Android Studio\jre\jre\bin\nio.dll
0x00007ffa9f4e0000 - 0x00007ffa9f507000 	C:\Users\lea\.gradle\native\f6784746aeab05261644944871eae4fe03e0ef1612fff0a4a95f87b438bc6780\windows-amd64\native-platform.dll
0x00007ffaa3560000 - 0x00007ffaa356d000 	C:\Program Files\Android\Android Studio\jre\jre\bin\management.dll
0x00007ffab0730000 - 0x00007ffab0748000 	C:\WINDOWS\SYSTEM32\CRYPTSP.dll
0x00007ffaafe40000 - 0x00007ffaafe74000 	C:\WINDOWS\system32\rsaenh.dll
0x00007ffab0d70000 - 0x00007ffab0d97000 	C:\WINDOWS\System32\bcrypt.dll
0x00007ffab0c60000 - 0x00007ffab0c8e000 	C:\WINDOWS\SYSTEM32\USERENV.dll
0x00007ffab0da0000 - 0x00007ffab0e20000 	C:\WINDOWS\System32\bcryptprimitives.dll
0x00007ffab0750000 - 0x00007ffab075c000 	C:\WINDOWS\SYSTEM32\CRYPTBASE.dll
0x00007ffab01e0000 - 0x00007ffab021b000 	C:\WINDOWS\SYSTEM32\IPHLPAPI.DLL
0x00007ffab2de0000 - 0x00007ffab2de8000 	C:\WINDOWS\System32\NSI.dll
0x00007ffaa47b0000 - 0x00007ffaa47c7000 	C:\WINDOWS\SYSTEM32\dhcpcsvc6.DLL
0x00007ffaa4910000 - 0x00007ffaa492d000 	C:\WINDOWS\SYSTEM32\dhcpcsvc.DLL
0x00007ffab0220000 - 0x00007ffab02eb000 	C:\WINDOWS\SYSTEM32\DNSAPI.dll
0x00007ffaa6f80000 - 0x00007ffaa6f8b000 	C:\WINDOWS\SYSTEM32\WINNSI.DLL

VM Arguments:
jvm_args: -Xmx2048m -Dfile.encoding=UTF-8 -Duser.country=US -Duser.language=en -Duser.variant 
java_command: org.gradle.launcher.daemon.bootstrap.GradleDaemon 6.5
java_class_path (initial): C:\Users\lea\.gradle\wrapper\dists\gradle-6.5-bin\6nifqtx7604sqp1q6g8wikw7p\gradle-6.5\lib\gradle-launcher-6.5.jar
Launcher Type: SUN_STANDARD

Environment Variables:
PATH=C:\Program Files\Common Files\Oracle\Java\javapath;C:\Program Files\Intel\iCLS Client\;C:\WINDOWS\system32;C:\WINDOWS;C:\WINDOWS\System32\Wbem;C:\WINDOWS\System32\WindowsPowerShell\v1.0\;C:\WINDOWS\System32\OpenSSH\;C:\Program Files\Intel\WiFi\bin\;C:\Program Files\Common Files\Intel\WirelessCommon\;C:\Program Files\Git\cmd;C:\Program Files\nodejs\;C:\Program Files (x86)\Intel\Intel(R) Management Engine Components\DAL;C:\Program Files\Intel\Intel(R) Management Engine Components\DAL;C:\Program Files (x86)\Gow\bin;C:\Program Files\Microsoft SQL Server\120\Tools\Binn\;C:\Program Files\Java\jdk-15.0.1\bin;;C:\Program Files\Git LFS;C:\Users\lea\AppData\Local\Microsoft\WindowsApps;C:\Program Files\JetBrains\IntelliJ IDEA Community Edition 2020.2.3\bin;;C:\Users\lea\AppData\Local\Programs\Microsoft VS Code\bin;C:\Program Files\JetBrains\JetBrains Rider 2020.2.4\bin;;C:\Users\lea\AppData\Local\GitHubDesktop\bin
USERNAME=lea
OS=Windows_NT
PROCESSOR_IDENTIFIER=Intel64 Family 6 Model 142 Stepping 9, GenuineIntel



---------------  S Y S T E M  ---------------

OS: Windows 10.0 , 64 bit Build 19041 (10.0.19041.662)

CPU:total 4 (initial active 4) (2 cores per cpu, 2 threads per core) family 6 model 142 stepping 9, cmov, cx8, fxsr, mmx, sse, sse2, sse3, ssse3, sse4.1, sse4.2, popcnt, avx, avx2, aes, clmul, erms, 3dnowpref, lzcnt, ht, tsc, tscinvbit, bmi1, bmi2, adx

Memory: 4k page, physical 8251340k(1325768k free), swap 9299916k(5292k free)

vm_info: OpenJDK 64-Bit Server VM (25.242-b01) for windows-amd64 JRE (1.8.0_242-release-1644-b01), built by "builder" with MS VC++ 10.0 (VS2010)

time: Sun Dec 13 11:36:01 2020
timezone: Jerusalem Standard Time
elapsed time: 2544 seconds (0d 0h 42m 24s)

