#
# There is insufficient memory for the Java Runtime Environment to continue.
# Native memory allocation (malloc) failed to allocate 32744 bytes for ChunkPool::allocate
# Possible reasons:
#   The system is out of physical RAM or swap space
#   The process is running with CompressedOops enabled, and the Java Heap may be blocking the growth of the native heap
# Possible solutions:
#   Reduce memory load on the system
#   Increase physical memory or swap space
#   Check if swap backing store is full
#   Decrease Java heap size (-Xmx/-Xms)
#   Decrease number of Java threads
#   Decrease Java thread stack sizes (-Xss)
#   Set larger code cache with -XX:ReservedCodeCacheSize=
#   JVM is running with Unscaled Compressed Oops mode in which the Java heap is
#     placed in the first 4GB address space. The Java Heap base address is the
#     maximum limit for the native heap growth. Please use -XX:HeapBaseMinAddress
#     to set the Java Heap base and to place the Java Heap above 4GB virtual address.
# This output file may be truncated or incomplete.
#
#  Out of Memory Error (allocation.cpp:272), pid=9908, tid=0x0000000000001528
#
# JRE version: OpenJDK Runtime Environment (8.0_242-b01) (build 1.8.0_242-release-1644-b01)
# Java VM: OpenJDK 64-Bit Server VM (25.242-b01 mixed mode windows-amd64 compressed oops)
# Failed to write core dump. Minidumps are not enabled by default on client versions of Windows
#

---------------  T H R E A D  ---------------

Current thread (0x0000000017c1b800):  JavaThread "C2 CompilerThread1" daemon [_thread_in_native, id=5416, stack(0x0000000019380000,0x0000000019480000)]

Stack: [0x0000000019380000,0x0000000019480000]
[error occurred during error reporting (printing stack bounds), id 0xc0000005]

Native frames: (J=compiled Java code, j=interpreted, Vv=VM code, C=native code)


Current CompileTask:
C2:  53181 12521 %     4       com.android.tools.r8.z.a.a.f::a @ 2576 (6058 bytes)


---------------  P R O C E S S  ---------------

Java Threads: ( => current thread )
  0x000000001ecf8800 JavaThread "stdout" [_thread_in_native, id=9432, stack(0x000000002cfc0000,0x000000002d0c0000)]
  0x000000001ecf2800 JavaThread "stderr" [_thread_in_native, id=7108, stack(0x000000002cec0000,0x000000002cfc0000)]
  0x000000001ecf7800 JavaThread "stdout" [_thread_in_native, id=3224, stack(0x000000002cdc0000,0x000000002cec0000)]
  0x000000001ecf6000 JavaThread "stderr" [_thread_in_native, id=14052, stack(0x000000002ccc0000,0x000000002cdc0000)]
  0x000000001ecf5800 JavaThread "stdout" [_thread_in_native, id=14020, stack(0x000000002cbc0000,0x000000002ccc0000)]
  0x000000001ecf4000 JavaThread "stderr" [_thread_in_native, id=2356, stack(0x000000002cac0000,0x000000002cbc0000)]
  0x000000001ecf7000 JavaThread "stdout" [_thread_in_native, id=3384, stack(0x000000002c9c0000,0x000000002cac0000)]
  0x000000001ecf4800 JavaThread "stderr" [_thread_in_native, id=16808, stack(0x000000002c8c0000,0x000000002c9c0000)]
  0x000000001eceb000 JavaThread "pool-2-thread-1" [_thread_blocked, id=14992, stack(0x000000002c7c0000,0x000000002c8c0000)]
  0x000000001ecee000 JavaThread "WorkerExecutor Queue Thread 4" [_thread_in_native, id=444, stack(0x000000002c6c0000,0x000000002c7c0000)]
  0x000000001eceb800 JavaThread "WorkerExecutor Queue Thread 3" [_thread_blocked, id=6820, stack(0x000000002c5c0000,0x000000002c6c0000)]
  0x000000001ecf0000 JavaThread "WorkerExecutor Queue Thread 2" [_thread_blocked, id=8728, stack(0x000000002c4c0000,0x000000002c5c0000)]
  0x000000001ecec800 JavaThread "WorkerExecutor Queue" [_thread_in_native, id=15176, stack(0x000000002c3c0000,0x000000002c4c0000)]
  0x000000001ecf1000 JavaThread "Cache worker for execution history cache (C:\Users\lea\Desktop\dimot\Dimot_Bekalot\.gradle\6.5\executionHistory)" [_thread_blocked, id=8360, stack(0x000000002b9c0000,0x000000002bac0000)]
  0x000000001ecea000 JavaThread "Execution worker for ':' Thread 3" [_thread_in_Java, id=14752, stack(0x000000002b8c0000,0x000000002b9c0000)]
  0x000000001ecee800 JavaThread "Execution worker for ':' Thread 2" [_thread_blocked, id=8564, stack(0x000000002b7c0000,0x000000002b8c0000)]
  0x000000001bda0800 JavaThread "Execution worker for ':'" [_thread_blocked, id=4852, stack(0x000000002b3f0000,0x000000002b4f0000)]
  0x000000001bd9f800 JavaThread "Cache worker for file content cache (C:\Users\lea\Desktop\dimot\Dimot_Bekalot\.gradle\6.5\fileContent)" [_thread_blocked, id=15120, stack(0x000000002b0f0000,0x000000002b1f0000)]
  0x000000001bd9f000 JavaThread "Memory manager" [_thread_blocked, id=10420, stack(0x0000000028b40000,0x0000000028c40000)]
  0x000000001bd9e000 JavaThread "Cache worker for Build Output Cleanup Cache (C:\Users\lea\Desktop\dimot\Dimot_Bekalot\.gradle\buildOutputCleanup)" [_thread_blocked, id=2124, stack(0x0000000028a40000,0x0000000028b40000)]
  0x000000001bda1000 JavaThread "jar transforms Thread 94" [_thread_blocked, id=9968, stack(0x0000000028740000,0x0000000028840000)]
  0x000000001bd9d800 JavaThread "jar transforms Thread 93" [_thread_blocked, id=16752, stack(0x0000000028640000,0x0000000028740000)]
  0x000000001bd9c000 JavaThread "jar transforms Thread 92" [_thread_blocked, id=17104, stack(0x0000000028540000,0x0000000028640000)]
  0x000000001bd9c800 JavaThread "jar transforms Thread 91" [_thread_blocked, id=16696, stack(0x0000000028440000,0x0000000028540000)]
  0x000000001bd98000 JavaThread "jar transforms Thread 90" [_thread_blocked, id=12880, stack(0x0000000028340000,0x0000000028440000)]
  0x000000001bd94800 JavaThread "jar transforms Thread 89" [_thread_blocked, id=4432, stack(0x0000000028240000,0x0000000028340000)]
  0x000000001bd9b000 JavaThread "jar transforms Thread 88" [_thread_blocked, id=10872, stack(0x0000000028140000,0x0000000028240000)]
  0x000000001bd9a800 JavaThread "jar transforms Thread 87" [_thread_blocked, id=1076, stack(0x0000000028040000,0x0000000028140000)]
  0x000000001bd93800 JavaThread "jar transforms Thread 86" [_thread_blocked, id=9608, stack(0x0000000027f40000,0x0000000028040000)]
  0x000000001bd97800 JavaThread "jar transforms Thread 85" [_thread_blocked, id=5544, stack(0x0000000027e40000,0x0000000027f40000)]
  0x000000001bd96800 JavaThread "jar transforms Thread 84" [_thread_blocked, id=5812, stack(0x0000000027d40000,0x0000000027e40000)]
  0x000000001bd99000 JavaThread "jar transforms Thread 83" [_thread_blocked, id=14628, stack(0x0000000027c40000,0x0000000027d40000)]
  0x000000001bd95000 JavaThread "jar transforms Thread 82" [_thread_blocked, id=16688, stack(0x0000000027b40000,0x0000000027c40000)]
  0x000000001bd96000 JavaThread "jar transforms Thread 81" [_thread_blocked, id=7292, stack(0x0000000027a40000,0x0000000027b40000)]
  0x000000001bd99800 JavaThread "jar transforms Thread 80" [_thread_blocked, id=5680, stack(0x0000000027940000,0x0000000027a40000)]
  0x000000001bd92800 JavaThread "jar transforms Thread 79" [_thread_blocked, id=11816, stack(0x0000000027840000,0x0000000027940000)]
  0x000000001bd92000 JavaThread "jar transforms Thread 78" [_thread_blocked, id=15876, stack(0x0000000027740000,0x0000000027840000)]
  0x000000001af7c800 JavaThread "jar transforms Thread 77" [_thread_blocked, id=17204, stack(0x0000000027640000,0x0000000027740000)]
  0x000000001af82000 JavaThread "jar transforms Thread 76" [_thread_blocked, id=13188, stack(0x0000000027540000,0x0000000027640000)]
  0x000000001af81000 JavaThread "jar transforms Thread 75" [_thread_blocked, id=17208, stack(0x0000000027440000,0x0000000027540000)]
  0x000000001af7f000 JavaThread "jar transforms Thread 74" [_thread_blocked, id=2304, stack(0x0000000027340000,0x0000000027440000)]
  0x000000001af80800 JavaThread "jar transforms Thread 73" [_thread_blocked, id=9704, stack(0x0000000027240000,0x0000000027340000)]
  0x000000001af7e000 JavaThread "jar transforms Thread 72" [_thread_blocked, id=13848, stack(0x0000000027140000,0x0000000027240000)]
  0x000000001af7f800 JavaThread "jar transforms Thread 71" [_thread_blocked, id=9412, stack(0x0000000027040000,0x0000000027140000)]
  0x000000001af7c000 JavaThread "jar transforms Thread 70" [_thread_blocked, id=4808, stack(0x0000000026f40000,0x0000000027040000)]
  0x000000001af7d800 JavaThread "jar transforms Thread 69" [_thread_blocked, id=16880, stack(0x0000000026e40000,0x0000000026f40000)]
  0x000000001af74800 JavaThread "jar transforms Thread 68" [_thread_blocked, id=15700, stack(0x0000000026d40000,0x0000000026e40000)]
  0x000000001af7b000 JavaThread "jar transforms Thread 67" [_thread_blocked, id=17400, stack(0x0000000026c40000,0x0000000026d40000)]
  0x000000001af73800 JavaThread "jar transforms Thread 66" [_thread_blocked, id=6756, stack(0x0000000026b40000,0x0000000026c40000)]
  0x000000001af7a800 JavaThread "jar transforms Thread 65" [_thread_blocked, id=16932, stack(0x0000000026a40000,0x0000000026b40000)]
  0x000000001af73000 JavaThread "jar transforms Thread 64" [_thread_blocked, id=14348, stack(0x0000000026940000,0x0000000026a40000)]
  0x000000001af77800 JavaThread "jar transforms Thread 63" [_thread_blocked, id=10492, stack(0x0000000026840000,0x0000000026940000)]
  0x000000001af79800 JavaThread "jar transforms Thread 62" [_thread_blocked, id=15940, stack(0x0000000026740000,0x0000000026840000)]
  0x000000001af79000 JavaThread "jar transforms Thread 61" [_thread_blocked, id=8112, stack(0x0000000026640000,0x0000000026740000)]
  0x000000001af76800 JavaThread "jar transforms Thread 60" [_thread_blocked, id=7644, stack(0x0000000026540000,0x0000000026640000)]
  0x000000001af78000 JavaThread "jar transforms Thread 59" [_thread_blocked, id=1244, stack(0x0000000026440000,0x0000000026540000)]
  0x000000001af76000 JavaThread "jar transforms Thread 58" [_thread_blocked, id=3572, stack(0x0000000026340000,0x0000000026440000)]
  0x000000001af75000 JavaThread "jar transforms Thread 57" [_thread_blocked, id=15492, stack(0x0000000026240000,0x0000000026340000)]
  0x000000001bf30000 JavaThread "jar transforms Thread 56" [_thread_blocked, id=11396, stack(0x0000000026140000,0x0000000026240000)]
  0x000000001bf2d000 JavaThread "jar transforms Thread 55" [_thread_blocked, id=17256, stack(0x0000000026040000,0x0000000026140000)]
  0x000000001bf2e800 JavaThread "jar transforms Thread 54" [_thread_blocked, id=3188, stack(0x0000000025f40000,0x0000000026040000)]
  0x000000001bf2c800 JavaThread "jar transforms Thread 53" [_thread_blocked, id=15468, stack(0x0000000025e40000,0x0000000025f40000)]
  0x000000001bf2e000 JavaThread "jar transforms Thread 52" [_thread_blocked, id=6960, stack(0x0000000025d40000,0x0000000025e40000)]
  0x000000001bf2b800 JavaThread "jar transforms Thread 51" [_thread_blocked, id=3804, stack(0x0000000025c40000,0x0000000025d40000)]
  0x000000001bf31000 JavaThread "jar transforms Thread 50" [_thread_blocked, id=1740, stack(0x0000000025b40000,0x0000000025c40000)]
  0x000000001bf2f800 JavaThread "jar transforms Thread 49" [_thread_blocked, id=13896, stack(0x0000000025a40000,0x0000000025b40000)]
  0x000000001bf2b000 JavaThread "jar transforms Thread 48" [_thread_blocked, id=16780, stack(0x0000000025940000,0x0000000025a40000)]
  0x000000001bf2a000 JavaThread "jar transforms Thread 47" [_thread_blocked, id=3452, stack(0x0000000025840000,0x0000000025940000)]
  0x000000001bf25800 JavaThread "jar transforms Thread 46" [_thread_blocked, id=5900, stack(0x0000000025740000,0x0000000025840000)]
  0x000000001bf29800 JavaThread "jar transforms Thread 45" [_thread_blocked, id=1640, stack(0x0000000025640000,0x0000000025740000)]
  0x000000001bf22000 JavaThread "jar transforms Thread 44" [_thread_blocked, id=7296, stack(0x0000000025540000,0x0000000025640000)]
  0x000000001bf28800 JavaThread "jar transforms Thread 43" [_thread_blocked, id=16848, stack(0x0000000025440000,0x0000000025540000)]
  0x000000001bf23800 JavaThread "jar transforms Thread 42" [_thread_blocked, id=17288, stack(0x0000000025340000,0x0000000025440000)]
  0x000000001bf27000 JavaThread "jar transforms Thread 41" [_thread_blocked, id=2688, stack(0x0000000025240000,0x0000000025340000)]
  0x000000001bf24000 JavaThread "jar transforms Thread 40" [_thread_blocked, id=392, stack(0x0000000025140000,0x0000000025240000)]
  0x000000001bf26800 JavaThread "jar transforms Thread 39" [_thread_blocked, id=728, stack(0x0000000025040000,0x0000000025140000)]
  0x000000001bf25000 JavaThread "jar transforms Thread 38" [_thread_blocked, id=3752, stack(0x0000000024f40000,0x0000000025040000)]
  0x000000001bf22800 JavaThread "jar transforms Thread 37" [_thread_blocked, id=4656, stack(0x0000000024e40000,0x0000000024f40000)]
  0x000000001bf28000 JavaThread "jar transforms Thread 36" [_thread_blocked, id=17116, stack(0x0000000024d40000,0x0000000024e40000)]
  0x000000001f9ae800 JavaThread "jar transforms Thread 35" [_thread_blocked, id=15296, stack(0x0000000024c40000,0x0000000024d40000)]
  0x000000001f9b4800 JavaThread "jar transforms Thread 34" [_thread_blocked, id=16236, stack(0x0000000024b40000,0x0000000024c40000)]
  0x000000001f9b3800 JavaThread "jar transforms Thread 33" [_thread_blocked, id=17176, stack(0x0000000024a40000,0x0000000024b40000)]
  0x000000001f9b3000 JavaThread "jar transforms Thread 32" [_thread_blocked, id=11828, stack(0x0000000024940000,0x0000000024a40000)]
  0x000000001f9b2000 JavaThread "jar transforms Thread 31" [_thread_blocked, id=1852, stack(0x0000000024840000,0x0000000024940000)]
  0x000000001f9af000 JavaThread "jar transforms Thread 30" [_thread_blocked, id=8608, stack(0x0000000024740000,0x0000000024840000)]
  0x000000001f9b1800 JavaThread "jar transforms Thread 29" [_thread_blocked, id=14104, stack(0x0000000024640000,0x0000000024740000)]
  0x000000001f9b0000 JavaThread "jar transforms Thread 28" [_thread_blocked, id=5056, stack(0x0000000024540000,0x0000000024640000)]
  0x000000001f9b0800 JavaThread "jar transforms Thread 27" [_thread_blocked, id=12896, stack(0x0000000024440000,0x0000000024540000)]
  0x000000001f9a7000 JavaThread "jar transforms Thread 26" [_thread_blocked, id=2600, stack(0x0000000024340000,0x0000000024440000)]
  0x000000001f9ad800 JavaThread "jar transforms Thread 25" [_thread_blocked, id=11704, stack(0x0000000024240000,0x0000000024340000)]
  0x000000001f9a6000 JavaThread "jar transforms Thread 24" [_thread_blocked, id=2220, stack(0x0000000024140000,0x0000000024240000)]
  0x000000001f9aa800 JavaThread "jar transforms Thread 23" [_thread_blocked, id=8832, stack(0x0000000024040000,0x0000000024140000)]
  0x000000001f9a7800 JavaThread "jar transforms Thread 22" [_thread_blocked, id=16636, stack(0x0000000023f40000,0x0000000024040000)]
  0x000000001f9ad000 JavaThread "jar transforms Thread 21" [_thread_blocked, id=1788, stack(0x0000000023e40000,0x0000000023f40000)]
  0x000000001f9ab800 JavaThread "jar transforms Thread 20" [_thread_blocked, id=14948, stack(0x0000000023d40000,0x0000000023e40000)]
  0x000000001f9aa000 JavaThread "jar transforms Thread 19" [_thread_blocked, id=16480, stack(0x0000000023c40000,0x0000000023d40000)]
  0x000000001f9ac000 JavaThread "jar transforms Thread 18" [_thread_blocked, id=8760, stack(0x0000000023b40000,0x0000000023c40000)]
  0x000000001f9a9000 JavaThread "jar transforms Thread 17" [_thread_blocked, id=3512, stack(0x0000000023a40000,0x0000000023b40000)]
  0x000000001f9a5800 JavaThread "jar transforms Thread 16" [_thread_blocked, id=15920, stack(0x0000000023940000,0x0000000023a40000)]
  0x000000001f9a8800 JavaThread "jar transforms Thread 15" [_thread_blocked, id=6344, stack(0x0000000023840000,0x0000000023940000)]
  0x000000001bc3a800 JavaThread "jar transforms Thread 14" [_thread_blocked, id=15916, stack(0x0000000023740000,0x0000000023840000)]
  0x000000001bc39000 JavaThread "jar transforms Thread 13" [_thread_blocked, id=6540, stack(0x0000000023640000,0x0000000023740000)]
  0x000000001bc36800 JavaThread "jar transforms Thread 12" [_thread_blocked, id=7576, stack(0x0000000023540000,0x0000000023640000)]
  0x000000001bc35800 JavaThread "jar transforms Thread 11" [_thread_blocked, id=12104, stack(0x0000000023440000,0x0000000023540000)]
  0x000000001bc38000 JavaThread "jar transforms Thread 10" [_thread_blocked, id=2028, stack(0x0000000023340000,0x0000000023440000)]
  0x000000001bc37800 JavaThread "jar transforms Thread 9" [_thread_blocked, id=8980, stack(0x0000000023240000,0x0000000023340000)]
  0x000000001bc39800 JavaThread "jar transforms Thread 8" [_thread_blocked, id=17280, stack(0x0000000023140000,0x0000000023240000)]
  0x000000001bc35000 JavaThread "jar transforms Thread 7" [_thread_blocked, id=1448, stack(0x0000000023040000,0x0000000023140000)]
  0x000000001bc2d800 JavaThread "jar transforms Thread 6" [_thread_blocked, id=7192, stack(0x0000000022f40000,0x0000000023040000)]
  0x000000001bc34000 JavaThread "jar transforms Thread 5" [_thread_blocked, id=11076, stack(0x0000000022e40000,0x0000000022f40000)]
  0x000000001bc33800 JavaThread "jar transforms Thread 4" [_thread_blocked, id=15652, stack(0x0000000022d40000,0x0000000022e40000)]
  0x000000001bc32800 JavaThread "jar transforms Thread 3" [_thread_blocked, id=5460, stack(0x0000000022c40000,0x0000000022d40000)]
  0x000000001bc2f800 JavaThread "jar transforms Thread 2" [_thread_blocked, id=16300, stack(0x0000000022b40000,0x0000000022c40000)]
  0x000000001bc2f000 JavaThread "Build operations Thread 4" [_thread_blocked, id=9564, stack(0x0000000022a40000,0x0000000022b40000)]
  0x000000001bc2e000 JavaThread "Build operations Thread 3" [_thread_blocked, id=11972, stack(0x0000000022940000,0x0000000022a40000)]
  0x000000001bc32000 JavaThread "Build operations Thread 2" [_thread_in_native, id=1860, stack(0x0000000022840000,0x0000000022940000)]
  0x000000001bc2c800 JavaThread "Build operations" [_thread_blocked, id=12376, stack(0x0000000022740000,0x0000000022840000)]
  0x000000001b7e3800 JavaThread "Cache worker for file content cache (C:\Users\lea\.gradle\caches\6.5\fileContent)" [_thread_blocked, id=14996, stack(0x0000000022040000,0x0000000022140000)]
  0x000000001b7e5000 JavaThread "jar transforms" [_thread_blocked, id=15420, stack(0x0000000021cd0000,0x0000000021dd0000)]
  0x000000001b7e7800 JavaThread "Cache worker for execution history cache (C:\Users\lea\.gradle\caches\6.5\executionHistory)" [_thread_blocked, id=1088, stack(0x00000000217d0000,0x00000000218d0000)]
  0x000000001b7e3000 JavaThread "Cache worker for cache directory md-rule (C:\Users\lea\.gradle\caches\6.5\md-rule)" [_thread_blocked, id=128, stack(0x00000000216d0000,0x00000000217d0000)]
  0x000000001b7e1800 JavaThread "Cache worker for cache directory md-supplier (C:\Users\lea\.gradle\caches\6.5\md-supplier)" [_thread_blocked, id=13316, stack(0x00000000215d0000,0x00000000216d0000)]
  0x000000001b7e8000 JavaThread "Cache worker for checksums cache (C:\Users\lea\Desktop\dimot\Dimot_Bekalot\.gradle\checksums)" [_thread_blocked, id=16656, stack(0x0000000020250000,0x0000000020350000)]
  0x000000001b7e2000 JavaThread "Cache worker for file hash cache (C:\Users\lea\Desktop\dimot\Dimot_Bekalot\.gradle\6.5\fileHashes)" [_thread_blocked, id=15060, stack(0x000000001ff50000,0x0000000020050000)]
  0x000000001b7e6800 JavaThread "Cache worker for file hash cache (C:\Users\lea\.gradle\caches\6.5\fileHashes)" [_thread_blocked, id=13548, stack(0x000000001dcb0000,0x000000001ddb0000)]
  0x000000001b7e4800 JavaThread "File lock request listener" [_thread_in_native, id=10788, stack(0x000000001dbb0000,0x000000001dcb0000)]
  0x000000001b76e000 JavaThread "Cache worker for journal cache (C:\Users\lea\.gradle\caches\journal-1)" [_thread_blocked, id=13676, stack(0x000000001d9b0000,0x000000001dab0000)]
  0x000000001b7ab800 JavaThread "Thread-9" [_thread_blocked, id=14456, stack(0x000000001d6b0000,0x000000001d7b0000)]
  0x0000000019d2b000 JavaThread "Stdin handler" [_thread_blocked, id=1400, stack(0x000000001d5b0000,0x000000001d6b0000)]
  0x0000000019e15000 JavaThread "Asynchronous log dispatcher for DefaultDaemonConnection: socket connection from /127.0.0.1:53432 to /127.0.0.1:53433" [_thread_blocked, id=5796, stack(0x000000001d4b0000,0x000000001d5b0000)]
  0x0000000019bf8000 JavaThread "Daemon worker" [_thread_blocked, id=2748, stack(0x000000001d3b0000,0x000000001d4b0000)]
  0x0000000019bf7000 JavaThread "Cancel handler" [_thread_blocked, id=13212, stack(0x000000001d2b0000,0x000000001d3b0000)]
  0x000000001b747800 JavaThread "Handler for socket connection from /127.0.0.1:53432 to /127.0.0.1:53433" [_thread_in_native, id=12420, stack(0x000000001d1b0000,0x000000001d2b0000)]
  0x000000001b706800 JavaThread "Daemon" [_thread_blocked, id=3204, stack(0x000000001d0b0000,0x000000001d1b0000)]
  0x000000001b6fb800 JavaThread "Daemon periodic checks" [_thread_blocked, id=5264, stack(0x000000001cdb0000,0x000000001ceb0000)]
  0x000000001b71a000 JavaThread "Incoming local TCP Connector on port 53432" [_thread_in_native, id=1436, stack(0x000000001cb60000,0x000000001cc60000)]
  0x000000001b625800 JavaThread "Daemon health stats" [_thread_blocked, id=13840, stack(0x000000001c520000,0x000000001c620000)]
  0x00000000195f5800 JavaThread "Service Thread" daemon [_thread_blocked, id=1956, stack(0x0000000019980000,0x0000000019a80000)]
  0x0000000017c67000 JavaThread "C1 CompilerThread2" daemon [_thread_blocked, id=2744, stack(0x0000000019480000,0x0000000019580000)]
=>0x0000000017c1b800 JavaThread "C2 CompilerThread1" daemon [_thread_in_native, id=5416, stack(0x0000000019380000,0x0000000019480000)]
  0x0000000017c17000 JavaThread "C2 CompilerThread0" daemon [_thread_in_native, id=9096, stack(0x0000000019280000,0x0000000019380000)]
  0x0000000017c16000 JavaThread "Attach Listener" daemon [_thread_blocked, id=32, stack(0x0000000019180000,0x0000000019280000)]
  0x0000000017c64800 JavaThread "Signal Dispatcher" daemon [_thread_blocked, id=14676, stack(0x0000000019080000,0x0000000019180000)]
  0x0000000002fed000 JavaThread "Finalizer" daemon [_thread_blocked, id=4764, stack(0x0000000018e80000,0x0000000018f80000)]
  0x0000000017bf9800 JavaThread "Reference Handler" daemon [_thread_blocked, id=5124, stack(0x0000000018d80000,0x0000000018e80000)]
  0x00000000015ce000 JavaThread "main" [_thread_blocked, id=13948, stack(0x0000000002d90000,0x0000000002e90000)]

Other Threads:
  0x0000000017bd7000 VMThread [stack: 0x0000000018c80000,0x0000000018d80000] [id=348]
  0x000000001961a000 WatcherThread [stack: 0x0000000019a80000,0x0000000019b80000] [id=1456]

VM state:not at safepoint (normal execution)

VM Mutex/Monitor currently owned by a thread: None

heap address: 0x0000000080000000, size: 2048 MB, Compressed Oops mode: 32-bit
Narrow klass base: 0x0000000000000000, Narrow klass shift: 3
Compressed class space size: 1073741824 Address: 0x0000000100000000

Heap:
 PSYoungGen      total 339968K, used 86192K [0x00000000d5580000, 0x00000000f1a80000, 0x0000000100000000)
  eden space 302080K, 28% used [0x00000000d5580000,0x00000000da9ac2c8,0x00000000e7c80000)
  from space 37888K, 0% used [0x00000000e7c80000,0x00000000e7c80000,0x00000000ea180000)
  to   space 40960K, 0% used [0x00000000ef280000,0x00000000ef280000,0x00000000f1a80000)
 ParOldGen       total 177152K, used 75254K [0x0000000080000000, 0x000000008ad00000, 0x00000000d5580000)
  object space 177152K, 42% used [0x0000000080000000,0x000000008497d940,0x000000008ad00000)
 Metaspace       used 82363K, capacity 86092K, committed 86232K, reserved 1124352K
  class space    used 11002K, capacity 11674K, committed 11776K, reserved 1048576K

Card table byte_map: [0x00000000123b0000,0x00000000127c0000] byte_map_base: 0x0000000011fb0000

Marking Bits: (ParMarkBitMap*) 0x000000006e02f030
 Begin Bits: [0x0000000012e70000, 0x0000000014e70000)
 End Bits:   [0x0000000014e70000, 0x0000000016e70000)

Polling page: 0x0000000001540000

CodeCache: size=245760Kb used=35550Kb max_used=35562Kb free=210209Kb
 bounds [0x0000000002ff0000, 0x00000000052e0000, 0x0000000011ff0000]
 total_blobs=11516 nmethods=10623 adapters=804
 compilation: enabled

Compilation events (10 events):
Event: 53.043 Thread 0x0000000017c67000 12529       3       java.util.IdentityHashMap::resize (153 bytes)
Event: 53.044 Thread 0x0000000017c67000 nmethod 12529 0x00000000052c8e50 code [0x00000000052c9040, 0x00000000052c9c98]
Event: 53.068 Thread 0x0000000017c17000 nmethod 12525 0x00000000052d1290 code [0x00000000052d14a0, 0x00000000052d2260]
Event: 53.068 Thread 0x0000000017c17000 12527       4       com.android.tools.r8.s.b.W0::<init> (62 bytes)
Event: 53.070 Thread 0x0000000017c17000 nmethod 12527 0x00000000051d5310 code [0x00000000051d5440, 0x00000000051d54d8]
Event: 53.070 Thread 0x0000000017c17000 12528       4       java.util.IdentityHashMap::nextKeyIndex (15 bytes)
Event: 53.070 Thread 0x0000000017c17000 nmethod 12528 0x00000000051e20d0 code [0x00000000051e2200, 0x00000000051e2258]
Event: 53.071 Thread 0x0000000017c67000 12530       3       com.android.tools.r8.z.a.a.h::a (19 bytes)
Event: 53.071 Thread 0x0000000017c67000 nmethod 12530 0x00000000052c5490 code [0x00000000052c5600, 0x00000000052c5868]
Event: 53.074 Thread 0x0000000017c17000 12531       4       com.android.tools.r8.graph.O0::a (2521 bytes)

GC Heap History (10 events):
Event: 13.409 GC heap before
{Heap before GC invocations=15 (full 3):
 PSYoungGen      total 258048K, used 667K [0x00000000d5580000, 0x00000000e7500000, 0x0000000100000000)
  eden space 237568K, 0% used [0x00000000d5580000,0x00000000d5580000,0x00000000e3d80000)
  from space 20480K, 3% used [0x00000000e5180000,0x00000000e5226e60,0x00000000e6580000)
  to   space 20480K, 0% used [0x00000000e3d80000,0x00000000e3d80000,0x00000000e5180000)
 ParOldGen       total 69120K, used 43125K [0x0000000080000000, 0x0000000084380000, 0x00000000d5580000)
  object space 69120K, 62% used [0x0000000080000000,0x0000000082a1d528,0x0000000084380000)
 Metaspace       used 56759K, capacity 58866K, committed 58968K, reserved 1099776K
  class space    used 7577K, capacity 8015K, committed 8064K, reserved 1048576K
Event: 13.697 GC heap after
Heap after GC invocations=15 (full 3):
 PSYoungGen      total 258048K, used 0K [0x00000000d5580000, 0x00000000e7500000, 0x0000000100000000)
  eden space 237568K, 0% used [0x00000000d5580000,0x00000000d5580000,0x00000000e3d80000)
  from space 20480K, 0% used [0x00000000e5180000,0x00000000e5180000,0x00000000e6580000)
  to   space 20480K, 0% used [0x00000000e3d80000,0x00000000e3d80000,0x00000000e5180000)
 ParOldGen       total 100352K, used 29235K [0x0000000080000000, 0x0000000086200000, 0x00000000d5580000)
  object space 100352K, 29% used [0x0000000080000000,0x0000000081c8cd08,0x0000000086200000)
 Metaspace       used 56714K, capacity 58724K, committed 58968K, reserved 1099776K
  class space    used 7564K, capacity 7998K, committed 8064K, reserved 1048576K
}
Event: 24.100 GC heap before
{Heap before GC invocations=16 (full 3):
 PSYoungGen      total 258048K, used 237568K [0x00000000d5580000, 0x00000000e7500000, 0x0000000100000000)
  eden space 237568K, 100% used [0x00000000d5580000,0x00000000e3d80000,0x00000000e3d80000)
  from space 20480K, 0% used [0x00000000e5180000,0x00000000e5180000,0x00000000e6580000)
  to   space 20480K, 0% used [0x00000000e3d80000,0x00000000e3d80000,0x00000000e5180000)
 ParOldGen       total 100352K, used 29235K [0x0000000080000000, 0x0000000086200000, 0x00000000d5580000)
  object space 100352K, 29% used [0x0000000080000000,0x0000000081c8cd08,0x0000000086200000)
 Metaspace       used 70774K, capacity 73722K, committed 73944K, reserved 1114112K
  class space    used 9568K, capacity 10153K, committed 10240K, reserved 1048576K
Event: 24.162 GC heap after
Heap after GC invocations=16 (full 3):
 PSYoungGen      total 258048K, used 20454K [0x00000000d5580000, 0x00000000eba00000, 0x0000000100000000)
  eden space 237568K, 0% used [0x00000000d5580000,0x00000000d5580000,0x00000000e3d80000)
  from space 20480K, 99% used [0x00000000e3d80000,0x00000000e5179b40,0x00000000e5180000)
  to   space 25088K, 0% used [0x00000000ea180000,0x00000000ea180000,0x00000000eba00000)
 ParOldGen       total 100352K, used 32856K [0x0000000080000000, 0x0000000086200000, 0x00000000d5580000)
  object space 100352K, 32% used [0x0000000080000000,0x0000000082016280,0x0000000086200000)
 Metaspace       used 70774K, capacity 73722K, committed 73944K, reserved 1114112K
  class space    used 9568K, capacity 10153K, committed 10240K, reserved 1048576K
}
Event: 36.417 GC heap before
{Heap before GC invocations=17 (full 3):
 PSYoungGen      total 258048K, used 258022K [0x00000000d5580000, 0x00000000eba00000, 0x0000000100000000)
  eden space 237568K, 100% used [0x00000000d5580000,0x00000000e3d80000,0x00000000e3d80000)
  from space 20480K, 99% used [0x00000000e3d80000,0x00000000e5179b40,0x00000000e5180000)
  to   space 25088K, 0% used [0x00000000ea180000,0x00000000ea180000,0x00000000eba00000)
 ParOldGen       total 100352K, used 32856K [0x0000000080000000, 0x0000000086200000, 0x00000000d5580000)
  object space 100352K, 32% used [0x0000000080000000,0x0000000082016280,0x0000000086200000)
 Metaspace       used 73700K, capacity 76918K, committed 77016K, reserved 1116160K
  class space    used 9887K, capacity 10481K, committed 10496K, reserved 1048576K
Event: 36.554 GC heap after
Heap after GC invocations=17 (full 3):
 PSYoungGen      total 327168K, used 25073K [0x00000000d5580000, 0x00000000ecc00000, 0x0000000100000000)
  eden space 302080K, 0% used [0x00000000d5580000,0x00000000d5580000,0x00000000e7c80000)
  from space 25088K, 99% used [0x00000000ea180000,0x00000000eb9fc470,0x00000000eba00000)
  to   space 37888K, 0% used [0x00000000e7c80000,0x00000000e7c80000,0x00000000ea180000)
 ParOldGen       total 100352K, used 56171K [0x0000000080000000, 0x0000000086200000, 0x00000000d5580000)
  object space 100352K, 55% used [0x0000000080000000,0x00000000836dadb0,0x0000000086200000)
 Metaspace       used 73700K, capacity 76918K, committed 77016K, reserved 1116160K
  class space    used 9887K, capacity 10481K, committed 10496K, reserved 1048576K
}
Event: 50.120 GC heap before
{Heap before GC invocations=18 (full 3):
 PSYoungGen      total 327168K, used 327153K [0x00000000d5580000, 0x00000000ecc00000, 0x0000000100000000)
  eden space 302080K, 100% used [0x00000000d5580000,0x00000000e7c80000,0x00000000e7c80000)
  from space 25088K, 99% used [0x00000000ea180000,0x00000000eb9fc470,0x00000000eba00000)
  to   space 37888K, 0% used [0x00000000e7c80000,0x00000000e7c80000,0x00000000ea180000)
 ParOldGen       total 100352K, used 56171K [0x0000000080000000, 0x0000000086200000, 0x00000000d5580000)
  object space 100352K, 55% used [0x0000000080000000,0x00000000836dadb0,0x0000000086200000)
 Metaspace       used 80390K, capacity 84012K, committed 84312K, reserved 1122304K
  class space    used 10731K, capacity 11344K, committed 11392K, reserved 1048576K
Event: 50.239 GC heap after
Heap after GC invocations=18 (full 3):
 PSYoungGen      total 339968K, used 28480K [0x00000000d5580000, 0x00000000f1a80000, 0x0000000100000000)
  eden space 302080K, 0% used [0x00000000d5580000,0x00000000d5580000,0x00000000e7c80000)
  from space 37888K, 75% used [0x00000000e7c80000,0x00000000e9850128,0x00000000ea180000)
  to   space 40960K, 0% used [0x00000000ef280000,0x00000000ef280000,0x00000000f1a80000)
 ParOldGen       total 100352K, used 80137K [0x0000000080000000, 0x0000000086200000, 0x00000000d5580000)
  object space 100352K, 79% used [0x0000000080000000,0x0000000084e424a8,0x0000000086200000)
 Metaspace       used 80390K, capacity 84012K, committed 84312K, reserved 1122304K
  class space    used 10731K, capacity 11344K, committed 11392K, reserved 1048576K
}
Event: 50.239 GC heap before
{Heap before GC invocations=19 (full 4):
 PSYoungGen      total 339968K, used 28480K [0x00000000d5580000, 0x00000000f1a80000, 0x0000000100000000)
  eden space 302080K, 0% used [0x00000000d5580000,0x00000000d5580000,0x00000000e7c80000)
  from space 37888K, 75% used [0x00000000e7c80000,0x00000000e9850128,0x00000000ea180000)
  to   space 40960K, 0% used [0x00000000ef280000,0x00000000ef280000,0x00000000f1a80000)
 ParOldGen       total 100352K, used 80137K [0x0000000080000000, 0x0000000086200000, 0x00000000d5580000)
  object space 100352K, 79% used [0x0000000080000000,0x0000000084e424a8,0x0000000086200000)
 Metaspace       used 80390K, capacity 84012K, committed 84312K, reserved 1122304K
  class space    used 10731K, capacity 11344K, committed 11392K, reserved 1048576K
Event: 50.686 GC heap after
Heap after GC invocations=19 (full 4):
 PSYoungGen      total 339968K, used 0K [0x00000000d5580000, 0x00000000f1a80000, 0x0000000100000000)
  eden space 302080K, 0% used [0x00000000d5580000,0x00000000d5580000,0x00000000e7c80000)
  from space 37888K, 0% used [0x00000000e7c80000,0x00000000e7c80000,0x00000000ea180000)
  to   space 40960K, 0% used [0x00000000ef280000,0x00000000ef280000,0x00000000f1a80000)
 ParOldGen       total 177152K, used 75254K [0x0000000080000000, 0x000000008ad00000, 0x00000000d5580000)
  object space 177152K, 42% used [0x0000000080000000,0x000000008497d940,0x000000008ad00000)
 Metaspace       used 80344K, capacity 83878K, committed 84312K, reserved 1122304K
  class space    used 10715K, capacity 11317K, committed 11392K, reserved 1048576K
}

Deoptimization events (10 events):
Event: 48.995 Thread 0x000000001ecec800 Uncommon trap: reason=speculate_class_check action=maybe_recompile pc=0x0000000004a85e94 method=com.google.common.collect.ImmutableList.listIterator()Lcom/google/common/collect/UnmodifiableListIterator; @ 2
Event: 49.079 Thread 0x000000001bda0800 Uncommon trap: reason=bimorphic action=maybe_recompile pc=0x00000000048f563c method=com.google.common.collect.ImmutableList.hashCode()I @ 23
Event: 49.279 Thread 0x000000001ecea000 Uncommon trap: reason=unstable_if action=reinterpret pc=0x0000000005033928 method=java.util.concurrent.locks.LockSupport.unpark(Ljava/lang/Thread;)V @ 1
Event: 51.242 Thread 0x000000001ecea000 Uncommon trap: reason=unstable_if action=reinterpret pc=0x0000000003634c5c method=java.nio.Bits.putInt(Ljava/nio/ByteBuffer;IIZ)V @ 1
Event: 51.678 Thread 0x000000001ecea000 Uncommon trap: reason=unstable_if action=reinterpret pc=0x0000000004017bac method=java.lang.invoke.MethodType.checkPtypes([Ljava/lang/Class;)I @ 40
Event: 52.405 Thread 0x000000001ecea000 Uncommon trap: reason=unstable_if action=reinterpret pc=0x0000000004784770 method=com.android.tools.r8.z.a.a.f.a(II[C)Ljava/lang/String; @ 32
Event: 52.405 Thread 0x000000001ecea000 Uncommon trap: reason=unstable_if action=reinterpret pc=0x000000000512997c method=com.android.tools.r8.graph.i0.a(C)I @ 7
Event: 52.405 Thread 0x000000001ecea000 Uncommon trap: reason=unstable_if action=reinterpret pc=0x000000000510b540 method=com.android.tools.r8.graph.i0.a(C[BI)I @ 7
Event: 52.501 Thread 0x000000001ecea000 Uncommon trap: reason=unstable_if action=reinterpret pc=0x0000000003418c40 method=com.android.tools.r8.utils.Y.d(I)Z @ 45
Event: 52.924 Thread 0x000000001bc32000 Uncommon trap: reason=unstable_if action=reinterpret pc=0x000000000529c2c8 method=com.android.tools.r8.z.a.a.B.a()Ljava/lang/String; @ 34

Classes redefined (0 events):
No events

Internal exceptions (10 events):
Event: 47.853 Thread 0x000000001bc2c800 Exception <a 'sun/nio/fs/WindowsException'> (0x00000000e18c1378) thrown at [C:\src\AOSP-openjdk-git\hotspot\src\share\vm\prims\jni.cpp, line 710]
Event: 47.867 Thread 0x000000001bc32000 Exception <a 'sun/nio/fs/WindowsException'> (0x00000000e198baf8) thrown at [C:\src\AOSP-openjdk-git\hotspot\src\share\vm\prims\jni.cpp, line 710]
Event: 47.886 Thread 0x000000001bc32000 Exception <a 'sun/nio/fs/WindowsException'> (0x00000000e1a93590) thrown at [C:\src\AOSP-openjdk-git\hotspot\src\share\vm\prims\jni.cpp, line 710]
Event: 47.949 Thread 0x000000001bc2c800 Exception <a 'sun/nio/fs/WindowsException'> (0x00000000e19e9d28) thrown at [C:\src\AOSP-openjdk-git\hotspot\src\share\vm\prims\jni.cpp, line 710]
Event: 47.953 Thread 0x000000001bc32000 Exception <a 'sun/nio/fs/WindowsException'> (0x00000000e1b893b8) thrown at [C:\src\AOSP-openjdk-git\hotspot\src\share\vm\prims\jni.cpp, line 710]
Event: 48.010 Thread 0x000000001bc2f000 Exception <a 'sun/nio/fs/WindowsException'> (0x00000000e1f822e0) thrown at [C:\src\AOSP-openjdk-git\hotspot\src\share\vm\prims\jni.cpp, line 710]
Event: 48.045 Thread 0x000000001bc32000 Exception <a 'sun/nio/fs/WindowsException'> (0x00000000e1bcd900) thrown at [C:\src\AOSP-openjdk-git\hotspot\src\share\vm\prims\jni.cpp, line 710]
Event: 49.715 Thread 0x000000001bc32000 Exception <a 'sun/nio/fs/WindowsException'> (0x00000000e5f7b920) thrown at [C:\src\AOSP-openjdk-git\hotspot\src\share\vm\prims\jni.cpp, line 710]
Event: 50.108 Thread 0x000000001ecea000 Exception <a 'sun/nio/fs/WindowsException'> (0x00000000e7aca790) thrown at [C:\src\AOSP-openjdk-git\hotspot\src\share\vm\prims\jni.cpp, line 710]
Event: 52.318 Thread 0x000000001bc32000 Exception <a 'java/lang/IncompatibleClassChangeError': Found class java.lang.Object, but interface was expected> (0x00000000d7faa8c0) thrown at [C:\src\AOSP-openjdk-git\hotspot\src\share\vm\interpreter\linkResolver.cpp, line 653]

Events (10 events):
Event: 53.163 loading class com/android/tools/r8/s/b/l0
Event: 53.163 loading class com/android/tools/r8/s/b/l0 done
Event: 53.163 loading class com/android/tools/r8/s/b/P0
Event: 53.163 loading class com/android/tools/r8/s/b/P0 done
Event: 53.166 loading class com/android/tools/r8/ir/optimize/B0/a
Event: 53.166 loading class com/android/tools/r8/ir/optimize/B0/a done
Event: 53.168 loading class com/android/tools/r8/ir/optimize/B0/h
Event: 53.168 loading class com/android/tools/r8/ir/optimize/B0/h done
Event: 53.169 loading class com/android/tools/r8/ir/optimize/B0/i
Event: 53.169 loading class com/android/tools/r8/ir/optimize/B0/i done


Dynamic libraries:
0x00007ff7be410000 - 0x00007ff7be441000 	C:\Program Files\Android\Android Studio\jre\bin\java.exe
0x00007ff9b9e50000 - 0x00007ff9ba046000 	C:\WINDOWS\SYSTEM32\ntdll.dll
0x00007ff9b9b20000 - 0x00007ff9b9bdd000 	C:\WINDOWS\System32\KERNEL32.DLL
0x00007ff9b79b0000 - 0x00007ff9b7c78000 	C:\WINDOWS\System32\KERNELBASE.dll
0x00007ff9b8160000 - 0x00007ff9b820c000 	C:\WINDOWS\System32\ADVAPI32.dll
0x00007ff9b9c10000 - 0x00007ff9b9cae000 	C:\WINDOWS\System32\msvcrt.dll
0x00007ff9b8ea0000 - 0x00007ff9b8f3b000 	C:\WINDOWS\System32\sechost.dll
0x00007ff9b8010000 - 0x00007ff9b8134000 	C:\WINDOWS\System32\RPCRT4.dll
0x00007ff9b88d0000 - 0x00007ff9b8a70000 	C:\WINDOWS\System32\USER32.dll
0x00007ff9b76c0000 - 0x00007ff9b76e2000 	C:\WINDOWS\System32\win32u.dll
0x00007ff9b9be0000 - 0x00007ff9b9c0a000 	C:\WINDOWS\System32\GDI32.dll
0x00007ff9b77f0000 - 0x00007ff9b78f9000 	C:\WINDOWS\System32\gdi32full.dll
0x00007ff9b7750000 - 0x00007ff9b77ed000 	C:\WINDOWS\System32\msvcp_win.dll
0x00007ff9b75c0000 - 0x00007ff9b76c0000 	C:\WINDOWS\System32\ucrtbase.dll
0x00007ff9a1800000 - 0x00007ff9a1a9b000 	C:\WINDOWS\WinSxS\amd64_microsoft.windows.common-controls_6595b64144ccf1df_6.0.19041.488_none_ca04af081b815d21\COMCTL32.dll
0x00007ff9b9af0000 - 0x00007ff9b9b20000 	C:\WINDOWS\System32\IMM32.DLL
0x000000006d6c0000 - 0x000000006d792000 	C:\Program Files\Android\Android Studio\jre\jre\bin\msvcr100.dll
0x000000006d860000 - 0x000000006e0ab000 	C:\Program Files\Android\Android Studio\jre\jre\bin\server\jvm.dll
0x00007ff9b8210000 - 0x00007ff9b8218000 	C:\WINDOWS\System32\PSAPI.DLL
0x00007ff99eef0000 - 0x00007ff99eef9000 	C:\WINDOWS\SYSTEM32\WSOCK32.dll
0x00007ff9a7e40000 - 0x00007ff9a7e67000 	C:\WINDOWS\SYSTEM32\WINMM.dll
0x00007ff9b8f40000 - 0x00007ff9b8fab000 	C:\WINDOWS\System32\WS2_32.dll
0x00007ff9aa9a0000 - 0x00007ff9aa9aa000 	C:\WINDOWS\SYSTEM32\VERSION.dll
0x00007ff9b4440000 - 0x00007ff9b444f000 	C:\Program Files\Android\Android Studio\jre\jre\bin\verify.dll
0x00007ff9b2c40000 - 0x00007ff9b2c69000 	C:\Program Files\Android\Android Studio\jre\jre\bin\java.dll
0x00007ff9b2c20000 - 0x00007ff9b2c36000 	C:\Program Files\Android\Android Studio\jre\jre\bin\zip.dll
0x00007ff9b93a0000 - 0x00007ff9b9ae1000 	C:\WINDOWS\System32\SHELL32.dll
0x00007ff9b5290000 - 0x00007ff9b5a25000 	C:\WINDOWS\SYSTEM32\windows.storage.dll
0x00007ff9b8b40000 - 0x00007ff9b8e95000 	C:\WINDOWS\System32\combase.dll
0x00007ff9b7000000 - 0x00007ff9b702c000 	C:\WINDOWS\SYSTEM32\Wldp.dll
0x00007ff9b92f0000 - 0x00007ff9b939e000 	C:\WINDOWS\System32\SHCORE.dll
0x00007ff9b90e0000 - 0x00007ff9b9135000 	C:\WINDOWS\System32\shlwapi.dll
0x00007ff9b74c0000 - 0x00007ff9b74e6000 	C:\WINDOWS\SYSTEM32\profapi.dll
0x00007ff9b1a10000 - 0x00007ff9b1a2a000 	C:\Program Files\Android\Android Studio\jre\jre\bin\net.dll
0x00007ff9b6d60000 - 0x00007ff9b6dca000 	C:\WINDOWS\system32\mswsock.dll
0x00007ff9b0d60000 - 0x00007ff9b0d73000 	C:\Program Files\Android\Android Studio\jre\jre\bin\nio.dll
0x00007ff9a5af0000 - 0x00007ff9a5b17000 	C:\Users\lea\.gradle\native\f6784746aeab05261644944871eae4fe03e0ef1612fff0a4a95f87b438bc6780\windows-amd64\native-platform.dll
0x00007ff9b4430000 - 0x00007ff9b443d000 	C:\Program Files\Android\Android Studio\jre\jre\bin\management.dll
0x00007ff9b6f50000 - 0x00007ff9b6f68000 	C:\WINDOWS\SYSTEM32\CRYPTSP.dll
0x00007ff9b6660000 - 0x00007ff9b6694000 	C:\WINDOWS\system32\rsaenh.dll
0x00007ff9b7590000 - 0x00007ff9b75b7000 	C:\WINDOWS\System32\bcrypt.dll
0x00007ff9b7480000 - 0x00007ff9b74ae000 	C:\WINDOWS\SYSTEM32\USERENV.dll
0x00007ff9b7e30000 - 0x00007ff9b7eaf000 	C:\WINDOWS\System32\bcryptprimitives.dll
0x00007ff9b6f70000 - 0x00007ff9b6f7c000 	C:\WINDOWS\SYSTEM32\CRYPTBASE.dll
0x00007ff9b69f0000 - 0x00007ff9b6a2b000 	C:\WINDOWS\SYSTEM32\IPHLPAPI.DLL
0x00007ff9b9e00000 - 0x00007ff9b9e08000 	C:\WINDOWS\System32\NSI.dll
0x00007ff9aaca0000 - 0x00007ff9aacb7000 	C:\WINDOWS\SYSTEM32\dhcpcsvc6.DLL
0x00007ff9ab3a0000 - 0x00007ff9ab3bd000 	C:\WINDOWS\SYSTEM32\dhcpcsvc.DLL
0x00007ff9b6a30000 - 0x00007ff9b6afb000 	C:\WINDOWS\SYSTEM32\DNSAPI.dll
0x00007ff9ae0c0000 - 0x00007ff9ae0cb000 	C:\WINDOWS\SYSTEM32\WINNSI.DLL
0x00007ff9abff0000 - 0x00007ff9ac014000 	C:\Program Files\Android\Android Studio\jre\jre\bin\sunec.dll
0x00007ff99f420000 - 0x00007ff99f42a000 	C:\Windows\System32\rasadhlp.dll
0x00007ff9aa000000 - 0x00007ff9aa07f000 	C:\WINDOWS\System32\fwpuclnt.dll
0x00007ff9b2bf0000 - 0x00007ff9b2bfb000 	C:\Program Files\Android\Android Studio\jre\jre\bin\sunmscapi.dll
0x00007ff9b7cd0000 - 0x00007ff9b7e2d000 	C:\WINDOWS\System32\CRYPT32.dll

VM Arguments:
jvm_args: -Xmx2048m -Dfile.encoding=UTF-8 -Duser.country=US -Duser.language=en -Duser.variant 
java_command: org.gradle.launcher.daemon.bootstrap.GradleDaemon 6.5
java_class_path (initial): C:\Users\lea\.gradle\wrapper\dists\gradle-6.5-bin\6nifqtx7604sqp1q6g8wikw7p\gradle-6.5\lib\gradle-launcher-6.5.jar
Launcher Type: SUN_STANDARD

Environment Variables:
PATH=C:\Program Files\Common Files\Oracle\Java\javapath;C:\Program Files\Intel\iCLS Client\;C:\WINDOWS\system32;C:\WINDOWS;C:\WINDOWS\System32\Wbem;C:\WINDOWS\System32\WindowsPowerShell\v1.0\;C:\WINDOWS\System32\OpenSSH\;C:\Program Files\Intel\WiFi\bin\;C:\Program Files\Common Files\Intel\WirelessCommon\;C:\Program Files\Git\cmd;C:\Program Files\nodejs\;C:\Program Files (x86)\Intel\Intel(R) Management Engine Components\DAL;C:\Program Files\Intel\Intel(R) Management Engine Components\DAL;C:\Program Files (x86)\Gow\bin;C:\Program Files\Microsoft SQL Server\120\Tools\Binn\;C:\Program Files\Java\jdk-15.0.1\bin;;C:\Program Files\Git LFS;C:\Users\lea\AppData\Local\Microsoft\WindowsApps;C:\Program Files\JetBrains\IntelliJ IDEA Community Edition 2020.2.3\bin;;C:\Users\lea\AppData\Local\Programs\Microsoft VS Code\bin;C:\Program Files\JetBrains\JetBrains Rider 2020.2.4\bin;;C:\Users\lea\AppData\Local\GitHubDesktop\bin
USERNAME=lea
OS=Windows_NT
PROCESSOR_IDENTIFIER=Intel64 Family 6 Model 142 Stepping 9, GenuineIntel



---------------  S Y S T E M  ---------------

OS: Windows 10.0 , 64 bit Build 19041 (10.0.19041.546)

CPU:total 4 (initial active 4) (2 cores per cpu, 2 threads per core) family 6 model 142 stepping 9, cmov, cx8, fxsr, mmx, sse, sse2, sse3, ssse3, sse4.1, sse4.2, popcnt, avx, avx2, aes, clmul, erms, 3dnowpref, lzcnt, ht, tsc, tscinvbit, bmi1, bmi2, adx

Memory: 4k page, physical 8251340k(1179792k free), swap 9299916k(1024k free)

vm_info: OpenJDK 64-Bit Server VM (25.242-b01) for windows-amd64 JRE (1.8.0_242-release-1644-b01), built by "builder" with MS VC++ 10.0 (VS2010)

time: Tue Dec 08 20:30:09 2020
timezone: Jerusalem Standard Time
elapsed time: 53 seconds (0d 0h 0m 53s)

