#
# There is insufficient memory for the Java Runtime Environment to continue.
# Native memory allocation (malloc) failed to allocate 999216 bytes for Chunk::new
# Possible reasons:
#   The system is out of physical RAM or swap space
#   The process is running with CompressedOops enabled, and the Java Heap may be blocking the growth of the native heap
# Possible solutions:
#   Reduce memory load on the system
#   Increase physical memory or swap space
#   Check if swap backing store is full
#   Decrease Java heap size (-Xmx/-Xms)
#   Decrease number of Java threads
#   Decrease Java thread stack sizes (-Xss)
#   Set larger code cache with -XX:ReservedCodeCacheSize=
#   JVM is running with Unscaled Compressed Oops mode in which the Java heap is
#     placed in the first 4GB address space. The Java Heap base address is the
#     maximum limit for the native heap growth. Please use -XX:HeapBaseMinAddress
#     to set the Java Heap base and to place the Java Heap above 4GB virtual address.
# This output file may be truncated or incomplete.
#
#  Out of Memory Error (allocation.cpp:389), pid=11348, tid=0x00000000000040a4
#
# JRE version: OpenJDK Runtime Environment (8.0_242-b01) (build 1.8.0_242-release-1644-b01)
# Java VM: OpenJDK 64-Bit Server VM (25.242-b01 mixed mode windows-amd64 compressed oops)
# Failed to write core dump. Minidumps are not enabled by default on client versions of Windows
#

---------------  T H R E A D  ---------------

Current thread (0x0000000017bdb000):  JavaThread "C2 CompilerThread1" daemon [_thread_in_native, id=16548, stack(0x0000000019330000,0x0000000019430000)]

Stack: [0x0000000019330000,0x0000000019430000]
[error occurred during error reporting (printing stack bounds), id 0xc0000005]

Native frames: (J=compiled Java code, j=interpreted, Vv=VM code, C=native code)


Current CompileTask:
C2: 649076 15394 %     4       com.android.tools.r8.ir.conversion.N::a @ 1600 (3065 bytes)


---------------  P R O C E S S  ---------------

Java Threads: ( => current thread )
  0x000000001a136000 JavaThread "WorkerExecutor Queue Thread 5" [_thread_in_Java, id=15904, stack(0x000000002cbc0000,0x000000002ccc0000)]
  0x000000001a135800 JavaThread "WorkerExecutor Queue Thread 4" [_thread_in_Java, id=18348, stack(0x000000002c2c0000,0x000000002c3c0000)]
  0x000000001a138800 JavaThread "WorkerExecutor Queue Thread 2" [_thread_in_Java, id=11528, stack(0x000000002bec0000,0x000000002bfc0000)]
  0x000000001a133000 JavaThread "WorkerExecutor Queue" [_thread_in_Java, id=17908, stack(0x000000002bdc0000,0x000000002bec0000)]
  0x000000001a134800 JavaThread "Cache worker for Java compile cache (C:\Users\lea\Desktop\dimot\Dimot_Bekalot\.gradle\6.5\javaCompile)" [_thread_blocked, id=18272, stack(0x000000002bbc0000,0x000000002bcc0000)]
  0x000000001a139800 JavaThread "Cache worker for execution history cache (C:\Users\lea\Desktop\dimot\Dimot_Bekalot\.gradle\6.5\executionHistory)" [_thread_blocked, id=15816, stack(0x000000002a4d0000,0x000000002a5d0000)]
  0x000000001fd60800 JavaThread "Execution worker for ':' Thread 3" [_thread_blocked, id=14004, stack(0x000000002a3d0000,0x000000002a4d0000)]
  0x000000001fd66800 JavaThread "Execution worker for ':' Thread 2" [_thread_blocked, id=14904, stack(0x000000002a2d0000,0x000000002a3d0000)]
  0x000000001fd61800 JavaThread "Execution worker for ':'" [_thread_blocked, id=17144, stack(0x0000000029fd0000,0x000000002a0d0000)]
  0x000000001fd65000 JavaThread "Cache worker for file content cache (C:\Users\lea\Desktop\dimot\Dimot_Bekalot\.gradle\6.5\fileContent)" [_thread_blocked, id=4904, stack(0x0000000029a10000,0x0000000029b10000)]
  0x000000001fd63800 JavaThread "Cache worker for Build Output Cleanup Cache (C:\Users\lea\Desktop\dimot\Dimot_Bekalot\.gradle\buildOutputCleanup)" [_thread_blocked, id=11824, stack(0x0000000028ae0000,0x0000000028be0000)]
  0x000000001fd66000 JavaThread "jar transforms Thread 188" [_thread_blocked, id=1032, stack(0x0000000028660000,0x0000000028760000)]
  0x000000001fd62000 JavaThread "jar transforms Thread 187" [_thread_blocked, id=16656, stack(0x0000000028560000,0x0000000028660000)]
  0x000000001fd63000 JavaThread "jar transforms Thread 186" [_thread_blocked, id=3300, stack(0x0000000028460000,0x0000000028560000)]
  0x000000001fd59000 JavaThread "jar transforms Thread 185" [_thread_blocked, id=12328, stack(0x0000000028360000,0x0000000028460000)]
  0x000000001fd60000 JavaThread "jar transforms Thread 184" [_thread_blocked, id=13120, stack(0x0000000028260000,0x0000000028360000)]
  0x000000001fd58000 JavaThread "jar transforms Thread 183" [_thread_blocked, id=16272, stack(0x0000000028160000,0x0000000028260000)]
  0x000000001fd5f000 JavaThread "jar transforms Thread 182" [_thread_blocked, id=6292, stack(0x0000000028060000,0x0000000028160000)]
  0x000000001fd5c800 JavaThread "jar transforms Thread 181" [_thread_blocked, id=12856, stack(0x0000000027f60000,0x0000000028060000)]
  0x000000001fd57800 JavaThread "jar transforms Thread 180" [_thread_blocked, id=8064, stack(0x0000000027e60000,0x0000000027f60000)]
  0x000000001fd5e000 JavaThread "jar transforms Thread 179" [_thread_blocked, id=14196, stack(0x0000000027d60000,0x0000000027e60000)]
  0x000000001fd5b000 JavaThread "jar transforms Thread 178" [_thread_blocked, id=1656, stack(0x0000000027c60000,0x0000000027d60000)]
  0x000000001fd5d800 JavaThread "jar transforms Thread 177" [_thread_blocked, id=17644, stack(0x0000000027b60000,0x0000000027c60000)]
  0x000000001fd5a800 JavaThread "jar transforms Thread 176" [_thread_blocked, id=14284, stack(0x0000000027a60000,0x0000000027b60000)]
  0x000000001fd59800 JavaThread "jar transforms Thread 175" [_thread_blocked, id=4316, stack(0x0000000027960000,0x0000000027a60000)]
  0x00000000203df800 JavaThread "jar transforms Thread 174" [_thread_blocked, id=16280, stack(0x0000000027860000,0x0000000027960000)]
  0x00000000203d8000 JavaThread "jar transforms Thread 173" [_thread_blocked, id=7788, stack(0x0000000027760000,0x0000000027860000)]
  0x00000000203de000 JavaThread "jar transforms Thread 172" [_thread_blocked, id=1868, stack(0x0000000027660000,0x0000000027760000)]
  0x00000000203dd000 JavaThread "jar transforms Thread 171" [_thread_blocked, id=9796, stack(0x0000000027560000,0x0000000027660000)]
  0x00000000203dc800 JavaThread "jar transforms Thread 170" [_thread_blocked, id=16092, stack(0x0000000027460000,0x0000000027560000)]
  0x00000000203da000 JavaThread "jar transforms Thread 169" [_thread_blocked, id=18424, stack(0x0000000027360000,0x0000000027460000)]
  0x00000000203de800 JavaThread "jar transforms Thread 168" [_thread_blocked, id=12536, stack(0x0000000027260000,0x0000000027360000)]
  0x00000000203d9800 JavaThread "jar transforms Thread 167" [_thread_blocked, id=13980, stack(0x0000000027160000,0x0000000027260000)]
  0x00000000203db800 JavaThread "jar transforms Thread 166" [_thread_blocked, id=6828, stack(0x0000000027060000,0x0000000027160000)]
  0x00000000203db000 JavaThread "jar transforms Thread 165" [_thread_blocked, id=11368, stack(0x0000000026f60000,0x0000000027060000)]
  0x00000000203d8800 JavaThread "jar transforms Thread 164" [_thread_blocked, id=14512, stack(0x0000000026e60000,0x0000000026f60000)]
  0x00000000203d0800 JavaThread "jar transforms Thread 163" [_thread_blocked, id=5852, stack(0x0000000026d60000,0x0000000026e60000)]
  0x00000000203d7000 JavaThread "jar transforms Thread 162" [_thread_blocked, id=8264, stack(0x0000000026c60000,0x0000000026d60000)]
  0x00000000203d5800 JavaThread "jar transforms Thread 161" [_thread_blocked, id=10768, stack(0x0000000026b60000,0x0000000026c60000)]
  0x00000000203d5000 JavaThread "jar transforms Thread 160" [_thread_blocked, id=14244, stack(0x0000000026a60000,0x0000000026b60000)]
  0x00000000203d1000 JavaThread "jar transforms Thread 159" [_thread_blocked, id=4924, stack(0x0000000026960000,0x0000000026a60000)]
  0x00000000203d2000 JavaThread "jar transforms Thread 158" [_thread_blocked, id=1548, stack(0x0000000026860000,0x0000000026960000)]
  0x00000000203d3800 JavaThread "jar transforms Thread 157" [_thread_blocked, id=2064, stack(0x0000000026760000,0x0000000026860000)]
  0x00000000203d6800 JavaThread "jar transforms Thread 156" [_thread_blocked, id=17248, stack(0x0000000026660000,0x0000000026760000)]
  0x00000000203d2800 JavaThread "jar transforms Thread 155" [_thread_blocked, id=10916, stack(0x0000000026560000,0x0000000026660000)]
  0x00000000203d4000 JavaThread "jar transforms Thread 154" [_thread_blocked, id=8492, stack(0x0000000026460000,0x0000000026560000)]
  0x000000001c1bd000 JavaThread "jar transforms Thread 153" [_thread_blocked, id=16120, stack(0x0000000026360000,0x0000000026460000)]
  0x000000001c1bc800 JavaThread "jar transforms Thread 152" [_thread_blocked, id=6896, stack(0x0000000026260000,0x0000000026360000)]
  0x000000001c1c0000 JavaThread "jar transforms Thread 151" [_thread_blocked, id=2992, stack(0x0000000026160000,0x0000000026260000)]
  0x000000001c1be000 JavaThread "jar transforms Thread 150" [_thread_blocked, id=2896, stack(0x0000000026060000,0x0000000026160000)]
  0x000000001c1bb800 JavaThread "jar transforms Thread 149" [_thread_blocked, id=3276, stack(0x0000000025f60000,0x0000000026060000)]
  0x000000001c1be800 JavaThread "jar transforms Thread 148" [_thread_blocked, id=10228, stack(0x0000000025e60000,0x0000000025f60000)]
  0x000000001c1bb000 JavaThread "jar transforms Thread 147" [_thread_blocked, id=10460, stack(0x0000000025d60000,0x0000000025e60000)]
  0x000000001c1bf800 JavaThread "jar transforms Thread 146" [_thread_blocked, id=14796, stack(0x0000000025c60000,0x0000000025d60000)]
  0x000000001c1c1000 JavaThread "jar transforms Thread 145" [_thread_blocked, id=12056, stack(0x0000000025b60000,0x0000000025c60000)]
  0x000000001c1b3800 JavaThread "jar transforms Thread 144" [_thread_blocked, id=18072, stack(0x0000000025a60000,0x0000000025b60000)]
  0x000000001c1ba000 JavaThread "jar transforms Thread 143" [_thread_blocked, id=18316, stack(0x0000000025960000,0x0000000025a60000)]
  0x000000001c1b7000 JavaThread "jar transforms Thread 142" [_thread_blocked, id=6260, stack(0x0000000025860000,0x0000000025960000)]
  0x000000001c1b9800 JavaThread "jar transforms Thread 141" [_thread_blocked, id=11592, stack(0x0000000025760000,0x0000000025860000)]
  0x000000001c1b2000 JavaThread "jar transforms Thread 140" [_thread_blocked, id=15388, stack(0x0000000025660000,0x0000000025760000)]
  0x000000001c1b6800 JavaThread "jar transforms Thread 139" [_thread_blocked, id=15780, stack(0x0000000025560000,0x0000000025660000)]
  0x000000001c1b8800 JavaThread "jar transforms Thread 138" [_thread_blocked, id=1728, stack(0x0000000025460000,0x0000000025560000)]
  0x000000001c1b5800 JavaThread "jar transforms Thread 137" [_thread_blocked, id=10796, stack(0x0000000025360000,0x0000000025460000)]
  0x000000001c1b5000 JavaThread "jar transforms Thread 136" [_thread_blocked, id=15060, stack(0x0000000025260000,0x0000000025360000)]
  0x000000001c1b8000 JavaThread "jar transforms Thread 135" [_thread_blocked, id=10488, stack(0x0000000025160000,0x0000000025260000)]
  0x000000001c1b2800 JavaThread "jar transforms Thread 134" [_thread_blocked, id=2936, stack(0x0000000025060000,0x0000000025160000)]
  0x000000001c1b4000 JavaThread "jar transforms Thread 133" [_thread_blocked, id=9956, stack(0x0000000024f60000,0x0000000025060000)]
  0x000000001b92f000 JavaThread "jar transforms Thread 132" [_thread_blocked, id=15492, stack(0x0000000024e60000,0x0000000024f60000)]
  0x000000001b92e800 JavaThread "jar transforms Thread 131" [_thread_blocked, id=13748, stack(0x0000000024d60000,0x0000000024e60000)]
  0x000000001b92d800 JavaThread "jar transforms Thread 130" [_thread_blocked, id=13988, stack(0x0000000024c60000,0x0000000024d60000)]
  0x000000001b933800 JavaThread "jar transforms Thread 129" [_thread_blocked, id=17152, stack(0x0000000024b60000,0x0000000024c60000)]
  0x000000001b932000 JavaThread "jar transforms Thread 128" [_thread_blocked, id=14208, stack(0x0000000024a60000,0x0000000024b60000)]
  0x000000001f2a0000 JavaThread "jar transforms Thread 127" [_thread_blocked, id=15000, stack(0x0000000024960000,0x0000000024a60000)]
  0x000000001f2a0800 JavaThread "jar transforms Thread 126" [_thread_blocked, id=17996, stack(0x0000000024860000,0x0000000024960000)]
  0x000000001f29e800 JavaThread "jar transforms Thread 125" [_thread_blocked, id=2716, stack(0x0000000024760000,0x0000000024860000)]
  0x000000001f29f000 JavaThread "jar transforms Thread 124" [_thread_blocked, id=3944, stack(0x0000000024660000,0x0000000024760000)]
  0x000000001f297000 JavaThread "jar transforms Thread 123" [_thread_blocked, id=18088, stack(0x0000000024560000,0x0000000024660000)]
  0x000000001f29d800 JavaThread "jar transforms Thread 122" [_thread_blocked, id=16308, stack(0x0000000024460000,0x0000000024560000)]
  0x000000001f29c000 JavaThread "jar transforms Thread 121" [_thread_blocked, id=8564, stack(0x0000000024360000,0x0000000024460000)]
  0x000000001f294800 JavaThread "jar transforms Thread 120" [_thread_blocked, id=12284, stack(0x0000000024260000,0x0000000024360000)]
  0x000000001f29b800 JavaThread "jar transforms Thread 119" [_thread_blocked, id=13128, stack(0x0000000024160000,0x0000000024260000)]
  0x000000001f294000 JavaThread "jar transforms Thread 118" [_thread_blocked, id=4268, stack(0x0000000024060000,0x0000000024160000)]
  0x000000001f29a800 JavaThread "jar transforms Thread 117" [_thread_blocked, id=11484, stack(0x0000000023f60000,0x0000000024060000)]
  0x000000001f295800 JavaThread "jar transforms Thread 116" [_thread_blocked, id=12520, stack(0x0000000023e60000,0x0000000023f60000)]
  0x000000001f299000 JavaThread "jar transforms Thread 115" [_thread_blocked, id=14108, stack(0x0000000023d60000,0x0000000023e60000)]
  0x000000001f292800 JavaThread "jar transforms Thread 114" [_thread_blocked, id=17788, stack(0x0000000023c60000,0x0000000023d60000)]
  0x000000001f90d800 JavaThread "jar transforms Thread 113" [_thread_blocked, id=11728, stack(0x0000000023b60000,0x0000000023c60000)]
  0x000000001f90b000 JavaThread "jar transforms Thread 112" [_thread_blocked, id=16192, stack(0x0000000023a60000,0x0000000023b60000)]
  0x000000001f90c000 JavaThread "jar transforms Thread 111" [_thread_blocked, id=272, stack(0x0000000023960000,0x0000000023a60000)]
  0x000000001f90a800 JavaThread "jar transforms Thread 110" [_thread_blocked, id=12032, stack(0x0000000023860000,0x0000000023960000)]
  0x000000001f908000 JavaThread "jar transforms Thread 109" [_thread_blocked, id=17280, stack(0x0000000023760000,0x0000000023860000)]
  0x000000001f900800 JavaThread "jar transforms Thread 108" [_thread_blocked, id=17748, stack(0x0000000023660000,0x0000000023760000)]
  0x000000001f907800 JavaThread "jar transforms Thread 107" [_thread_blocked, id=16636, stack(0x0000000023560000,0x0000000023660000)]
  0x000000001f906800 JavaThread "jar transforms Thread 106" [_thread_blocked, id=13820, stack(0x0000000023460000,0x0000000023560000)]
  0x000000001f906000 JavaThread "jar transforms Thread 105" [_thread_blocked, id=14608, stack(0x0000000023360000,0x0000000023460000)]
  0x000000001f8ff000 JavaThread "jar transforms Thread 104" [_thread_blocked, id=5620, stack(0x0000000023260000,0x0000000023360000)]
  0x000000001f903800 JavaThread "jar transforms Thread 103" [_thread_blocked, id=16780, stack(0x0000000023160000,0x0000000023260000)]
  0x000000001f900000 JavaThread "jar transforms Thread 102" [_thread_blocked, id=2336, stack(0x0000000023060000,0x0000000023160000)]
  0x000000001f903000 JavaThread "jar transforms Thread 101" [_thread_blocked, id=14088, stack(0x0000000022f60000,0x0000000023060000)]
  0x000000001f901800 JavaThread "jar transforms Thread 100" [_thread_blocked, id=15692, stack(0x0000000022e60000,0x0000000022f60000)]
  0x000000001f902000 JavaThread "jar transforms Thread 99" [_thread_blocked, id=4252, stack(0x0000000022d60000,0x0000000022e60000)]
  0x000000001f904800 JavaThread "jar transforms Thread 98" [_thread_blocked, id=13768, stack(0x0000000022c60000,0x0000000022d60000)]
  0x000000001f8fe800 JavaThread "jar transforms Thread 97" [_thread_blocked, id=10444, stack(0x0000000022b60000,0x0000000022c60000)]
  0x000000001f905000 JavaThread "jar transforms Thread 96" [_thread_blocked, id=8144, stack(0x0000000022a60000,0x0000000022b60000)]
  0x000000001ae49000 JavaThread "jar transforms Thread 95" [_thread_blocked, id=12824, stack(0x0000000022960000,0x0000000022a60000)]
  0x000000001ae48800 JavaThread "Build operations Thread 4" [_thread_blocked, id=11092, stack(0x0000000022860000,0x0000000022960000)]
  0x000000001ae47800 JavaThread "Build operations Thread 3" [_thread_blocked, id=2680, stack(0x0000000022760000,0x0000000022860000)]
  0x000000001ae47000 JavaThread "Build operations Thread 2" [_thread_blocked, id=14860, stack(0x0000000022660000,0x0000000022760000)]
  0x000000001ae46000 JavaThread "Build operations" [_thread_blocked, id=15536, stack(0x0000000021e60000,0x0000000021f60000)]
  0x000000001ae4b800 JavaThread "Cache worker for cache directory md-rule (C:\Users\lea\.gradle\caches\6.5\md-rule)" [_thread_blocked, id=9108, stack(0x00000000201f0000,0x00000000202f0000)]
  0x000000001ae4a000 JavaThread "Cache worker for cache directory md-supplier (C:\Users\lea\.gradle\caches\6.5\md-supplier)" [_thread_blocked, id=18208, stack(0x000000001fef0000,0x000000001fff0000)]
  0x000000001ae4c000 JavaThread "Cache worker for checksums cache (C:\Users\lea\Desktop\dimot\Dimot_Bekalot\.gradle\checksums)" [_thread_blocked, id=11212, stack(0x000000001d650000,0x000000001d750000)]
  0x000000001ae3e800 JavaThread "Cache worker for file hash cache (C:\Users\lea\Desktop\dimot\Dimot_Bekalot\.gradle\6.5\fileHashes)" [_thread_blocked, id=2956, stack(0x000000001d550000,0x000000001d650000)]
  0x000000001ae45800 JavaThread "Thread-134" [_thread_blocked, id=11960, stack(0x000000001d450000,0x000000001d550000)]
  0x000000001ae44800 JavaThread "Stdin handler" [_thread_blocked, id=11120, stack(0x000000001d350000,0x000000001d450000)]
  0x000000001ae3f800 JavaThread "Asynchronous log dispatcher for DefaultDaemonConnection: socket connection from /127.0.0.1:53969 to /127.0.0.1:54079" [_thread_blocked, id=15972, stack(0x000000001d250000,0x000000001d350000)]
  0x000000001ae41800 JavaThread "Daemon worker Thread 2" [_thread_blocked, id=17200, stack(0x000000001d150000,0x000000001d250000)]
  0x000000001ae3d000 JavaThread "Cancel handler" [_thread_blocked, id=16232, stack(0x000000001d050000,0x000000001d150000)]
  0x000000001ae44000 JavaThread "Handler for socket connection from /127.0.0.1:53969 to /127.0.0.1:54079" [_thread_in_native, id=13492, stack(0x0000000001410000,0x0000000001510000)]
  0x000000001ae3e000 JavaThread "Daemon Thread 2" [_thread_blocked, id=10076, stack(0x0000000001310000,0x0000000001410000)]
  0x000000001f29d000 JavaThread "Cache worker for Java compile cache (C:\Users\lea\.gradle\caches\6.5\javaCompile)" [_thread_blocked, id=17540, stack(0x000000002bcc0000,0x000000002bdc0000)]
  0x000000001f297800 JavaThread "Memory manager" [_thread_blocked, id=12400, stack(0x00000000289e0000,0x0000000028ae0000)]
  0x000000001b930800 JavaThread "Cache worker for file content cache (C:\Users\lea\.gradle\caches\6.5\fileContent)" [_thread_blocked, id=16488, stack(0x0000000021f60000,0x0000000022060000)]
  0x000000001b933000 JavaThread "Cache worker for execution history cache (C:\Users\lea\.gradle\caches\6.5\executionHistory)" [_thread_blocked, id=17092, stack(0x0000000021760000,0x0000000021860000)]
  0x000000001b930000 JavaThread "Cache worker for file hash cache (C:\Users\lea\.gradle\caches\6.5\fileHashes)" [_thread_blocked, id=5764, stack(0x000000001dc50000,0x000000001dd50000)]
  0x000000001b931800 JavaThread "File lock request listener" [_thread_in_native, id=14476, stack(0x000000001db50000,0x000000001dc50000)]
  0x000000001b5a6800 JavaThread "Cache worker for journal cache (C:\Users\lea\.gradle\caches\journal-1)" [_thread_blocked, id=17688, stack(0x000000001d950000,0x000000001da50000)]
  0x000000001b533000 JavaThread "Daemon periodic checks" [_thread_blocked, id=2816, stack(0x000000001cd50000,0x000000001ce50000)]
  0x000000001b531000 JavaThread "Incoming local TCP Connector on port 53969" [_thread_in_native, id=5492, stack(0x000000001cb10000,0x000000001cc10000)]
  0x000000001b2fe800 JavaThread "Daemon health stats" [_thread_blocked, id=2224, stack(0x000000001c4d0000,0x000000001c5d0000)]
  0x000000001949a800 JavaThread "Service Thread" daemon [_thread_blocked, id=16564, stack(0x0000000019930000,0x0000000019a30000)]
  0x000000001947d800 JavaThread "C1 CompilerThread2" daemon [_thread_blocked, id=17028, stack(0x0000000019830000,0x0000000019930000)]
=>0x0000000017bdb000 JavaThread "C2 CompilerThread1" daemon [_thread_in_native, id=16548, stack(0x0000000019330000,0x0000000019430000)]
  0x0000000017bd6000 JavaThread "C2 CompilerThread0" daemon [_thread_blocked, id=12608, stack(0x0000000019230000,0x0000000019330000)]
  0x0000000017c22000 JavaThread "Attach Listener" daemon [_thread_blocked, id=8872, stack(0x0000000019130000,0x0000000019230000)]
  0x0000000017bc7000 JavaThread "Signal Dispatcher" daemon [_thread_blocked, id=11600, stack(0x0000000019030000,0x0000000019130000)]
  0x0000000002fab800 JavaThread "Finalizer" daemon [_thread_blocked, id=2416, stack(0x0000000018e30000,0x0000000018f30000)]
  0x0000000017bb9000 JavaThread "Reference Handler" daemon [_thread_blocked, id=16500, stack(0x0000000018d30000,0x0000000018e30000)]
  0x000000000120e000 JavaThread "main" [_thread_blocked, id=13092, stack(0x0000000002db0000,0x0000000002eb0000)]

Other Threads:
  0x0000000017b97000 VMThread [stack: 0x0000000018c30000,0x0000000018d30000] [id=11500]
  0x000000001949b800 WatcherThread [stack: 0x0000000019a30000,0x0000000019b30000] [id=12020]

VM state:not at safepoint (normal execution)

VM Mutex/Monitor currently owned by a thread: None

heap address: 0x0000000080000000, size: 2048 MB, Compressed Oops mode: 32-bit
Narrow klass base: 0x0000000000000000, Narrow klass shift: 3
Compressed class space size: 1073741824 Address: 0x0000000100000000

Heap:
 PSYoungGen      total 332800K, used 139519K [0x00000000d5580000, 0x00000000ebc80000, 0x0000000100000000)
  eden space 303104K, 38% used [0x00000000d5580000,0x00000000dc7463c0,0x00000000e7d80000)
  from space 29696K, 77% used [0x00000000e9d00000,0x00000000eb379ad8,0x00000000eba00000)
  to   space 32256K, 0% used [0x00000000e7d80000,0x00000000e7d80000,0x00000000e9d00000)
 ParOldGen       total 118272K, used 63884K [0x0000000080000000, 0x0000000087380000, 0x00000000d5580000)
  object space 118272K, 54% used [0x0000000080000000,0x0000000083e63120,0x0000000087380000)
 Metaspace       used 89640K, capacity 94154K, committed 94360K, reserved 1130496K
  class space    used 11773K, capacity 12644K, committed 12720K, reserved 1048576K

Card table byte_map: [0x0000000012370000,0x0000000012780000] byte_map_base: 0x0000000011f70000

Marking Bits: (ParMarkBitMap*) 0x0000000058dff030
 Begin Bits: [0x0000000012e30000, 0x0000000014e30000)
 End Bits:   [0x0000000014e30000, 0x0000000016e30000)

Polling page: 0x0000000000df0000

CodeCache: size=245760Kb used=44226Kb max_used=45556Kb free=201533Kb
 bounds [0x0000000002fb0000, 0x0000000005c70000, 0x0000000011fb0000]
 total_blobs=13640 nmethods=12780 adapters=769
 compilation: disabled (not enough contiguous free space left)

Compilation events (10 events):
Event: 648.911 Thread 0x000000001947d800 nmethod 15513 0x0000000004202e90 code [0x0000000004203140, 0x00000000042043e8]
Event: 648.912 Thread 0x000000001947d800 15514 %     3       com.android.tools.r8.ir.optimize.l::s @ 31 (281 bytes)
Event: 648.916 Thread 0x000000001947d800 nmethod 15514% 0x0000000005705990 code [0x0000000005705ee0, 0x0000000005709a48]
Event: 648.918 Thread 0x000000001947d800 15530       2       com.android.tools.r8.graph.Y::a (39 bytes)
Event: 648.918 Thread 0x000000001947d800 nmethod 15530 0x0000000005556ad0 code [0x0000000005556c40, 0x0000000005556e48]
Event: 648.920 Thread 0x000000001947d800 15523       2       com.android.tools.r8.dex.P$g::a (35 bytes)
Event: 648.920 Thread 0x000000001947d800 nmethod 15523 0x000000000313b710 code [0x000000000313b8a0, 0x000000000313baa8]
Event: 648.922 Thread 0x000000001947d800 15483       3       com.android.tools.r8.ir.optimize.a0::a (406 bytes)
Event: 648.929 Thread 0x000000001947d800 

Event: 648.995 Thread 0x0000000017bd6000 


GC Heap History (10 events):
Event: 13.586 GC heap before
{Heap before GC invocations=15 (full 3):
 PSYoungGen      total 233984K, used 4538K [0x00000000d5580000, 0x00000000e5080000, 0x0000000100000000)
  eden space 214016K, 0% used [0x00000000d5580000,0x00000000d5580000,0x00000000e2680000)
  from space 19968K, 22% used [0x00000000e3980000,0x00000000e3dee858,0x00000000e4d00000)
  to   space 19456K, 0% used [0x00000000e2680000,0x00000000e2680000,0x00000000e3980000)
 ParOldGen       total 76800K, used 40634K [0x0000000080000000, 0x0000000084b00000, 0x00000000d5580000)
  object space 76800K, 52% used [0x0000000080000000,0x00000000827aeac0,0x0000000084b00000)
 Metaspace       used 56734K, capacity 59072K, committed 59160K, reserved 1099776K
  class space    used 7748K, capacity 8230K, committed 8240K, reserved 1048576K
Event: 13.861 GC heap after
Heap after GC invocations=15 (full 3):
 PSYoungGen      total 233984K, used 0K [0x00000000d5580000, 0x00000000e5080000, 0x0000000100000000)
  eden space 214016K, 0% used [0x00000000d5580000,0x00000000d5580000,0x00000000e2680000)
  from space 19968K, 0% used [0x00000000e3980000,0x00000000e3980000,0x00000000e4d00000)
  to   space 19456K, 0% used [0x00000000e2680000,0x00000000e2680000,0x00000000e3980000)
 ParOldGen       total 118272K, used 32710K [0x0000000080000000, 0x0000000087380000, 0x00000000d5580000)
  object space 118272K, 27% used [0x0000000080000000,0x0000000081ff1928,0x0000000087380000)
 Metaspace       used 56716K, capacity 59012K, committed 59160K, reserved 1099776K
  class space    used 7743K, capacity 8220K, committed 8240K, reserved 1048576K
}
Event: 18.902 GC heap before
{Heap before GC invocations=16 (full 3):
 PSYoungGen      total 233984K, used 214016K [0x00000000d5580000, 0x00000000e5080000, 0x0000000100000000)
  eden space 214016K, 100% used [0x00000000d5580000,0x00000000e2680000,0x00000000e2680000)
  from space 19968K, 0% used [0x00000000e3980000,0x00000000e3980000,0x00000000e4d00000)
  to   space 19456K, 0% used [0x00000000e2680000,0x00000000e2680000,0x00000000e3980000)
 ParOldGen       total 118272K, used 32710K [0x0000000080000000, 0x0000000087380000, 0x00000000d5580000)
  object space 118272K, 27% used [0x0000000080000000,0x0000000081ff1928,0x0000000087380000)
 Metaspace       used 64077K, capacity 67034K, committed 67224K, reserved 1107968K
  class space    used 8805K, capacity 9363K, committed 9392K, reserved 1048576K
Event: 18.956 GC heap after
Heap after GC invocations=16 (full 3):
 PSYoungGen      total 233472K, used 17870K [0x00000000d5580000, 0x00000000e8500000, 0x0000000100000000)
  eden space 214016K, 0% used [0x00000000d5580000,0x00000000d5580000,0x00000000e2680000)
  from space 19456K, 91% used [0x00000000e2680000,0x00000000e37f3ad8,0x00000000e3980000)
  to   space 22016K, 0% used [0x00000000e6f80000,0x00000000e6f80000,0x00000000e8500000)
 ParOldGen       total 118272K, used 32718K [0x0000000080000000, 0x0000000087380000, 0x00000000d5580000)
  object space 118272K, 27% used [0x0000000080000000,0x0000000081ff3928,0x0000000087380000)
 Metaspace       used 64077K, capacity 67034K, committed 67224K, reserved 1107968K
  class space    used 8805K, capacity 9363K, committed 9392K, reserved 1048576K
}
Event: 28.664 GC heap before
{Heap before GC invocations=17 (full 3):
 PSYoungGen      total 233472K, used 231886K [0x00000000d5580000, 0x00000000e8500000, 0x0000000100000000)
  eden space 214016K, 100% used [0x00000000d5580000,0x00000000e2680000,0x00000000e2680000)
  from space 19456K, 91% used [0x00000000e2680000,0x00000000e37f3ad8,0x00000000e3980000)
  to   space 22016K, 0% used [0x00000000e6f80000,0x00000000e6f80000,0x00000000e8500000)
 ParOldGen       total 118272K, used 32718K [0x0000000080000000, 0x0000000087380000, 0x00000000d5580000)
  object space 118272K, 27% used [0x0000000080000000,0x0000000081ff3928,0x0000000087380000)
 Metaspace       used 74142K, capacity 77500K, committed 77720K, reserved 1116160K
  class space    used 10025K, capacity 10661K, committed 10672K, reserved 1048576K
Event: 28.706 GC heap after
Heap after GC invocations=17 (full 3):
 PSYoungGen      total 281600K, used 22010K [0x00000000d5580000, 0x00000000e8c80000, 0x0000000100000000)
  eden space 259584K, 0% used [0x00000000d5580000,0x00000000d5580000,0x00000000e5300000)
  from space 22016K, 99% used [0x00000000e6f80000,0x00000000e84fe928,0x00000000e8500000)
  to   space 29184K, 0% used [0x00000000e5300000,0x00000000e5300000,0x00000000e6f80000)
 ParOldGen       total 118272K, used 43682K [0x0000000080000000, 0x0000000087380000, 0x00000000d5580000)
  object space 118272K, 36% used [0x0000000080000000,0x0000000082aa8a40,0x0000000087380000)
 Metaspace       used 74142K, capacity 77500K, committed 77720K, reserved 1116160K
  class space    used 10025K, capacity 10661K, committed 10672K, reserved 1048576K
}
Event: 638.114 GC heap before
{Heap before GC invocations=18 (full 3):
 PSYoungGen      total 281600K, used 281594K [0x00000000d5580000, 0x00000000e8c80000, 0x0000000100000000)
  eden space 259584K, 100% used [0x00000000d5580000,0x00000000e5300000,0x00000000e5300000)
  from space 22016K, 99% used [0x00000000e6f80000,0x00000000e84fe928,0x00000000e8500000)
  to   space 29184K, 0% used [0x00000000e5300000,0x00000000e5300000,0x00000000e6f80000)
 ParOldGen       total 118272K, used 43682K [0x0000000080000000, 0x0000000087380000, 0x00000000d5580000)
  object space 118272K, 36% used [0x0000000080000000,0x0000000082aa8a40,0x0000000087380000)
 Metaspace       used 80384K, capacity 83872K, committed 84120K, reserved 1122304K
  class space    used 10450K, capacity 11125K, committed 11184K, reserved 1048576K
Event: 638.175 GC heap after
Heap after GC invocations=18 (full 3):
 PSYoungGen      total 288768K, used 17865K [0x00000000d5580000, 0x00000000eba00000, 0x0000000100000000)
  eden space 259584K, 0% used [0x00000000d5580000,0x00000000d5580000,0x00000000e5300000)
  from space 29184K, 61% used [0x00000000e5300000,0x00000000e6472568,0x00000000e6f80000)
  to   space 29696K, 0% used [0x00000000e9d00000,0x00000000e9d00000,0x00000000eba00000)
 ParOldGen       total 118272K, used 63876K [0x0000000080000000, 0x0000000087380000, 0x00000000d5580000)
  object space 118272K, 54% used [0x0000000080000000,0x0000000083e61120,0x0000000087380000)
 Metaspace       used 80384K, capacity 83872K, committed 84120K, reserved 1122304K
  class space    used 10450K, capacity 11125K, committed 11184K, reserved 1048576K
}
Event: 645.741 GC heap before
{Heap before GC invocations=19 (full 3):
 PSYoungGen      total 288768K, used 277443K [0x00000000d5580000, 0x00000000eba00000, 0x0000000100000000)
  eden space 259584K, 99% used [0x00000000d5580000,0x00000000e52fe6a8,0x00000000e5300000)
  from space 29184K, 61% used [0x00000000e5300000,0x00000000e6472568,0x00000000e6f80000)
  to   space 29696K, 0% used [0x00000000e9d00000,0x00000000e9d00000,0x00000000eba00000)
 ParOldGen       total 118272K, used 63876K [0x0000000080000000, 0x0000000087380000, 0x00000000d5580000)
  object space 118272K, 54% used [0x0000000080000000,0x0000000083e61120,0x0000000087380000)
 Metaspace       used 81538K, capacity 85184K, committed 85272K, reserved 1124352K
  class space    used 10611K, capacity 11293K, committed 11312K, reserved 1048576K
Event: 645.808 GC heap after
Heap after GC invocations=19 (full 3):
 PSYoungGen      total 332800K, used 23014K [0x00000000d5580000, 0x00000000ebc80000, 0x0000000100000000)
  eden space 303104K, 0% used [0x00000000d5580000,0x00000000d5580000,0x00000000e7d80000)
  from space 29696K, 77% used [0x00000000e9d00000,0x00000000eb379ad8,0x00000000eba00000)
  to   space 32256K, 0% used [0x00000000e7d80000,0x00000000e7d80000,0x00000000e9d00000)
 ParOldGen       total 118272K, used 63884K [0x0000000080000000, 0x0000000087380000, 0x00000000d5580000)
  object space 118272K, 54% used [0x0000000080000000,0x0000000083e63120,0x0000000087380000)
 Metaspace       used 81538K, capacity 85184K, committed 85272K, reserved 1124352K
  class space    used 10611K, capacity 11293K, committed 11312K, reserved 1048576K
}

Deoptimization events (10 events):
Event: 648.649 Thread 0x000000001a133000 Uncommon trap: reason=bimorphic action=maybe_recompile pc=0x0000000004c7a030 method=com.android.tools.r8.s.b.s1.a(Lcom/android/tools/r8/s/a/p/u;)Lcom/android/tools/r8/s/b/s1; @ 23
Event: 648.649 Thread 0x000000001a133000 Uncommon trap: reason=bimorphic action=maybe_recompile pc=0x0000000004c7a030 method=com.android.tools.r8.s.b.s1.a(Lcom/android/tools/r8/s/a/p/u;)Lcom/android/tools/r8/s/b/s1; @ 23
Event: 648.649 Thread 0x000000001a133000 Uncommon trap: reason=bimorphic action=maybe_recompile pc=0x00000000043f6884 method=com.android.tools.r8.s.b.s1.a(Lcom/android/tools/r8/s/a/p/u;)Lcom/android/tools/r8/s/b/s1; @ 23
Event: 648.665 Thread 0x000000001a138800 Uncommon trap: reason=unstable_if action=reinterpret pc=0x000000000427cd8c method=com.android.tools.r8.q.a.a.b.u0.b(I[Ljava/lang/Object;)Lcom/android/tools/r8/q/a/a/b/u0; @ 193
Event: 648.818 Thread 0x000000001a133000 Uncommon trap: reason=class_check action=maybe_recompile pc=0x00000000054de168 method=com.android.tools.r8.s.a.h.e.b(Lcom/android/tools/r8/s/b/k0;)V @ 133
Event: 648.819 Thread 0x000000001a133000 Uncommon trap: reason=class_check action=maybe_recompile pc=0x00000000054de168 method=com.android.tools.r8.s.a.h.e.b(Lcom/android/tools/r8/s/b/k0;)V @ 133
Event: 648.848 Thread 0x000000001a138800 Uncommon trap: reason=unstable_if action=reinterpret pc=0x00000000054c77bc method=com.android.tools.r8.ir.optimize.l.b(Lcom/android/tools/r8/s/b/k0;)Z @ 18
Event: 648.960 Thread 0x000000001a133000 Uncommon trap: reason=unstable_if action=reinterpret pc=0x000000000573b55c method=java.lang.StrictMath.floorOrCeil(DDDD)D @ 8
Event: 648.964 Thread 0x000000001a133000 Uncommon trap: reason=null_check action=make_not_entrant pc=0x000000000342aef0 method=com.android.tools.r8.s.b.k0.<init>(Lcom/android/tools/r8/s/b/q1;Ljava/util/List;)V @ 67
Event: 648.964 Thread 0x000000001a133000 Uncommon trap: reason=unstable_if action=reinterpret pc=0x00000000041d6620 method=com.android.tools.r8.s.b.k0.b(Lcom/android/tools/r8/s/b/q1;)V @ 1

Classes redefined (0 events):
No events

Internal exceptions (10 events):
Event: 645.666 Thread 0x000000001a136000 Exception <a 'java/lang/NoSuchMethodError': java.lang.Object.lambda$static$0(Ljava/lang/String;)Z> (0x00000000e4d72050) thrown at [C:\src\AOSP-openjdk-git\hotspot\src\share\vm\interpreter\linkResolver.cpp, line 620]
Event: 645.849 Thread 0x000000001a138800 Exception <a 'sun/nio/fs/WindowsException'> (0x00000000d5b16d18) thrown at [C:\src\AOSP-openjdk-git\hotspot\src\share\vm\prims\jni.cpp, line 710]
Event: 645.916 Thread 0x000000001a133000 Exception <a 'sun/nio/fs/WindowsException'> (0x00000000d5cf82d8) thrown at [C:\src\AOSP-openjdk-git\hotspot\src\share\vm\prims\jni.cpp, line 710]
Event: 646.437 Thread 0x000000001a133000 Exception <a 'java/lang/IncompatibleClassChangeError': Found class java.lang.Object, but interface was expected> (0x00000000d74746b0) thrown at [C:\src\AOSP-openjdk-git\hotspot\src\share\vm\interpreter\linkResolver.cpp, line 653]
Event: 646.437 Thread 0x000000001a138800 Exception <a 'java/lang/IncompatibleClassChangeError': Found class java.lang.Object, but interface was expected> (0x00000000d7460bf8) thrown at [C:\src\AOSP-openjdk-git\hotspot\src\share\vm\interpreter\linkResolver.cpp, line 653]
Event: 646.437 Thread 0x000000001a136000 Exception <a 'java/lang/IncompatibleClassChangeError': Found class java.lang.Object, but interface was expected> (0x00000000d7452d28) thrown at [C:\src\AOSP-openjdk-git\hotspot\src\share\vm\interpreter\linkResolver.cpp, line 653]
Event: 646.928 Thread 0x000000001a133000 Exception <a 'java/lang/NoSuchMethodError': java.lang.Object.b(Lcom/android/tools/r8/graph/p1$b;)Lcom/android/tools/r8/graph/p1$b;> (0x00000000d8308e90) thrown at [C:\src\AOSP-openjdk-git\hotspot\src\share\vm\interpreter\linkResolver.cpp, line 620]
Event: 646.992 Thread 0x000000001a138800 Exception <a 'java/lang/NoSuchMethodError': java.lang.Object.lambda$maxBy$1(Ljava/util/Comparator;Ljava/lang/Object;Ljava/lang/Object;)Ljava/lang/Object;> (0x00000000d84d56c0) thrown at [C:\src\AOSP-openjdk-git\hotspot\src\share\vm\interpreter\linkResolve
Event: 648.964 Thread 0x000000001a133000 Implicit null exception at 0x000000000342ae18 to 0x000000000342aee5
Event: 648.964 Thread 0x000000001a133000 Implicit null exception at 0x00000000041d61b9 to 0x00000000041d6609

Events (10 events):
Event: 649.021 loading class com/android/tools/r8/code/X2
Event: 649.021 loading class com/android/tools/r8/code/X2 done
Event: 649.021 loading class com/android/tools/r8/code/Y2
Event: 649.021 loading class com/android/tools/r8/code/Y2 done
Event: 649.021 loading class com/android/tools/r8/code/Z2
Event: 649.021 loading class com/android/tools/r8/code/Z2 done
Event: 649.022 loading class com/android/tools/r8/code/W2
Event: 649.022 loading class com/android/tools/r8/code/W2 done
Event: 649.022 loading class com/android/tools/r8/code/U2
Event: 649.022 loading class com/android/tools/r8/code/U2 done


Dynamic libraries:
0x00007ff78ccc0000 - 0x00007ff78ccf1000 	C:\Program Files\Android\Android Studio\jre\bin\java.exe
0x00007ffe56d30000 - 0x00007ffe56f26000 	C:\WINDOWS\SYSTEM32\ntdll.dll
0x00007ffe556b0000 - 0x00007ffe5576d000 	C:\WINDOWS\System32\KERNEL32.DLL
0x00007ffe54470000 - 0x00007ffe54739000 	C:\WINDOWS\System32\KERNELBASE.dll
0x00007ffe55ac0000 - 0x00007ffe55b6c000 	C:\WINDOWS\System32\ADVAPI32.dll
0x00007ffe55610000 - 0x00007ffe556ae000 	C:\WINDOWS\System32\msvcrt.dll
0x00007ffe55550000 - 0x00007ffe555ec000 	C:\WINDOWS\System32\sechost.dll
0x00007ffe550c0000 - 0x00007ffe551eb000 	C:\WINDOWS\System32\RPCRT4.dll
0x00007ffe55920000 - 0x00007ffe55ac0000 	C:\WINDOWS\System32\USER32.dll
0x00007ffe54d00000 - 0x00007ffe54d22000 	C:\WINDOWS\System32\win32u.dll
0x00007ffe56ba0000 - 0x00007ffe56bca000 	C:\WINDOWS\System32\GDI32.dll
0x00007ffe549e0000 - 0x00007ffe54ae9000 	C:\WINDOWS\System32\gdi32full.dll
0x00007ffe547f0000 - 0x00007ffe5488d000 	C:\WINDOWS\System32\msvcp_win.dll
0x00007ffe54890000 - 0x00007ffe54990000 	C:\WINDOWS\System32\ucrtbase.dll
0x00007ffe486d0000 - 0x00007ffe4896b000 	C:\WINDOWS\WinSxS\amd64_microsoft.windows.common-controls_6595b64144ccf1df_6.0.19041.488_none_ca04af081b815d21\COMCTL32.dll
0x00007ffe55520000 - 0x00007ffe55550000 	C:\WINDOWS\System32\IMM32.DLL
0x0000000058550000 - 0x0000000058622000 	C:\Program Files\Android\Android Studio\jre\jre\bin\msvcr100.dll
0x0000000058630000 - 0x0000000058e7b000 	C:\Program Files\Android\Android Studio\jre\jre\bin\server\jvm.dll
0x00007ffe55600000 - 0x00007ffe55608000 	C:\WINDOWS\System32\PSAPI.DLL
0x00007ffe469c0000 - 0x00007ffe469c9000 	C:\WINDOWS\SYSTEM32\WSOCK32.dll
0x00007ffe54f80000 - 0x00007ffe54feb000 	C:\WINDOWS\System32\WS2_32.dll
0x00007ffe4a8a0000 - 0x00007ffe4a8c7000 	C:\WINDOWS\SYSTEM32\WINMM.dll
0x00007ffe48f60000 - 0x00007ffe48f6a000 	C:\WINDOWS\SYSTEM32\VERSION.dll
0x00007ffe4be20000 - 0x00007ffe4be2f000 	C:\Program Files\Android\Android Studio\jre\jre\bin\verify.dll
0x00007ffe14730000 - 0x00007ffe14759000 	C:\Program Files\Android\Android Studio\jre\jre\bin\java.dll
0x00007ffe32530000 - 0x00007ffe32546000 	C:\Program Files\Android\Android Studio\jre\jre\bin\zip.dll
0x00007ffe560f0000 - 0x00007ffe56832000 	C:\WINDOWS\System32\SHELL32.dll
0x00007ffe52230000 - 0x00007ffe529c5000 	C:\WINDOWS\SYSTEM32\windows.storage.dll
0x00007ffe56840000 - 0x00007ffe56b96000 	C:\WINDOWS\System32\combase.dll
0x00007ffe53ee0000 - 0x00007ffe53f0c000 	C:\WINDOWS\SYSTEM32\Wldp.dll
0x00007ffe55390000 - 0x00007ffe5543e000 	C:\WINDOWS\System32\SHCORE.dll
0x00007ffe54e40000 - 0x00007ffe54e95000 	C:\WINDOWS\System32\shlwapi.dll
0x00007ffe543a0000 - 0x00007ffe543c6000 	C:\WINDOWS\SYSTEM32\profapi.dll
0x00007ffe16220000 - 0x00007ffe1623a000 	C:\Program Files\Android\Android Studio\jre\jre\bin\net.dll
0x00007ffe53c10000 - 0x00007ffe53c7a000 	C:\WINDOWS\system32\mswsock.dll
0x00007ffe147a0000 - 0x00007ffe147b3000 	C:\Program Files\Android\Android Studio\jre\jre\bin\nio.dll
0x00007ffe4be30000 - 0x00007ffe4be57000 	C:\Users\lea\.gradle\native\f6784746aeab05261644944871eae4fe03e0ef1612fff0a4a95f87b438bc6780\windows-amd64\native-platform.dll
0x00007ffe493f0000 - 0x00007ffe493fd000 	C:\Program Files\Android\Android Studio\jre\jre\bin\management.dll
0x00007ffe53e10000 - 0x00007ffe53e28000 	C:\WINDOWS\SYSTEM32\CRYPTSP.dll
0x00007ffe53540000 - 0x00007ffe53574000 	C:\WINDOWS\system32\rsaenh.dll
0x00007ffe54af0000 - 0x00007ffe54b17000 	C:\WINDOWS\System32\bcrypt.dll
0x00007ffe54360000 - 0x00007ffe5438e000 	C:\WINDOWS\SYSTEM32\USERENV.dll
0x00007ffe54b20000 - 0x00007ffe54ba0000 	C:\WINDOWS\System32\bcryptprimitives.dll
0x00007ffe53e30000 - 0x00007ffe53e3c000 	C:\WINDOWS\SYSTEM32\CRYPTBASE.dll
0x00007ffe538c0000 - 0x00007ffe538fb000 	C:\WINDOWS\SYSTEM32\IPHLPAPI.DLL
0x00007ffe55380000 - 0x00007ffe55388000 	C:\WINDOWS\System32\NSI.dll
0x00007ffe4cc10000 - 0x00007ffe4cc27000 	C:\WINDOWS\SYSTEM32\dhcpcsvc6.DLL
0x00007ffe4de30000 - 0x00007ffe4de4d000 	C:\WINDOWS\SYSTEM32\dhcpcsvc.DLL
0x00007ffe53900000 - 0x00007ffe539cb000 	C:\WINDOWS\SYSTEM32\DNSAPI.dll
0x00007ffe4e440000 - 0x00007ffe4e44b000 	C:\WINDOWS\SYSTEM32\WINNSI.DLL

VM Arguments:
jvm_args: -Xmx2048m -Dfile.encoding=UTF-8 -Duser.country=US -Duser.language=en -Duser.variant 
java_command: org.gradle.launcher.daemon.bootstrap.GradleDaemon 6.5
java_class_path (initial): C:\Users\lea\.gradle\wrapper\dists\gradle-6.5-bin\6nifqtx7604sqp1q6g8wikw7p\gradle-6.5\lib\gradle-launcher-6.5.jar
Launcher Type: SUN_STANDARD

Environment Variables:
PATH=C:\Program Files\Common Files\Oracle\Java\javapath;C:\Program Files\Intel\iCLS Client\;C:\WINDOWS\system32;C:\WINDOWS;C:\WINDOWS\System32\Wbem;C:\WINDOWS\System32\WindowsPowerShell\v1.0\;C:\WINDOWS\System32\OpenSSH\;C:\Program Files\Intel\WiFi\bin\;C:\Program Files\Common Files\Intel\WirelessCommon\;C:\Program Files\Git\cmd;C:\Program Files\nodejs\;C:\Program Files (x86)\Intel\Intel(R) Management Engine Components\DAL;C:\Program Files\Intel\Intel(R) Management Engine Components\DAL;C:\Program Files (x86)\Gow\bin;C:\Program Files\Microsoft SQL Server\120\Tools\Binn\;C:\Program Files\Java\jdk-15.0.1\bin;;C:\Program Files\Git LFS;C:\Users\lea\AppData\Local\Microsoft\WindowsApps;C:\Program Files\JetBrains\IntelliJ IDEA Community Edition 2020.2.3\bin;;C:\Users\lea\AppData\Local\Programs\Microsoft VS Code\bin;C:\Program Files\JetBrains\JetBrains Rider 2020.2.4\bin;;C:\Users\lea\AppData\Local\GitHubDesktop\bin
USERNAME=lea
OS=Windows_NT
PROCESSOR_IDENTIFIER=Intel64 Family 6 Model 142 Stepping 9, GenuineIntel



---------------  S Y S T E M  ---------------

OS: Windows 10.0 , 64 bit Build 19041 (10.0.19041.662)

CPU:total 4 (initial active 4) (2 cores per cpu, 2 threads per core) family 6 model 142 stepping 9, cmov, cx8, fxsr, mmx, sse, sse2, sse3, ssse3, sse4.1, sse4.2, popcnt, avx, avx2, aes, clmul, erms, 3dnowpref, lzcnt, ht, tsc, tscinvbit, bmi1, bmi2, adx

Memory: 4k page, physical 8251340k(1385040k free), swap 9299916k(5152k free)

vm_info: OpenJDK 64-Bit Server VM (25.242-b01) for windows-amd64 JRE (1.8.0_242-release-1644-b01), built by "builder" with MS VC++ 10.0 (VS2010)

time: Thu Dec 10 14:09:39 2020
timezone: Jerusalem Standard Time
elapsed time: 649 seconds (0d 0h 10m 49s)

